Build started 29.5.2012 г. 17:42:30 ч..
     1>Project "E:\CECI\Programming\MyPrograms\OpenGL\OpenGL Tasks\McKesson\Tutorial 0.3.8\glsdk\glmesh\glmesh.vcxproj" on node 4 (rebuild target(s)).
     1>PrepareForBuild:
         Creating directory "lib\".
       InitializeBuildStatus:
         Creating "Debug\glmesh.unsuccessfulbuild" because "AlwaysCreate" was specified.
       ClCompile:
         C:\Program Files (x86)\Microsoft Visual Studio 10.0\VC\bin\CL.exe /c /Iinclude /Isource /I..\glload\include /I..\glutil\include /I..\glm /ZI /nologo /W3 /WX- /Od /Oy- /D _CRT_SECURE_NO_WARNINGS /D _SCL_SECURE_NO_WARNINGS /D WIN32 /D DEBUG /D _DEBUG /D MEMORY_DEBUGGING /D _UNICODE /D UNICODE /Gm /EHsc /RTC1 /MDd /GS /Gy /fp:precise /Zc:wchar_t /Zc:forScope /Fo"Debug\\" /Fd"Debug\vc100.pdb" /Gd /TP /analyze- /errorReport:prompt source\Draw.cpp source\GenHelper.cpp source\Mesh.cpp source\Quadrics.cpp source\StreamBuffer.cpp source\VertexFormat.cpp
         VertexFormat.cpp
         StreamBuffer.cpp
         Quadrics.cpp
         Mesh.cpp
         GenHelper.cpp
         Draw.cpp
         Generating Code...
       Lib:
         C:\Program Files (x86)\Microsoft Visual Studio 10.0\VC\bin\Lib.exe /OUT:"lib\glmeshD.lib" /NOLOGO Debug\Draw.obj
         Debug\GenHelper.obj
         Debug\Mesh.obj
         Debug\Quadrics.obj
         Debug\StreamBuffer.obj
         Debug\VertexFormat.obj
         glmesh.vcxproj -> E:\CECI\Programming\MyPrograms\OpenGL\OpenGL Tasks\McKesson\Tutorial 0.3.8\glsdk\glmesh\lib\glmeshD.lib
       FinalizeBuildStatus:
         Deleting file "Debug\glmesh.unsuccessfulbuild".
         Touching "Debug\glmesh.lastbuildstate".
     1>Done Building Project "E:\CECI\Programming\MyPrograms\OpenGL\OpenGL Tasks\McKesson\Tutorial 0.3.8\glsdk\glmesh\glmesh.vcxproj" (rebuild target(s)).

Build succeeded.

Time Elapsed 00:00:04.10
