Build started 8.9.2012 г. 19:19:00 ч..
     1>Project "E:\CECI\TheGame\Source\StarGame\GUISystem\GUISystem.vcxproj" on node 5 (rebuild target(s)).
     1>_PrepareForClean:
         Deleting file "Release\GUISystem.lastbuildstate".
       InitializeBuildStatus:
         Creating "Release\GUISystem.unsuccessfulbuild" because "AlwaysCreate" was specified.
       ClCompile:
         C:\Program Files (x86)\Microsoft Visual Studio 10.0\VC\bin\CL.exe /c /I..\freetype\include /Zi /nologo /W3 /WX- /O2 /Oi /Oy- /GL /D WIN32 /D NDEBUG /D _LIB /D _UNICODE /D UNICODE /Gm- /EHsc /MD /GS /Gy /fp:precise /Zc:wchar_t /Zc:forScope /Yc"StdAfx.h" /Fp"Release\GUISystem.pch" /Fo"Release\\" /Fd"Release\vc100.pdb" /Gd /TP /analyze- /errorReport:prompt stdafx.cpp
         stdafx.cpp
         C:\Program Files (x86)\Microsoft Visual Studio 10.0\VC\bin\CL.exe /c /I..\freetype\include /Zi /nologo /W3 /WX- /O2 /Oi /Oy- /GL /D WIN32 /D NDEBUG /D _LIB /D _UNICODE /D UNICODE /Gm- /EHsc /MD /GS /Gy /fp:precise /Zc:wchar_t /Zc:forScope /Yu"StdAfx.h" /Fp"Release\GUISystem.pch" /Fo"Release\\" /Fd"Release\vc100.pdb" /Gd /TP /analyze- /errorReport:prompt Control.cpp Layout.cpp
         Control.cpp
         Layout.cpp
       Lib:
         C:\Program Files (x86)\Microsoft Visual Studio 10.0\VC\bin\Lib.exe /OUT:"E:\CECI\TheGame\Source\StarGame\Release\GUISystem.lib" /NOLOGO /LTCG Release\Control.obj
         Release\Layout.obj
         Release\stdafx.obj
         GUISystem.vcxproj -> E:\CECI\TheGame\Source\StarGame\Release\GUISystem.lib
       FinalizeBuildStatus:
         Deleting file "Release\GUISystem.unsuccessfulbuild".
         Touching "Release\GUISystem.lastbuildstate".
     1>Done Building Project "E:\CECI\TheGame\Source\StarGame\GUISystem\GUISystem.vcxproj" (rebuild target(s)).

Build succeeded.

Time Elapsed 00:00:04.91
