Build started 29.5.2012 г. 17:42:38 ч..
     1>Project "E:\CECI\Programming\MyPrograms\OpenGL\OpenGL Tasks\McKesson\Tutorial 0.3.8\glsdk\glimg\glimg.vcxproj" on node 4 (rebuild target(s)).
     1>InitializeBuildStatus:
         Creating "Release\glimg.unsuccessfulbuild" because "AlwaysCreate" was specified.
       ClCompile:
         C:\Program Files (x86)\Microsoft Visual Studio 10.0\VC\bin\CL.exe /c /Iinclude /Isource /I..\glload\include /nologo /W4 /WX- /O2 /Oy /GL /D _CRT_SECURE_NO_WARNINGS /D _SCL_SECURE_NO_WARNINGS /D WIN32 /D NDEBUG /D RELEASE /D _UNICODE /D UNICODE /GF /Gm- /EHsc /MD /GS /Gy /fp:precise /Zc:wchar_t /Zc:forScope /Fo"Release\\" /Fd"Release\vc100.pdb" /Gd /TP /analyze- /errorReport:prompt source\DdsLoader.cpp source\ImageCreator.cpp source\ImageFormat.cpp source\ImageSet.cpp source\ImageSetImpl.cpp source\StbLoader.cpp source\TestLoader.cpp source\TextureGenerator.cpp source\Util.cpp
         DdsLoader.cpp
     1>include\glimg/ImageCreator.h(136): warning C4512: 'glimg::ImageCreator' : assignment operator could not be generated
                 include\glimg/ImageCreator.h(47) : see declaration of 'glimg::ImageCreator'
     1>source\DdsLoader.cpp(28): warning C4100: 'header' : unreferenced formal parameter
     1>source\DdsLoader.cpp(78): warning C4100: 'header10' : unreferenced formal parameter
         ImageCreator.cpp
     1>include\glimg/ImageCreator.h(136): warning C4512: 'glimg::ImageCreator' : assignment operator could not be generated
                 include\glimg/ImageCreator.h(47) : see declaration of 'glimg::ImageCreator'
     1>source\ImageCreator.cpp(40): warning C4189: 'bpp' : local variable is initialized but not referenced
     1>source\ImageCreator.cpp(54): warning C4100: 'mipmapLevel' : unreferenced formal parameter
     1>source\ImageCreator.cpp(182): warning C4100: 'mipmapLevel' : unreferenced formal parameter
                 source\ImageCreator.cpp(299) : see reference to function template instantiation 'const void *glimg::`anonymous-namespace'::CopyBCFlipped<void(__cdecl *)(unsigned char *,const unsigned char *)>(unsigned char *,const glimg::Dimensions &,const glimg::ImageFormat &,int,const void *,int,FlipFunc)' being compiled
                 with
                 [
                     FlipFunc=void (__cdecl *)(unsigned char *,const unsigned char *)
                 ]
         ImageFormat.cpp
         ImageSet.cpp
     1>include\glimg/ImageCreator.h(136): warning C4512: 'glimg::ImageCreator' : assignment operator could not be generated
                 include\glimg/ImageCreator.h(47) : see declaration of 'glimg::ImageCreator'
         ImageSetImpl.cpp
     1>include\glimg/ImageCreator.h(136): warning C4512: 'glimg::ImageCreator' : assignment operator could not be generated
                 include\glimg/ImageCreator.h(47) : see declaration of 'glimg::ImageCreator'
         StbLoader.cpp
     1>include\glimg/ImageCreator.h(136): warning C4512: 'glimg::ImageCreator' : assignment operator could not be generated
                 include\glimg/ImageCreator.h(47) : see declaration of 'glimg::ImageCreator'
         TestLoader.cpp
     1>include\glimg/ImageCreator.h(136): warning C4512: 'glimg::ImageCreator' : assignment operator could not be generated
                 include\glimg/ImageCreator.h(47) : see declaration of 'glimg::ImageCreator'
         TextureGenerator.cpp
     1>include\glimg/ImageCreator.h(136): warning C4512: 'glimg::ImageCreator' : assignment operator could not be generated
                 include\glimg/ImageCreator.h(47) : see declaration of 'glimg::ImageCreator'
     1>source\TextureGenerator.cpp(208): warning C4100: 'forceConvertBits' : unreferenced formal parameter
     1>source\TextureGenerator.cpp(228): warning C4100: 'forceConvertBits' : unreferenced formal parameter
     1>source\TextureGenerator.cpp(269): warning C4100: 'forceConvertBits' : unreferenced formal parameter
     1>source\TextureGenerator.cpp(753): warning C4100: 'forceConvertBits' : unreferenced formal parameter
     1>source\TextureGenerator.cpp(958): warning C4100: 'forceConvertBits' : unreferenced formal parameter
     1>source\TextureGenerator.cpp(1162): warning C4100: 'texTarget' : unreferenced formal parameter
     1>source\TextureGenerator.cpp(1424): warning C4100: 'upload' : unreferenced formal parameter
     1>source\TextureGenerator.cpp(1424): warning C4100: 'internalFormat' : unreferenced formal parameter
     1>source\TextureGenerator.cpp(1424): warning C4100: 'forceConvertBits' : unreferenced formal parameter
     1>source\TextureGenerator.cpp(1423): warning C4100: 'pImage' : unreferenced formal parameter
     1>source\TextureGenerator.cpp(1423): warning C4100: 'textureName' : unreferenced formal parameter
     1>source\TextureGenerator.cpp(1458): warning C4100: 'upload' : unreferenced formal parameter
     1>source\TextureGenerator.cpp(1458): warning C4100: 'internalFormat' : unreferenced formal parameter
     1>source\TextureGenerator.cpp(1458): warning C4100: 'forceConvertBits' : unreferenced formal parameter
     1>source\TextureGenerator.cpp(1457): warning C4100: 'pImage' : unreferenced formal parameter
     1>source\TextureGenerator.cpp(1457): warning C4100: 'textureName' : unreferenced formal parameter
     1>source\TextureGenerator.cpp(1466): warning C4100: 'upload' : unreferenced formal parameter
     1>source\TextureGenerator.cpp(1466): warning C4100: 'internalFormat' : unreferenced formal parameter
     1>source\TextureGenerator.cpp(1466): warning C4100: 'forceConvertBits' : unreferenced formal parameter
     1>source\TextureGenerator.cpp(1465): warning C4100: 'pImage' : unreferenced formal parameter
     1>source\TextureGenerator.cpp(1465): warning C4100: 'textureName' : unreferenced formal parameter
     1>source\TextureGenerator.cpp(1607): warning C4245: 'return' : conversion from 'int' to 'GLenum', signed/unsigned mismatch
         Util.cpp
     1>include\glimg/ImageCreator.h(136): warning C4512: 'glimg::ImageCreator' : assignment operator could not be generated
                 include\glimg/ImageCreator.h(47) : see declaration of 'glimg::ImageCreator'
         C:\Program Files (x86)\Microsoft Visual Studio 10.0\VC\bin\CL.exe /c /Iinclude /Isource /I..\glload\include /nologo /W4 /WX- /O2 /Oy /GL /D _CRT_SECURE_NO_WARNINGS /D _SCL_SECURE_NO_WARNINGS /D WIN32 /D NDEBUG /D RELEASE /D _UNICODE /D UNICODE /GF /Gm- /EHsc /MD /GS /Gy /fp:precise /Zc:wchar_t /Zc:forScope /Fo"Release\\" /Fd"Release\vc100.pdb" /Gd /TC /analyze- /errorReport:prompt source\stb_image.c
         stb_image.c
       Lib:
         C:\Program Files (x86)\Microsoft Visual Studio 10.0\VC\bin\Lib.exe /OUT:"lib\glimg.lib" /NOLOGO /LTCG Release\DdsLoader.obj
         Release\ImageCreator.obj
         Release\ImageFormat.obj
         Release\ImageSet.obj
         Release\ImageSetImpl.obj
         Release\StbLoader.obj
         Release\TestLoader.obj
         Release\TextureGenerator.obj
         Release\Util.obj
         Release\stb_image.obj
         glimg.vcxproj -> E:\CECI\Programming\MyPrograms\OpenGL\OpenGL Tasks\McKesson\Tutorial 0.3.8\glsdk\glimg\lib\glimg.lib
       FinalizeBuildStatus:
         Deleting file "Release\glimg.unsuccessfulbuild".
         Touching "Release\glimg.lastbuildstate".
     1>Done Building Project "E:\CECI\Programming\MyPrograms\OpenGL\OpenGL Tasks\McKesson\Tutorial 0.3.8\glsdk\glimg\glimg.vcxproj" (rebuild target(s)).

Build succeeded.

Time Elapsed 00:00:03.97
