E:\CECI\TheGame\Source\StarGame\Mouse\Release\cl.command.1.tlog
E:\CECI\TheGame\Source\StarGame\Mouse\Release\CL.read.1.tlog
E:\CECI\TheGame\Source\StarGame\Mouse\Release\CL.write.1.tlog
E:\CECI\THEGAME\SOURCE\STARGAME\MOUSE\RELEASE\DLLMAIN.OBJ
E:\CECI\TheGame\Source\StarGame\Mouse\Release\link.command.1.tlog
E:\CECI\TheGame\Source\StarGame\Mouse\Release\link.read.1.tlog
E:\CECI\TheGame\Source\StarGame\Mouse\Release\link.write.1.tlog
E:\CECI\THEGAME\SOURCE\STARGAME\MOUSE\RELEASE\MOUSE.DLL.INTERMEDIATE.MANIFEST
E:\CECI\THEGAME\SOURCE\STARGAME\MOUSE\RELEASE\MOUSE.OBJ
E:\CECI\THEGAME\SOURCE\STARGAME\MOUSE\RELEASE\MOUSE.PCH
E:\CECI\TheGame\Source\StarGame\Mouse\Release\Mouse.write.1.tlog
E:\CECI\TheGame\Source\StarGame\Mouse\Release\mt.command.1.tlog
E:\CECI\TheGame\Source\StarGame\Mouse\Release\mt.read.1.tlog
E:\CECI\TheGame\Source\StarGame\Mouse\Release\mt.write.1.tlog
E:\CECI\THEGAME\SOURCE\STARGAME\MOUSE\RELEASE\STDAFX.OBJ
E:\CECI\THEGAME\SOURCE\STARGAME\MOUSE\RELEASE\VC100.PDB
E:\CECI\THEGAME\SOURCE\STARGAME\RELEASE\MOUSE.DLL
E:\CECI\TheGame\Source\StarGame\Release\Mouse.exp
E:\CECI\TheGame\Source\StarGame\Release\Mouse.lib
E:\CECI\THEGAME\SOURCE\STARGAME\RELEASE\MOUSE.PDB
