Build started 16.7.2012 г. 15:21:47 ч..
     1>Project "E:\CECI\TheGame\Source\StarGame\Mouse\Mouse.vcxproj" on node 3 (build target(s)).
     1>InitializeBuildStatus:
         Creating "Release\Mouse.unsuccessfulbuild" because "AlwaysCreate" was specified.
       ClCompile:
         All outputs are up-to-date.
         All outputs are up-to-date.
         C:\Program Files (x86)\Microsoft Visual Studio 10.0\VC\bin\CL.exe /c /Zi /nologo /W3 /WX- /O2 /Oi /Oy- /GL /D WIN32 /D NDEBUG /D _WINDOWS /D _USRDLL /D MOUSE_EXPORTS /D _WINDLL /D _UNICODE /D UNICODE /Gm- /EHsc /MD /GS /Gy /fp:precise /Zc:wchar_t /Zc:forScope /Yu"StdAfx.h" /Fp"Release\Mouse.pch" /Fo"Release\\" /Fd"Release\vc100.pdb" /Gd /TP /analyze- /errorReport:prompt Mouse.cpp
         Mouse.cpp
       Link:
         C:\Program Files (x86)\Microsoft Visual Studio 10.0\VC\bin\link.exe /ERRORREPORT:PROMPT /OUT:"E:\CECI\TheGame\Source\StarGame\Release\Mouse.dll" /INCREMENTAL:NO /NOLOGO kernel32.lib user32.lib gdi32.lib winspool.lib comdlg32.lib advapi32.lib shell32.lib ole32.lib oleaut32.lib uuid.lib odbc32.lib odbccp32.lib /MANIFEST /ManifestFile:"Release\Mouse.dll.intermediate.manifest" /MANIFESTUAC:"level='asInvoker' uiAccess='false'" /DEBUG /PDB:"E:\CECI\TheGame\Source\StarGame\Release\Mouse.pdb" /SUBSYSTEM:WINDOWS /OPT:REF /OPT:ICF /LTCG /TLBID:1 /DYNAMICBASE /NXCOMPAT /IMPLIB:"E:\CECI\TheGame\Source\StarGame\Release\Mouse.lib" /MACHINE:X86 /DLL Release\dllmain.obj
         Release\Mouse.obj
         Release\stdafx.obj
         E:\CECI\TheGame\Source\StarGame\framework\lib\framework.lib
         E:\CECI\TheGame\Source\StarGame\Release\ProgramData.lib
            Creating library E:\CECI\TheGame\Source\StarGame\Release\Mouse.lib and object E:\CECI\TheGame\Source\StarGame\Release\Mouse.exp
         Generating code
         Finished generating code
         Mouse.vcxproj -> E:\CECI\TheGame\Source\StarGame\Release\Mouse.dll
       Manifest:
         C:\Program Files (x86)\Microsoft SDKs\Windows\v7.0A\bin\mt.exe /nologo /verbose /outputresource:"E:\CECI\TheGame\Source\StarGame\Release\Mouse.dll;#2" /manifest Release\Mouse.dll.intermediate.manifest
       FinalizeBuildStatus:
         Deleting file "Release\Mouse.unsuccessfulbuild".
         Touching "Release\Mouse.lastbuildstate".
     1>Done Building Project "E:\CECI\TheGame\Source\StarGame\Mouse\Mouse.vcxproj" (build target(s)).

Build succeeded.

Time Elapsed 00:00:01.87
