Build started 14.9.2012 г. 20:21:42 ч..
     1>Project "E:\CECI\TheGame\Source\StarGame\Camera\Camera.vcxproj" on node 5 (rebuild target(s)).
     1>_PrepareForClean:
         Deleting file "Release\Camera.lastbuildstate".
       InitializeBuildStatus:
         Creating "Release\Camera.unsuccessfulbuild" because "AlwaysCreate" was specified.
       ClCompile:
         C:\Program Files (x86)\Microsoft Visual Studio 10.0\VC\bin\CL.exe /c /Zi /nologo /W3 /WX- /O2 /Oi /Oy- /GL /D WIN32 /D NDEBUG /D _LIB /D _UNICODE /D UNICODE /Gm- /EHsc /MD /GS /Gy /fp:precise /Zc:wchar_t /Zc:forScope /Yc"StdAfx.h" /Fp"Release\Camera.pch" /Fo"Release\\" /Fd"Release\vc100.pdb" /Gd /TP /analyze- /errorReport:prompt stdafx.cpp
         stdafx.cpp
         C:\Program Files (x86)\Microsoft Visual Studio 10.0\VC\bin\CL.exe /c /Zi /nologo /W3 /WX- /O2 /Oi /Oy- /GL /D WIN32 /D NDEBUG /D _LIB /D _UNICODE /D UNICODE /Gm- /EHsc /MD /GS /Gy /fp:precise /Zc:wchar_t /Zc:forScope /Yu"StdAfx.h" /Fp"Release\Camera.pch" /Fo"Release\\" /Fd"Release\vc100.pdb" /Gd /TP /analyze- /errorReport:prompt TopDownCamera.cpp
         TopDownCamera.cpp
       Lib:
         C:\Program Files (x86)\Microsoft Visual Studio 10.0\VC\bin\Lib.exe /OUT:"E:\CECI\TheGame\Source\StarGame\Release\Camera.lib" /NOLOGO /LTCG Release\stdafx.obj
         Release\TopDownCamera.obj
         Camera.vcxproj -> E:\CECI\TheGame\Source\StarGame\Release\Camera.lib
       FinalizeBuildStatus:
         Deleting file "Release\Camera.unsuccessfulbuild".
         Touching "Release\Camera.lastbuildstate".
     1>Done Building Project "E:\CECI\TheGame\Source\StarGame\Camera\Camera.vcxproj" (rebuild target(s)).

Build succeeded.

Time Elapsed 00:00:00.32
