Build started 13.11.2012 г. 08:13:56 ч..
     1>Project "E:\CECI\TheGame\Source\StarGame\Scene\Scene.vcxproj" on node 2 (rebuild target(s)).
     1>_PrepareForClean:
         Deleting file "Release\Scene.lastbuildstate".
       InitializeBuildStatus:
         Creating "Release\Scene.unsuccessfulbuild" because "AlwaysCreate" was specified.
       ClCompile:
         C:\Program Files (x86)\Microsoft Visual Studio 10.0\VC\bin\CL.exe /c /I..\freetype\include /Zi /nologo /W3 /WX- /O2 /Oi /Oy- /GL /D WIN32 /D NDEBUG /D _LIB /D _UNICODE /D UNICODE /Gm- /EHsc /MD /GS /Gy /fp:precise /Zc:wchar_t /Zc:forScope /Yc"StdAfx.h" /Fp"Release\Scene.pch" /Fo"Release\\" /Fd"Release\vc100.pdb" /Gd /TP /analyze- /errorReport:prompt stdafx.cpp
         stdafx.cpp
         C:\Program Files (x86)\Microsoft Visual Studio 10.0\VC\bin\CL.exe /c /I..\freetype\include /Zi /nologo /W3 /WX- /O2 /Oi /Oy- /GL /D WIN32 /D NDEBUG /D _LIB /D _UNICODE /D UNICODE /Gm- /EHsc /MD /GS /Gy /fp:precise /Zc:wchar_t /Zc:forScope /Yu"StdAfx.h" /Fp"Release\Scene.pch" /Fo"Release\\" /Fd"Release\vc100.pdb" /Gd /TP /analyze- /errorReport:prompt Scene.cpp
         Scene.cpp
       Lib:
         C:\Program Files (x86)\Microsoft Visual Studio 10.0\VC\bin\Lib.exe /OUT:"E:\CECI\TheGame\Source\StarGame\Release\Scene.lib" /NOLOGO /LTCG Release\Scene.obj
         Release\stdafx.obj
         Scene.vcxproj -> E:\CECI\TheGame\Source\StarGame\Release\Scene.lib
       FinalizeBuildStatus:
         Deleting file "Release\Scene.unsuccessfulbuild".
         Touching "Release\Scene.lastbuildstate".
     1>Done Building Project "E:\CECI\TheGame\Source\StarGame\Scene\Scene.vcxproj" (rebuild target(s)).

Build succeeded.

Time Elapsed 00:00:00.99
