E:\CECI\THEGAME\SOURCE\STARGAME\DEBUG\MOUSE.DLL
E:\CECI\TheGame\Source\StarGame\Debug\Mouse.exp
E:\CECI\THEGAME\SOURCE\STARGAME\DEBUG\MOUSE.ILK
E:\CECI\TheGame\Source\StarGame\Debug\Mouse.lib
E:\CECI\THEGAME\SOURCE\STARGAME\DEBUG\MOUSE.PDB
E:\CECI\TheGame\Source\StarGame\Mouse\Debug\cl.command.1.tlog
E:\CECI\TheGame\Source\StarGame\Mouse\Debug\CL.read.1.tlog
E:\CECI\TheGame\Source\StarGame\Mouse\Debug\CL.write.1.tlog
E:\CECI\THEGAME\SOURCE\STARGAME\MOUSE\DEBUG\DLLMAIN.OBJ
E:\CECI\TheGame\Source\StarGame\Mouse\Debug\link.1220.read.1.tlog
E:\CECI\TheGame\Source\StarGame\Mouse\Debug\link.1220.write.1.tlog
E:\CECI\TheGame\Source\StarGame\Mouse\Debug\link.1220-cvtres.read.1.tlog
E:\CECI\TheGame\Source\StarGame\Mouse\Debug\link.1220-cvtres.write.1.tlog
E:\CECI\TheGame\Source\StarGame\Mouse\Debug\link.2144.read.1.tlog
E:\CECI\TheGame\Source\StarGame\Mouse\Debug\link.2144.write.1.tlog
E:\CECI\TheGame\Source\StarGame\Mouse\Debug\link.2144-cvtres.read.1.tlog
E:\CECI\TheGame\Source\StarGame\Mouse\Debug\link.2144-cvtres.write.1.tlog
E:\CECI\TheGame\Source\StarGame\Mouse\Debug\link.4400.read.1.tlog
E:\CECI\TheGame\Source\StarGame\Mouse\Debug\link.4400.write.1.tlog
E:\CECI\TheGame\Source\StarGame\Mouse\Debug\link.4400-cvtres.read.1.tlog
E:\CECI\TheGame\Source\StarGame\Mouse\Debug\link.4400-cvtres.write.1.tlog
E:\CECI\TheGame\Source\StarGame\Mouse\Debug\link.4952.read.1.tlog
E:\CECI\TheGame\Source\StarGame\Mouse\Debug\link.4952.write.1.tlog
E:\CECI\TheGame\Source\StarGame\Mouse\Debug\link.4952-cvtres.read.1.tlog
E:\CECI\TheGame\Source\StarGame\Mouse\Debug\link.4952-cvtres.write.1.tlog
E:\CECI\TheGame\Source\StarGame\Mouse\Debug\link.5020.read.1.tlog
E:\CECI\TheGame\Source\StarGame\Mouse\Debug\link.5020.write.1.tlog
E:\CECI\TheGame\Source\StarGame\Mouse\Debug\link.5020-cvtres.read.1.tlog
E:\CECI\TheGame\Source\StarGame\Mouse\Debug\link.5020-cvtres.write.1.tlog
E:\CECI\TheGame\Source\StarGame\Mouse\Debug\link.5072.read.1.tlog
E:\CECI\TheGame\Source\StarGame\Mouse\Debug\link.5072.write.1.tlog
E:\CECI\TheGame\Source\StarGame\Mouse\Debug\link.5072-cvtres.read.1.tlog
E:\CECI\TheGame\Source\StarGame\Mouse\Debug\link.5072-cvtres.write.1.tlog
E:\CECI\TheGame\Source\StarGame\Mouse\Debug\link.5520.read.1.tlog
E:\CECI\TheGame\Source\StarGame\Mouse\Debug\link.5520.write.1.tlog
E:\CECI\TheGame\Source\StarGame\Mouse\Debug\link.5520-cvtres.read.1.tlog
E:\CECI\TheGame\Source\StarGame\Mouse\Debug\link.5520-cvtres.write.1.tlog
E:\CECI\TheGame\Source\StarGame\Mouse\Debug\link.5608.read.1.tlog
E:\CECI\TheGame\Source\StarGame\Mouse\Debug\link.5608.write.1.tlog
E:\CECI\TheGame\Source\StarGame\Mouse\Debug\link.5608-cvtres.read.1.tlog
E:\CECI\TheGame\Source\StarGame\Mouse\Debug\link.5608-cvtres.write.1.tlog
E:\CECI\TheGame\Source\StarGame\Mouse\Debug\link.604.read.1.tlog
E:\CECI\TheGame\Source\StarGame\Mouse\Debug\link.604.write.1.tlog
E:\CECI\TheGame\Source\StarGame\Mouse\Debug\link.604-cvtres.read.1.tlog
E:\CECI\TheGame\Source\StarGame\Mouse\Debug\link.604-cvtres.write.1.tlog
E:\CECI\TheGame\Source\StarGame\Mouse\Debug\link.6256.read.1.tlog
E:\CECI\TheGame\Source\StarGame\Mouse\Debug\link.6256.write.1.tlog
E:\CECI\TheGame\Source\StarGame\Mouse\Debug\link.6256-cvtres.read.1.tlog
E:\CECI\TheGame\Source\StarGame\Mouse\Debug\link.6256-cvtres.write.1.tlog
E:\CECI\TheGame\Source\StarGame\Mouse\Debug\link.6480.read.1.tlog
E:\CECI\TheGame\Source\StarGame\Mouse\Debug\link.6480.write.1.tlog
E:\CECI\TheGame\Source\StarGame\Mouse\Debug\link.6480-cvtres.read.1.tlog
E:\CECI\TheGame\Source\StarGame\Mouse\Debug\link.6480-cvtres.write.1.tlog
E:\CECI\TheGame\Source\StarGame\Mouse\Debug\link.6772.read.1.tlog
E:\CECI\TheGame\Source\StarGame\Mouse\Debug\link.6772.write.1.tlog
E:\CECI\TheGame\Source\StarGame\Mouse\Debug\link.6772-cvtres.read.1.tlog
E:\CECI\TheGame\Source\StarGame\Mouse\Debug\link.6772-cvtres.write.1.tlog
E:\CECI\TheGame\Source\StarGame\Mouse\Debug\link.7464.read.1.tlog
E:\CECI\TheGame\Source\StarGame\Mouse\Debug\link.7464.write.1.tlog
E:\CECI\TheGame\Source\StarGame\Mouse\Debug\link.7464-cvtres.read.1.tlog
E:\CECI\TheGame\Source\StarGame\Mouse\Debug\link.7464-cvtres.write.1.tlog
E:\CECI\TheGame\Source\StarGame\Mouse\Debug\link.8120.read.1.tlog
E:\CECI\TheGame\Source\StarGame\Mouse\Debug\link.8120.write.1.tlog
E:\CECI\TheGame\Source\StarGame\Mouse\Debug\link.8120-cvtres.read.1.tlog
E:\CECI\TheGame\Source\StarGame\Mouse\Debug\link.8120-cvtres.write.1.tlog
E:\CECI\TheGame\Source\StarGame\Mouse\Debug\link.command.1.tlog
E:\CECI\TheGame\Source\StarGame\Mouse\Debug\link.read.1.tlog
E:\CECI\TheGame\Source\StarGame\Mouse\Debug\link.write.1.tlog
E:\CECI\TheGame\Source\StarGame\Mouse\Debug\link-cvtres.read.1.tlog
E:\CECI\TheGame\Source\StarGame\Mouse\Debug\link-cvtres.write.1.tlog
E:\CECI\THEGAME\SOURCE\STARGAME\MOUSE\DEBUG\MOUSE.DLL.EMBED.MANIFEST
E:\CECI\THEGAME\SOURCE\STARGAME\MOUSE\DEBUG\MOUSE.DLL.EMBED.MANIFEST.RES
E:\CECI\THEGAME\SOURCE\STARGAME\MOUSE\DEBUG\MOUSE.DLL.INTERMEDIATE.MANIFEST
E:\CECI\THEGAME\SOURCE\STARGAME\MOUSE\DEBUG\MOUSE.OBJ
E:\CECI\THEGAME\SOURCE\STARGAME\MOUSE\DEBUG\MOUSE.PCH
E:\CECI\TheGame\Source\StarGame\Mouse\Debug\Mouse.write.1.tlog
E:\CECI\TheGame\Source\StarGame\Mouse\Debug\Mouse_manifest.rc
E:\CECI\TheGame\Source\StarGame\Mouse\Debug\mt.command.1.tlog
E:\CECI\TheGame\Source\StarGame\Mouse\Debug\mt.read.1.tlog
E:\CECI\TheGame\Source\StarGame\Mouse\Debug\mt.write.1.tlog
E:\CECI\TheGame\Source\StarGame\Mouse\Debug\rc.command.1.tlog
E:\CECI\TheGame\Source\StarGame\Mouse\Debug\rc.read.1.tlog
E:\CECI\TheGame\Source\StarGame\Mouse\Debug\rc.write.1.tlog
E:\CECI\THEGAME\SOURCE\STARGAME\MOUSE\DEBUG\STDAFX.OBJ
E:\CECI\TheGame\Source\StarGame\Mouse\Debug\vc100.idb
E:\CECI\THEGAME\SOURCE\STARGAME\MOUSE\DEBUG\VC100.PDB
