Build started 17.7.2012 г. 19:02:50 ч..
     1>Project "E:\CECI\TheGame\Source\StarGame\Mouse\Mouse.vcxproj" on node 2 (build target(s)).
     1>InitializeBuildStatus:
         Creating "Debug\Mouse.unsuccessfulbuild" because "AlwaysCreate" was specified.
       ClCompile:
         All outputs are up-to-date.
         All outputs are up-to-date.
         C:\Program Files (x86)\Microsoft Visual Studio 10.0\VC\bin\CL.exe /c /ZI /nologo /W3 /WX- /Od /Oy- /D WIN32 /D _DEBUG /D _WINDOWS /D _USRDLL /D MOUSE_EXPORTS /D _WINDLL /D _UNICODE /D UNICODE /Gm /EHsc /RTC1 /MDd /GS /fp:precise /Zc:wchar_t /Zc:forScope /Yu"StdAfx.h" /Fp"Debug\Mouse.pch" /Fo"Debug\\" /Fd"Debug\vc100.pdb" /Gd /TP /analyze- /errorReport:prompt Mouse.cpp
         Mouse.cpp
     1>e:\ceci\thegame\source\stargame\mouse\mouse.cpp(113): warning C4244: 'initializing' : conversion from 'int' to 'float', possible loss of data
     1>e:\ceci\thegame\source\stargame\mouse\mouse.cpp(114): warning C4244: 'initializing' : conversion from 'int' to 'float', possible loss of data
       ManifestResourceCompile:
         All outputs are up-to-date.
       Link:
         C:\Program Files (x86)\Microsoft Visual Studio 10.0\VC\bin\link.exe /ERRORREPORT:PROMPT /OUT:"E:\CECI\TheGame\Source\StarGame\Debug\Mouse.dll" /INCREMENTAL /NOLOGO glutilD.lib kernel32.lib user32.lib gdi32.lib winspool.lib comdlg32.lib advapi32.lib shell32.lib ole32.lib oleaut32.lib uuid.lib odbc32.lib odbccp32.lib /MANIFEST /ManifestFile:"Debug\Mouse.dll.intermediate.manifest" /MANIFESTUAC:"level='asInvoker' uiAccess='false'" /DEBUG /PDB:"E:\CECI\TheGame\Source\StarGame\Debug\Mouse.pdb" /SUBSYSTEM:WINDOWS /TLBID:1 /DYNAMICBASE /NXCOMPAT /IMPLIB:"E:\CECI\TheGame\Source\StarGame\Debug\Mouse.lib" /MACHINE:X86 /DLL Debug\Mouse.dll.embed.manifest.res
         Debug\dllmain.obj
         Debug\Mouse.obj
         Debug\stdafx.obj
         E:\CECI\TheGame\Source\StarGame\framework\lib\frameworkD.lib
         E:\CECI\TheGame\Source\StarGame\Debug\ProgramData.lib
       Manifest:
         C:\Program Files (x86)\Microsoft SDKs\Windows\v7.0A\bin\mt.exe /nologo /verbose /out:"Debug\Mouse.dll.embed.manifest" /manifest Debug\Mouse.dll.intermediate.manifest
         All outputs are up-to-date.
       LinkEmbedManifest:
         All outputs are up-to-date.
         Mouse.vcxproj -> E:\CECI\TheGame\Source\StarGame\Debug\Mouse.dll
       FinalizeBuildStatus:
         Deleting file "Debug\Mouse.unsuccessfulbuild".
         Touching "Debug\Mouse.lastbuildstate".
     1>Done Building Project "E:\CECI\TheGame\Source\StarGame\Mouse\Mouse.vcxproj" (build target(s)).

Build succeeded.

Time Elapsed 00:00:00.82
