Build started 23.9.2012 г. 10:30:41 ч..
     1>Project "E:\CECI\TheGame\Source\StarGame\Audio\Audio.vcxproj" on node 4 (rebuild target(s)).
     1>_PrepareForClean:
         Deleting file "Debug\Audio.lastbuildstate".
       InitializeBuildStatus:
         Creating "Debug\Audio.unsuccessfulbuild" because "AlwaysCreate" was specified.
       ClCompile:
         C:\Program Files (x86)\Microsoft Visual Studio 10.0\VC\bin\CL.exe /c /ZI /nologo /W3 /WX- /Od /Oy- /D WIN32 /D _DEBUG /D _LIB /D _UNICODE /D UNICODE /Gm /EHsc /RTC1 /MDd /GS /fp:precise /Zc:wchar_t /Zc:forScope /Yc"StdAfx.h" /Fp"Debug\Audio.pch" /Fo"Debug\\" /Fd"Debug\vc100.pdb" /Gd /TP /analyze- /errorReport:prompt stdafx.cpp
         stdafx.cpp
         C:\Program Files (x86)\Microsoft Visual Studio 10.0\VC\bin\CL.exe /c /ZI /nologo /W3 /WX- /Od /Oy- /D WIN32 /D _DEBUG /D _LIB /D _UNICODE /D UNICODE /Gm /EHsc /RTC1 /MDd /GS /fp:precise /Zc:wchar_t /Zc:forScope /Yu"StdAfx.h" /Fp"Debug\Audio.pch" /Fo"Debug\\" /Fd"Debug\vc100.pdb" /Gd /TP /analyze- /errorReport:prompt Audio.cpp
         Audio.cpp
       Lib:
         C:\Program Files (x86)\Microsoft Visual Studio 10.0\VC\bin\Lib.exe /OUT:"E:\CECI\TheGame\Source\StarGame\Debug\Audio.lib" /NOLOGO Debug\Audio.obj
         Debug\stdafx.obj
         Audio.vcxproj -> E:\CECI\TheGame\Source\StarGame\Debug\Audio.lib
       FinalizeBuildStatus:
         Deleting file "Debug\Audio.unsuccessfulbuild".
         Touching "Debug\Audio.lastbuildstate".
     1>Done Building Project "E:\CECI\TheGame\Source\StarGame\Audio\Audio.vcxproj" (rebuild target(s)).

Build succeeded.

Time Elapsed 00:00:00.74
