Build started 14.9.2012 г. 20:21:40 ч..
     1>Project "E:\CECI\TheGame\Source\StarGame\Audio\Audio.vcxproj" on node 2 (rebuild target(s)).
     1>_PrepareForClean:
         Deleting file "Release\Audio.lastbuildstate".
       InitializeBuildStatus:
         Creating "Release\Audio.unsuccessfulbuild" because "AlwaysCreate" was specified.
       ClCompile:
         C:\Program Files (x86)\Microsoft Visual Studio 10.0\VC\bin\CL.exe /c /Zi /nologo /W3 /WX- /O2 /Oi /Oy- /GL /D WIN32 /D NDEBUG /D _LIB /D _UNICODE /D UNICODE /Gm- /EHsc /MD /GS /Gy /fp:precise /Zc:wchar_t /Zc:forScope /Yc"StdAfx.h" /Fp"Release\Audio.pch" /Fo"Release\\" /Fd"Release\vc100.pdb" /Gd /TP /analyze- /errorReport:prompt stdafx.cpp
         stdafx.cpp
         C:\Program Files (x86)\Microsoft Visual Studio 10.0\VC\bin\CL.exe /c /Zi /nologo /W3 /WX- /O2 /Oi /Oy- /GL /D WIN32 /D NDEBUG /D _LIB /D _UNICODE /D UNICODE /Gm- /EHsc /MD /GS /Gy /fp:precise /Zc:wchar_t /Zc:forScope /Yu"StdAfx.h" /Fp"Release\Audio.pch" /Fo"Release\\" /Fd"Release\vc100.pdb" /Gd /TP /analyze- /errorReport:prompt Audio.cpp
         Audio.cpp
       Lib:
         C:\Program Files (x86)\Microsoft Visual Studio 10.0\VC\bin\Lib.exe /OUT:"E:\CECI\TheGame\Source\StarGame\Release\Audio.lib" /NOLOGO /LTCG Release\Audio.obj
         Release\stdafx.obj
         Audio.vcxproj -> E:\CECI\TheGame\Source\StarGame\Release\Audio.lib
       FinalizeBuildStatus:
         Deleting file "Release\Audio.unsuccessfulbuild".
         Touching "Release\Audio.lastbuildstate".
     1>Done Building Project "E:\CECI\TheGame\Source\StarGame\Audio\Audio.vcxproj" (rebuild target(s)).

Build succeeded.

Time Elapsed 00:00:00.83
