Build started 13.7.2012 г. 14:57:31 ч..
     1>Project "E:\CECI\TheGame\Source\StarGame\Entities\Entities.vcxproj" on node 2 (build target(s)).
     1>InitializeBuildStatus:
         Creating "Debug\Entities.unsuccessfulbuild" because "AlwaysCreate" was specified.
       ClCompile:
         All outputs are up-to-date.
         All outputs are up-to-date.
         C:\Program Files (x86)\Microsoft Visual Studio 10.0\VC\bin\CL.exe /c /ZI /nologo /W3 /WX- /Od /Oy- /D WIN32 /D _DEBUG /D _WINDOWS /D _USRDLL /D ENTITIES_EXPORTS /D _WINDLL /D _UNICODE /D UNICODE /Gm /EHsc /RTC1 /MDd /GS /fp:precise /Zc:wchar_t /Zc:forScope /Yu"StdAfx.h" /Fp"Debug\Entities.pch" /Fo"Debug\\" /Fd"Debug\vc100.pdb" /Gd /TP /analyze- /errorReport:prompt Entities.cpp
         Entities.cpp
     1>e:\ceci\thegame\source\stargame\entities\entities.h(65): warning C4251: 'Sun::position' : struct 'glm::detail::tvec3<T>' needs to have dll-interface to be used by clients of class 'Sun'
                 with
                 [
                     T=glm::core::type::precision::mediump_float
                 ]
       ManifestResourceCompile:
         All outputs are up-to-date.
       Link:
         C:\Program Files (x86)\Microsoft Visual Studio 10.0\VC\bin\link.exe /ERRORREPORT:PROMPT /OUT:"E:\CECI\TheGame\Source\StarGame\Debug\Entities.dll" /INCREMENTAL /NOLOGO ..\framework\lib\frameworkD.lib glloadD.lib glimgD.lib glutilD.lib glmeshD.lib freeglutD.lib glu32.lib opengl32.lib gdi32.lib winmm.lib user32.lib kernel32.lib user32.lib gdi32.lib winspool.lib comdlg32.lib advapi32.lib shell32.lib ole32.lib oleaut32.lib uuid.lib odbc32.lib odbccp32.lib /MANIFEST /ManifestFile:"Debug\Entities.dll.intermediate.manifest" /MANIFESTUAC:"level='asInvoker' uiAccess='false'" /DEBUG /PDB:"E:\CECI\TheGame\Source\StarGame\Debug\Entities.pdb" /SUBSYSTEM:WINDOWS /TLBID:1 /DYNAMICBASE /NXCOMPAT /IMPLIB:"E:\CECI\TheGame\Source\StarGame\Debug\Entities.lib" /MACHINE:X86 /DLL Debug\Entities.dll.embed.manifest.res
         Debug\dllmain.obj
         Debug\Entities.obj
         Debug\stdafx.obj
            Creating library E:\CECI\TheGame\Source\StarGame\Debug\Entities.lib and object E:\CECI\TheGame\Source\StarGame\Debug\Entities.exp
       Manifest:
         C:\Program Files (x86)\Microsoft SDKs\Windows\v7.0A\bin\mt.exe /nologo /verbose /out:"Debug\Entities.dll.embed.manifest" /manifest Debug\Entities.dll.intermediate.manifest
         All outputs are up-to-date.
       LinkEmbedManifest:
         All outputs are up-to-date.
         Entities.vcxproj -> E:\CECI\TheGame\Source\StarGame\Debug\Entities.dll
       FinalizeBuildStatus:
         Deleting file "Debug\Entities.unsuccessfulbuild".
         Touching "Debug\Entities.lastbuildstate".
     1>Done Building Project "E:\CECI\TheGame\Source\StarGame\Entities\Entities.vcxproj" (build target(s)).

Build succeeded.

Time Elapsed 00:00:00.78
