E:\CECI\THEGAME\SOURCE\STARGAME\DEBUG\ENTITIES.DLL
E:\CECI\TheGame\Source\StarGame\Debug\Entities.exp
E:\CECI\THEGAME\SOURCE\STARGAME\DEBUG\ENTITIES.ILK
E:\CECI\TheGame\Source\StarGame\Debug\Entities.lib
E:\CECI\THEGAME\SOURCE\STARGAME\DEBUG\ENTITIES.PDB
E:\CECI\TheGame\Source\StarGame\Entities\Debug\cl.command.1.tlog
E:\CECI\TheGame\Source\StarGame\Entities\Debug\CL.read.1.tlog
E:\CECI\TheGame\Source\StarGame\Entities\Debug\CL.write.1.tlog
E:\CECI\THEGAME\SOURCE\STARGAME\ENTITIES\DEBUG\DLLMAIN.OBJ
E:\CECI\THEGAME\SOURCE\STARGAME\ENTITIES\DEBUG\ENTITIES.DLL.EMBED.MANIFEST
E:\CECI\THEGAME\SOURCE\STARGAME\ENTITIES\DEBUG\ENTITIES.DLL.EMBED.MANIFEST.RES
E:\CECI\THEGAME\SOURCE\STARGAME\ENTITIES\DEBUG\ENTITIES.DLL.INTERMEDIATE.MANIFEST
E:\CECI\THEGAME\SOURCE\STARGAME\ENTITIES\DEBUG\ENTITIES.OBJ
E:\CECI\THEGAME\SOURCE\STARGAME\ENTITIES\DEBUG\ENTITIES.PCH
E:\CECI\TheGame\Source\StarGame\Entities\Debug\Entities.write.1.tlog
E:\CECI\TheGame\Source\StarGame\Entities\Debug\Entities_manifest.rc
E:\CECI\TheGame\Source\StarGame\Entities\Debug\link.1840.read.1.tlog
E:\CECI\TheGame\Source\StarGame\Entities\Debug\link.1840.write.1.tlog
E:\CECI\TheGame\Source\StarGame\Entities\Debug\link.1840-cvtres.read.1.tlog
E:\CECI\TheGame\Source\StarGame\Entities\Debug\link.1840-cvtres.write.1.tlog
E:\CECI\TheGame\Source\StarGame\Entities\Debug\link.2056.read.1.tlog
E:\CECI\TheGame\Source\StarGame\Entities\Debug\link.2056.write.1.tlog
E:\CECI\TheGame\Source\StarGame\Entities\Debug\link.2056-cvtres.read.1.tlog
E:\CECI\TheGame\Source\StarGame\Entities\Debug\link.2056-cvtres.write.1.tlog
E:\CECI\TheGame\Source\StarGame\Entities\Debug\link.2100.read.1.tlog
E:\CECI\TheGame\Source\StarGame\Entities\Debug\link.2100.write.1.tlog
E:\CECI\TheGame\Source\StarGame\Entities\Debug\link.2100-cvtres.read.1.tlog
E:\CECI\TheGame\Source\StarGame\Entities\Debug\link.2100-cvtres.write.1.tlog
E:\CECI\TheGame\Source\StarGame\Entities\Debug\link.3228.read.1.tlog
E:\CECI\TheGame\Source\StarGame\Entities\Debug\link.3228.write.1.tlog
E:\CECI\TheGame\Source\StarGame\Entities\Debug\link.3228-cvtres.read.1.tlog
E:\CECI\TheGame\Source\StarGame\Entities\Debug\link.3228-cvtres.write.1.tlog
E:\CECI\TheGame\Source\StarGame\Entities\Debug\link.3324.read.1.tlog
E:\CECI\TheGame\Source\StarGame\Entities\Debug\link.3324.write.1.tlog
E:\CECI\TheGame\Source\StarGame\Entities\Debug\link.3324-cvtres.read.1.tlog
E:\CECI\TheGame\Source\StarGame\Entities\Debug\link.3324-cvtres.write.1.tlog
E:\CECI\TheGame\Source\StarGame\Entities\Debug\link.3428.read.1.tlog
E:\CECI\TheGame\Source\StarGame\Entities\Debug\link.3428.write.1.tlog
E:\CECI\TheGame\Source\StarGame\Entities\Debug\link.3428-cvtres.read.1.tlog
E:\CECI\TheGame\Source\StarGame\Entities\Debug\link.3428-cvtres.write.1.tlog
E:\CECI\TheGame\Source\StarGame\Entities\Debug\link.3876.read.1.tlog
E:\CECI\TheGame\Source\StarGame\Entities\Debug\link.3876.write.1.tlog
E:\CECI\TheGame\Source\StarGame\Entities\Debug\link.3876-cvtres.read.1.tlog
E:\CECI\TheGame\Source\StarGame\Entities\Debug\link.3876-cvtres.write.1.tlog
E:\CECI\TheGame\Source\StarGame\Entities\Debug\link.4124.read.1.tlog
E:\CECI\TheGame\Source\StarGame\Entities\Debug\link.4124.write.1.tlog
E:\CECI\TheGame\Source\StarGame\Entities\Debug\link.4124-cvtres.read.1.tlog
E:\CECI\TheGame\Source\StarGame\Entities\Debug\link.4124-cvtres.write.1.tlog
E:\CECI\TheGame\Source\StarGame\Entities\Debug\link.5688.read.1.tlog
E:\CECI\TheGame\Source\StarGame\Entities\Debug\link.5688.write.1.tlog
E:\CECI\TheGame\Source\StarGame\Entities\Debug\link.5688-cvtres.read.1.tlog
E:\CECI\TheGame\Source\StarGame\Entities\Debug\link.5688-cvtres.write.1.tlog
E:\CECI\TheGame\Source\StarGame\Entities\Debug\link.5724.read.1.tlog
E:\CECI\TheGame\Source\StarGame\Entities\Debug\link.5724.write.1.tlog
E:\CECI\TheGame\Source\StarGame\Entities\Debug\link.5724-cvtres.read.1.tlog
E:\CECI\TheGame\Source\StarGame\Entities\Debug\link.5724-cvtres.write.1.tlog
E:\CECI\TheGame\Source\StarGame\Entities\Debug\link.6308.read.1.tlog
E:\CECI\TheGame\Source\StarGame\Entities\Debug\link.6308.write.1.tlog
E:\CECI\TheGame\Source\StarGame\Entities\Debug\link.6308-cvtres.read.1.tlog
E:\CECI\TheGame\Source\StarGame\Entities\Debug\link.6308-cvtres.write.1.tlog
E:\CECI\TheGame\Source\StarGame\Entities\Debug\link.6396.read.1.tlog
E:\CECI\TheGame\Source\StarGame\Entities\Debug\link.6396.write.1.tlog
E:\CECI\TheGame\Source\StarGame\Entities\Debug\link.6396-cvtres.read.1.tlog
E:\CECI\TheGame\Source\StarGame\Entities\Debug\link.6396-cvtres.write.1.tlog
E:\CECI\TheGame\Source\StarGame\Entities\Debug\link.6728.read.1.tlog
E:\CECI\TheGame\Source\StarGame\Entities\Debug\link.6728.write.1.tlog
E:\CECI\TheGame\Source\StarGame\Entities\Debug\link.6728-cvtres.read.1.tlog
E:\CECI\TheGame\Source\StarGame\Entities\Debug\link.6728-cvtres.write.1.tlog
E:\CECI\TheGame\Source\StarGame\Entities\Debug\link.7004.read.1.tlog
E:\CECI\TheGame\Source\StarGame\Entities\Debug\link.7004.write.1.tlog
E:\CECI\TheGame\Source\StarGame\Entities\Debug\link.7004-cvtres.read.1.tlog
E:\CECI\TheGame\Source\StarGame\Entities\Debug\link.7004-cvtres.write.1.tlog
E:\CECI\TheGame\Source\StarGame\Entities\Debug\link.7312.read.1.tlog
E:\CECI\TheGame\Source\StarGame\Entities\Debug\link.7312.write.1.tlog
E:\CECI\TheGame\Source\StarGame\Entities\Debug\link.7312-cvtres.read.1.tlog
E:\CECI\TheGame\Source\StarGame\Entities\Debug\link.7312-cvtres.write.1.tlog
E:\CECI\TheGame\Source\StarGame\Entities\Debug\link.7364.read.1.tlog
E:\CECI\TheGame\Source\StarGame\Entities\Debug\link.7364.write.1.tlog
E:\CECI\TheGame\Source\StarGame\Entities\Debug\link.7364-cvtres.read.1.tlog
E:\CECI\TheGame\Source\StarGame\Entities\Debug\link.7364-cvtres.write.1.tlog
E:\CECI\TheGame\Source\StarGame\Entities\Debug\link.7692.read.1.tlog
E:\CECI\TheGame\Source\StarGame\Entities\Debug\link.7692.write.1.tlog
E:\CECI\TheGame\Source\StarGame\Entities\Debug\link.7692-cvtres.read.1.tlog
E:\CECI\TheGame\Source\StarGame\Entities\Debug\link.7692-cvtres.write.1.tlog
E:\CECI\TheGame\Source\StarGame\Entities\Debug\link.7952.read.1.tlog
E:\CECI\TheGame\Source\StarGame\Entities\Debug\link.7952.write.1.tlog
E:\CECI\TheGame\Source\StarGame\Entities\Debug\link.7952-cvtres.read.1.tlog
E:\CECI\TheGame\Source\StarGame\Entities\Debug\link.7952-cvtres.write.1.tlog
E:\CECI\TheGame\Source\StarGame\Entities\Debug\link.command.1.tlog
E:\CECI\TheGame\Source\StarGame\Entities\Debug\link.read.1.tlog
E:\CECI\TheGame\Source\StarGame\Entities\Debug\link.write.1.tlog
E:\CECI\TheGame\Source\StarGame\Entities\Debug\link-cvtres.read.1.tlog
E:\CECI\TheGame\Source\StarGame\Entities\Debug\link-cvtres.write.1.tlog
E:\CECI\TheGame\Source\StarGame\Entities\Debug\mt.command.1.tlog
E:\CECI\TheGame\Source\StarGame\Entities\Debug\mt.read.1.tlog
E:\CECI\TheGame\Source\StarGame\Entities\Debug\mt.write.1.tlog
E:\CECI\TheGame\Source\StarGame\Entities\Debug\rc.command.1.tlog
E:\CECI\TheGame\Source\StarGame\Entities\Debug\rc.read.1.tlog
E:\CECI\TheGame\Source\StarGame\Entities\Debug\rc.write.1.tlog
E:\CECI\THEGAME\SOURCE\STARGAME\ENTITIES\DEBUG\STDAFX.OBJ
E:\CECI\TheGame\Source\StarGame\Entities\Debug\vc100.idb
E:\CECI\THEGAME\SOURCE\STARGAME\ENTITIES\DEBUG\VC100.PDB
