Build started 11.8.2012 г. 18:27:29 ч..
     1>Project "E:\CECI\TheGame\Source\StarGame\GUISystem\GUISystem.vcxproj" on node 3 (build target(s)).
     1>InitializeBuildStatus:
         Creating "Debug\GUISystem.unsuccessfulbuild" because "AlwaysCreate" was specified.
       ClCompile:
         All outputs are up-to-date.
         C:\Program Files (x86)\Microsoft Visual Studio 10.0\VC\bin\CL.exe /c /I..\freetype\include /ZI /nologo /W3 /WX- /Od /Oy- /D WIN32 /D _DEBUG /D _LIB /D _UNICODE /D UNICODE /Gm /EHsc /RTC1 /MDd /GS /fp:precise /Zc:wchar_t /Zc:forScope /Yc"StdAfx.h" /Fp"Debug\GUISystem.pch" /Fo"Debug\\" /Fd"Debug\vc100.pdb" /Gd /TP /analyze- /errorReport:prompt stdafx.cpp
         stdafx.cpp
         C:\Program Files (x86)\Microsoft Visual Studio 10.0\VC\bin\CL.exe /c /I..\freetype\include /ZI /nologo /W3 /WX- /Od /Oy- /D WIN32 /D _DEBUG /D _LIB /D _UNICODE /D UNICODE /Gm /EHsc /RTC1 /MDd /GS /fp:precise /Zc:wchar_t /Zc:forScope /Yu"StdAfx.h" /Fp"Debug\GUISystem.pch" /Fo"Debug\\" /Fd"Debug\vc100.pdb" /Gd /TP /analyze- /errorReport:prompt Control.cpp Layout.cpp
         Layout.cpp
         Control.cpp
         Generating Code...
       Lib:
         C:\Program Files (x86)\Microsoft Visual Studio 10.0\VC\bin\Lib.exe /OUT:"E:\CECI\TheGame\Source\StarGame\Debug\GUISystem.lib" /NOLOGO Debug\Control.obj
         Debug\Layout.obj
         Debug\stdafx.obj
     1>Control.obj : warning LNK4221: This object file does not define any previously undefined public symbols, so it will not be used by any link operation that consumes this library
         GUISystem.vcxproj -> E:\CECI\TheGame\Source\StarGame\Debug\GUISystem.lib
       FinalizeBuildStatus:
         Deleting file "Debug\GUISystem.unsuccessfulbuild".
         Touching "Debug\GUISystem.lastbuildstate".
     1>Done Building Project "E:\CECI\TheGame\Source\StarGame\GUISystem\GUISystem.vcxproj" (build target(s)).

Build succeeded.

Time Elapsed 00:00:01.31
