Build started 29.5.2012 г. 17:42:38 ч..
     1>Project "E:\CECI\Programming\MyPrograms\OpenGL\OpenGL Tasks\McKesson\Tutorial 0.3.8\glsdk\freeglut\freeglut.vcxproj" on node 3 (rebuild target(s)).
     1>InitializeBuildStatus:
         Creating "obj\Release\freeglut.unsuccessfulbuild" because "AlwaysCreate" was specified.
       ClCompile:
         C:\Program Files (x86)\Microsoft Visual Studio 10.0\VC\bin\CL.exe /c /Iinclude /nologo /W4 /WX- /O2 /Oy /GL /D _CRT_SECURE_NO_WARNINGS /D _SCL_SECURE_NO_WARNINGS /D FREEGLUT_STATIC /D _LIB /D FREEGLUT_LIB_PRAGMAS=0 /D WIN32 /D NDEBUG /D _MBCS /GF /Gm- /EHsc /MD /GS /Gy /fp:precise /Zc:wchar_t /Zc:forScope /Fo"obj\Release\\" /Fd"obj\Release\vc100.pdb" /Gd /TC /analyze- /errorReport:prompt src\freeglut_callbacks.c src\freeglut_cursor.c src\freeglut_display.c src\freeglut_ext.c src\freeglut_font.c src\freeglut_font_data.c src\freeglut_gamemode.c src\freeglut_geometry.c src\freeglut_glutfont_definitions.c src\freeglut_init.c src\freeglut_input_devices.c src\freeglut_joystick.c src\freeglut_main.c src\freeglut_menu.c src\freeglut_misc.c src\freeglut_overlay.c src\freeglut_spaceball.c src\freeglut_state.c src\freeglut_stroke_mono_roman.c src\freeglut_stroke_roman.c src\freeglut_structure.c src\freeglut_teapot.c src\freeglut_videoresize.c src\freeglut_window.c
         freeglut_callbacks.c
     1>src\freeglut_callbacks.c(53): warning C4127: conditional expression is constant
     1>src\freeglut_callbacks.c(53): warning C4127: conditional expression is constant
     1>src\freeglut_callbacks.c(62): warning C4127: conditional expression is constant
     1>src\freeglut_callbacks.c(62): warning C4127: conditional expression is constant
     1>src\freeglut_callbacks.c(72): warning C4127: conditional expression is constant
     1>src\freeglut_callbacks.c(72): warning C4127: conditional expression is constant
     1>src\freeglut_callbacks.c(81): warning C4127: conditional expression is constant
     1>src\freeglut_callbacks.c(81): warning C4127: conditional expression is constant
     1>src\freeglut_callbacks.c(139): warning C4127: conditional expression is constant
     1>src\freeglut_callbacks.c(145): warning C4127: conditional expression is constant
     1>src\freeglut_callbacks.c(145): warning C4127: conditional expression is constant
     1>src\freeglut_callbacks.c(160): warning C4127: conditional expression is constant
     1>src\freeglut_callbacks.c(160): warning C4127: conditional expression is constant
     1>src\freeglut_callbacks.c(169): warning C4127: conditional expression is constant
     1>src\freeglut_callbacks.c(169): warning C4127: conditional expression is constant
     1>src\freeglut_callbacks.c(182): warning C4127: conditional expression is constant
     1>src\freeglut_callbacks.c(182): warning C4127: conditional expression is constant
     1>src\freeglut_callbacks.c(198): warning C4127: conditional expression is constant
     1>src\freeglut_callbacks.c(198): warning C4127: conditional expression is constant
     1>src\freeglut_callbacks.c(207): warning C4127: conditional expression is constant
     1>src\freeglut_callbacks.c(207): warning C4127: conditional expression is constant
     1>src\freeglut_callbacks.c(217): warning C4127: conditional expression is constant
     1>src\freeglut_callbacks.c(217): warning C4127: conditional expression is constant
     1>src\freeglut_callbacks.c(227): warning C4127: conditional expression is constant
     1>src\freeglut_callbacks.c(227): warning C4127: conditional expression is constant
     1>src\freeglut_callbacks.c(236): warning C4127: conditional expression is constant
     1>src\freeglut_callbacks.c(236): warning C4127: conditional expression is constant
     1>src\freeglut_callbacks.c(245): warning C4127: conditional expression is constant
     1>src\freeglut_callbacks.c(245): warning C4127: conditional expression is constant
     1>src\freeglut_callbacks.c(286): warning C4127: conditional expression is constant
     1>src\freeglut_callbacks.c(286): warning C4127: conditional expression is constant
     1>src\freeglut_callbacks.c(295): warning C4127: conditional expression is constant
     1>src\freeglut_callbacks.c(295): warning C4127: conditional expression is constant
     1>src\freeglut_callbacks.c(306): warning C4127: conditional expression is constant
     1>src\freeglut_callbacks.c(306): warning C4127: conditional expression is constant
     1>src\freeglut_callbacks.c(317): warning C4127: conditional expression is constant
     1>src\freeglut_callbacks.c(317): warning C4127: conditional expression is constant
     1>src\freeglut_callbacks.c(328): warning C4127: conditional expression is constant
     1>src\freeglut_callbacks.c(328): warning C4127: conditional expression is constant
     1>src\freeglut_callbacks.c(337): warning C4127: conditional expression is constant
     1>src\freeglut_callbacks.c(337): warning C4127: conditional expression is constant
     1>src\freeglut_callbacks.c(346): warning C4127: conditional expression is constant
     1>src\freeglut_callbacks.c(346): warning C4127: conditional expression is constant
     1>src\freeglut_callbacks.c(355): warning C4127: conditional expression is constant
     1>src\freeglut_callbacks.c(355): warning C4127: conditional expression is constant
     1>src\freeglut_callbacks.c(364): warning C4127: conditional expression is constant
     1>src\freeglut_callbacks.c(364): warning C4127: conditional expression is constant
         freeglut_cursor.c
         freeglut_display.c
         freeglut_ext.c
         freeglut_font.c
         freeglut_font_data.c
         freeglut_gamemode.c
     1>src\freeglut_gamemode.c(113): warning C4245: 'function' : conversion from 'int' to 'DWORD', signed/unsigned mismatch
     1>src\freeglut_gamemode.c(326): warning C4245: 'function' : conversion from 'int' to 'DWORD', signed/unsigned mismatch
     1>src\freeglut_gamemode.c(341): warning C4245: 'function' : conversion from 'int' to 'DWORD', signed/unsigned mismatch
         freeglut_geometry.c
         freeglut_glutfont_definitions.c
         freeglut_init.c
     1>src\freeglut_init.c(314): warning C4244: '=' : conversion from 'BOOL' to 'ATOM', possible loss of data
     1>src\freeglut_init.c(240): warning C4100: 'displayName' : unreferenced formal parameter
     1>src\freeglut_init.c(685): warning C4101: 'sLen' : unreferenced local variable
         freeglut_input_devices.c
     1>src\freeglut_input_devices.c(199): warning C4127: conditional expression is constant
     1>src\freeglut_input_devices.c(215): warning C4100: 'id' : unreferenced formal parameter
         freeglut_joystick.c
     1>src\freeglut_joystick.c(1698): warning C4127: conditional expression is constant
         freeglut_main.c
     1>src\freeglut_main.c(162): warning C4127: conditional expression is constant
     1>src\freeglut_main.c(210): warning C4127: conditional expression is constant
     1>src\freeglut_main.c(1485): warning C4127: conditional expression is constant
     1>src\freeglut_main.c(1693): warning C4127: conditional expression is constant
     1>src\freeglut_main.c(1699): warning C4127: conditional expression is constant
     1>src\freeglut_main.c(1779): warning C4127: conditional expression is constant
     1>src\freeglut_main.c(1782): warning C4127: conditional expression is constant
     1>src\freeglut_main.c(1892): warning C4127: conditional expression is constant
     1>src\freeglut_main.c(1938): warning C4127: conditional expression is constant
     1>src\freeglut_main.c(1954): warning C4127: conditional expression is constant
     1>src\freeglut_main.c(1958): warning C4127: conditional expression is constant
     1>src\freeglut_main.c(2017): warning C4127: conditional expression is constant
     1>src\freeglut_main.c(2046): warning C4127: conditional expression is constant
     1>src\freeglut_main.c(2103): warning C4127: conditional expression is constant
     1>src\freeglut_main.c(2120): warning C4127: conditional expression is constant
     1>src\freeglut_main.c(2129): warning C4127: conditional expression is constant
     1>src\freeglut_main.c(2145): warning C4127: conditional expression is constant
     1>src\freeglut_main.c(2152): warning C4127: conditional expression is constant
         freeglut_menu.c
     1>src\freeglut_menu.c(142): warning C4100: 'window' : unreferenced formal parameter
         freeglut_misc.c
     1>src\freeglut_misc.c(65): warning C4127: conditional expression is constant
     1>src\freeglut_misc.c(189): warning C4100: 'blue' : unreferenced formal parameter
     1>src\freeglut_misc.c(189): warning C4100: 'green' : unreferenced formal parameter
     1>src\freeglut_misc.c(189): warning C4100: 'red' : unreferenced formal parameter
     1>src\freeglut_misc.c(189): warning C4100: 'nColor' : unreferenced formal parameter
     1>src\freeglut_misc.c(198): warning C4100: 'component' : unreferenced formal parameter
     1>src\freeglut_misc.c(198): warning C4100: 'color' : unreferenced formal parameter
     1>src\freeglut_misc.c(208): warning C4100: 'window' : unreferenced formal parameter
         freeglut_overlay.c
     1>src\freeglut_overlay.c(39): warning C4100: 'layer' : unreferenced formal parameter
     1>src\freeglut_overlay.c(41): warning C4100: 'ID' : unreferenced formal parameter
         freeglut_spaceball.c
     1>src\freeglut_spaceball.c(123): warning C4100: 'window' : unreferenced formal parameter
         freeglut_state.c
         freeglut_stroke_mono_roman.c
         freeglut_stroke_roman.c
         Compiling...
         freeglut_structure.c
     1>src\freeglut_structure.c(176): warning C4127: conditional expression is constant
     1>src\freeglut_structure.c(209): warning C4127: conditional expression is constant
         freeglut_teapot.c
         freeglut_videoresize.c
     1>src\freeglut_videoresize.c(37): warning C4100: 'eWhat' : unreferenced formal parameter
     1>src\freeglut_videoresize.c(40): warning C4100: 'h' : unreferenced formal parameter
     1>src\freeglut_videoresize.c(40): warning C4100: 'w' : unreferenced formal parameter
     1>src\freeglut_videoresize.c(40): warning C4100: 'y' : unreferenced formal parameter
     1>src\freeglut_videoresize.c(40): warning C4100: 'x' : unreferenced formal parameter
     1>src\freeglut_videoresize.c(41): warning C4100: 'h' : unreferenced formal parameter
     1>src\freeglut_videoresize.c(41): warning C4100: 'w' : unreferenced formal parameter
     1>src\freeglut_videoresize.c(41): warning C4100: 'y' : unreferenced formal parameter
     1>src\freeglut_videoresize.c(41): warning C4100: 'x' : unreferenced formal parameter
         freeglut_window.c
         fgSetupPixelFormat(): there is still some work to do here!
     1>src\freeglut_window.c(483): warning C4244: '=' : conversion from 'int' to 'BYTE', possible loss of data
     1>src\freeglut_window.c(955): warning C4244: '=' : conversion from 'BOOL' to 'ATOM', possible loss of data
       Lib:
         C:\Program Files (x86)\Microsoft Visual Studio 10.0\VC\bin\Lib.exe /OUT:"lib\freeglut.lib" /NOLOGO /LTCG obj\Release\freeglut_callbacks.obj
         obj\Release\freeglut_cursor.obj
         obj\Release\freeglut_display.obj
         obj\Release\freeglut_ext.obj
         obj\Release\freeglut_font.obj
         obj\Release\freeglut_font_data.obj
         obj\Release\freeglut_gamemode.obj
         obj\Release\freeglut_geometry.obj
         obj\Release\freeglut_glutfont_definitions.obj
         obj\Release\freeglut_init.obj
         obj\Release\freeglut_input_devices.obj
         obj\Release\freeglut_joystick.obj
         obj\Release\freeglut_main.obj
         obj\Release\freeglut_menu.obj
         obj\Release\freeglut_misc.obj
         obj\Release\freeglut_overlay.obj
         obj\Release\freeglut_spaceball.obj
         obj\Release\freeglut_state.obj
         obj\Release\freeglut_stroke_mono_roman.obj
         obj\Release\freeglut_stroke_roman.obj
         obj\Release\freeglut_structure.obj
         obj\Release\freeglut_teapot.obj
         obj\Release\freeglut_videoresize.obj
         obj\Release\freeglut_window.obj
         freeglut.vcxproj -> E:\CECI\Programming\MyPrograms\OpenGL\OpenGL Tasks\McKesson\Tutorial 0.3.8\glsdk\freeglut\lib\freeglut.lib
       FinalizeBuildStatus:
         Deleting file "obj\Release\freeglut.unsuccessfulbuild".
         Touching "obj\Release\freeglut.lastbuildstate".
     1>Done Building Project "E:\CECI\Programming\MyPrograms\OpenGL\OpenGL Tasks\McKesson\Tutorial 0.3.8\glsdk\freeglut\freeglut.vcxproj" (rebuild target(s)).

Build succeeded.

Time Elapsed 00:00:02.64
