Build started 7.12.2012 г. 06:56:17 ч..
     1>Project "E:\CECI\TheGame\Source\StarGame\ParticleEngine\ParticleEngine.vcxproj" on node 3 (build target(s)).
     1>InitializeBuildStatus:
         Creating "Release\ParticleEngine.unsuccessfulbuild" because "AlwaysCreate" was specified.
       ClCompile:
         All outputs are up-to-date.
         C:\Program Files (x86)\Microsoft Visual Studio 10.0\VC\bin\CL.exe /c /Zi /nologo /W3 /WX- /O2 /Oi /Oy- /GL /D WIN32 /D NDEBUG /D _LIB /D _UNICODE /D UNICODE /Gm- /EHsc /MD /GS /Gy /fp:precise /Zc:wchar_t /Zc:forScope /Yu"StdAfx.h" /Fp"Release\ParticleEngine.pch" /Fo"Release\\" /Fd"Release\vc100.pdb" /Gd /TP /analyze- /errorReport:prompt Engine.cpp
         Engine.cpp
     1>Engine.cpp(141): warning C4018: '<' : signed/unsigned mismatch
     1>Engine.cpp(148): warning C4018: '<' : signed/unsigned mismatch
     1>Engine.cpp(222): warning C4244: '=' : conversion from 'int' to 'float', possible loss of data
       Lib:
         C:\Program Files (x86)\Microsoft Visual Studio 10.0\VC\bin\Lib.exe /OUT:"E:\CECI\TheGame\Source\StarGame\Release\ParticleEngine.lib" /NOLOGO /LTCG Release\Engine.obj
         Release\stdafx.obj
         ParticleEngine.vcxproj -> E:\CECI\TheGame\Source\StarGame\Release\ParticleEngine.lib
       FinalizeBuildStatus:
         Deleting file "Release\ParticleEngine.unsuccessfulbuild".
         Touching "Release\ParticleEngine.lastbuildstate".
     1>Done Building Project "E:\CECI\TheGame\Source\StarGame\ParticleEngine\ParticleEngine.vcxproj" (build target(s)).

Build succeeded.

Time Elapsed 00:00:02.21
