Build started 12.1.2013 г. 17:52:40 ч..
     1>Project "E:\CECI\TheGame\Source\StarGame\StarGame\StarGame.vcxproj" on node 2 (build target(s)).
     1>InitializeBuildStatus:
         Touching "Release\StarGame.unsuccessfulbuild".
       ClCompile:
         C:\Program Files (x86)\Microsoft Visual Studio 10.0\VC\bin\CL.exe /c /I"C:\Program Files\Assimp\include\assimp" /I..\freetype\include /I..\framework /I..\glsdk\glload\include /I..\glsdk\glimg\include /I..\glsdk\glm /I..\glsdk\glutil\include /I..\glsdk\glmesh\include /I..\glsdk\freeglut\include /Zi /nologo /W3 /WX- /O2 /Oi /Oy- /GL /D _CRT_SECURE_NO_WARNINGS /D _CRT_SECURE_NO_DEPRECATE /D _SCL_SECURE_NO_WARNINGS /D TIXML_USE_STL /D FREEGLUT_STATIC /D WIN32 /D _LIB /D FREEGLUT_LIB_PRAGMAS=0 /D RELEASE /D NDEBUG /D _UNICODE /D UNICODE /Gm- /EHsc /MD /GS /Gy /fp:precise /Zc:wchar_t /Zc:forScope /Fo"Release\\" /Fd"Release\vc100.pdb" /Gd /TP /analyze- /errorReport:prompt Main.cpp
         Main.cpp
       Link:
         C:\Program Files (x86)\Microsoft Visual Studio 10.0\VC\bin\link.exe /ERRORREPORT:PROMPT /OUT:"E:\CECI\TheGame\Source\StarGame\Release\StarGame.exe" /INCREMENTAL:NO /NOLOGO /LIBPATH:"C:\Program Files\Assimp\lib" /LIBPATH:..\glsdk\glload\lib /LIBPATH:..\glsdk\glimg\lib /LIBPATH:..\glsdk\glutil\lib /LIBPATH:..\glsdk\glmesh\lib /LIBPATH:..\glsdk\freeglut\lib "C:/Program Files/Assimp/lib/x86/assimp.lib" FreeImage.lib ..\freetype\freetype2410.lib ..\framework\lib\framework.lib ..\fmod\fmodex_vc.lib glload.lib glimg.lib glutil.lib glmesh.lib freeglut.lib glu32.lib opengl32.lib gdi32.lib winmm.lib user32.lib kernel32.lib user32.lib gdi32.lib winspool.lib comdlg32.lib advapi32.lib shell32.lib ole32.lib oleaut32.lib uuid.lib odbc32.lib odbccp32.lib /MANIFEST /ManifestFile:"Release\StarGame.exe.intermediate.manifest" /MANIFESTUAC:"level='asInvoker' uiAccess='false'" /DEBUG /PDB:"E:\CECI\TheGame\Source\StarGame\Release\StarGame.pdb" /SUBSYSTEM:CONSOLE /OPT:REF /OPT:ICF /LTCG /TLBID:1 /DYNAMICBASE /NXCOMPAT /IMPLIB:"E:\CECI\TheGame\Source\StarGame\Release\StarGame.lib" /MACHINE:X86 Release\Main.obj
         Release\ShaderManager.obj
         E:\CECI\TheGame\Source\StarGame\Release\AssetLoader.lib
         E:\CECI\TheGame\Source\StarGame\Release\Audio.lib
         E:\CECI\TheGame\Source\StarGame\Release\Camera.lib
         E:\CECI\TheGame\Source\StarGame\framework\lib\framework.lib
         E:\CECI\TheGame\Source\StarGame\Release\Scene.lib
         E:\CECI\TheGame\Source\StarGame\Release\Entities.lib
         E:\CECI\TheGame\Source\StarGame\Release\Fusion.lib
         E:\CECI\TheGame\Source\StarGame\Release\Fusion_EntitySystem.lib
         E:\CECI\TheGame\Source\StarGame\Release\Fusion_Scene.lib
         E:\CECI\TheGame\Source\StarGame\Release\GUISystem.lib
         E:\CECI\TheGame\Source\StarGame\Release\Mouse.lib
         E:\CECI\TheGame\Source\StarGame\Release\ParticleEngine.lib
         E:\CECI\TheGame\Source\StarGame\Release\ProgramData.lib
     1>Scene.lib(Scene.obj) : error LNK2001: unresolved external symbol "public: void __thiscall FusionInput::AddSequence(class std::basic_string<char,struct std::char_traits<char>,class std::allocator<char> >,char,char,char)" (?AddSequence@FusionInput@@QAEXV?$basic_string@DU?$char_traits@D@std@@V?$allocator@D@2@@std@@DDD@Z)
     1>Scene.lib(Scene.obj) : error LNK2001: unresolved external symbol "public: class std::basic_string<char,struct std::char_traits<char>,class std::allocator<char> > __thiscall FusionInput::GetSequenceButtons(class std::basic_string<char,struct std::char_traits<char>,class std::allocator<char> >)" (?GetSequenceButtons@FusionInput@@QAE?AV?$basic_string@DU?$char_traits@D@std@@V?$allocator@D@2@@std@@V23@@Z)
     1>E:\CECI\TheGame\Source\StarGame\Release\StarGame.exe : fatal error LNK1120: 2 unresolved externals
     1>Done Building Project "E:\CECI\TheGame\Source\StarGame\StarGame\StarGame.vcxproj" (build target(s)) -- FAILED.

Build FAILED.

Time Elapsed 00:00:01.34
