Build started 29.5.2012 г. 17:42:38 ч..
     1>Project "E:\CECI\Programming\MyPrograms\OpenGL\OpenGL Tasks\McKesson\Tutorial 0.3.8\glsdk\glutil\glutil.vcxproj" on node 2 (rebuild target(s)).
     1>InitializeBuildStatus:
         Creating "Release\glutil.unsuccessfulbuild" because "AlwaysCreate" was specified.
       ClCompile:
         C:\Program Files (x86)\Microsoft Visual Studio 10.0\VC\bin\CL.exe /c /Iinclude /Isource /I..\glload\include /I..\glm /nologo /W4 /WX- /O2 /Oy /GL /D _CRT_SECURE_NO_WARNINGS /D _SCL_SECURE_NO_WARNINGS /D WIN32 /D NDEBUG /D RELEASE /D _UNICODE /D UNICODE /GF /Gm- /EHsc /MD /GS /Gy /fp:precise /Zc:wchar_t /Zc:forScope /Fo"Release\\" /Fd"Release\vc100.pdb" /Gd /TP /analyze- /errorReport:prompt source\Debug.cpp source\MatrixStack.cpp source\MousePoles.cpp source\Shader.cpp source\WindowPos.cpp
         Debug.cpp
         MatrixStack.cpp
     1>e:\ceci\programming\myprograms\opengl\opengl tasks\mckesson\tutorial 0.3.8\glsdk\glm\glm\core\type_vec2.hpp(51): warning C4201: nonstandard extension used : nameless struct/union
                 e:\ceci\programming\myprograms\opengl\opengl tasks\mckesson\tutorial 0.3.8\glsdk\glm\glm\core\type_vec2.hpp(176) : see reference to class template instantiation 'glm::detail::tvec2<T>' being compiled
     1>e:\ceci\programming\myprograms\opengl\opengl tasks\mckesson\tutorial 0.3.8\glsdk\glm\glm\core\type_vec2.hpp(52): warning C4201: nonstandard extension used : nameless struct/union
     1>e:\ceci\programming\myprograms\opengl\opengl tasks\mckesson\tutorial 0.3.8\glsdk\glm\glm\core\type_vec2.hpp(53): warning C4201: nonstandard extension used : nameless struct/union
     1>e:\ceci\programming\myprograms\opengl\opengl tasks\mckesson\tutorial 0.3.8\glsdk\glm\glm\core\type_vec3.hpp(51): warning C4201: nonstandard extension used : nameless struct/union
                 e:\ceci\programming\myprograms\opengl\opengl tasks\mckesson\tutorial 0.3.8\glsdk\glm\glm\core\type_vec3.hpp(189) : see reference to class template instantiation 'glm::detail::tvec3<T>' being compiled
     1>e:\ceci\programming\myprograms\opengl\opengl tasks\mckesson\tutorial 0.3.8\glsdk\glm\glm\core\type_vec3.hpp(52): warning C4201: nonstandard extension used : nameless struct/union
     1>e:\ceci\programming\myprograms\opengl\opengl tasks\mckesson\tutorial 0.3.8\glsdk\glm\glm\core\type_vec3.hpp(53): warning C4201: nonstandard extension used : nameless struct/union
     1>e:\ceci\programming\myprograms\opengl\opengl tasks\mckesson\tutorial 0.3.8\glsdk\glm\glm\core\type_vec4.hpp(51): warning C4201: nonstandard extension used : nameless struct/union
                 e:\ceci\programming\myprograms\opengl\opengl tasks\mckesson\tutorial 0.3.8\glsdk\glm\glm\core\type_vec4.hpp(221) : see reference to class template instantiation 'glm::detail::tvec4<T>' being compiled
     1>e:\ceci\programming\myprograms\opengl\opengl tasks\mckesson\tutorial 0.3.8\glsdk\glm\glm\core\type_vec4.hpp(52): warning C4201: nonstandard extension used : nameless struct/union
     1>e:\ceci\programming\myprograms\opengl\opengl tasks\mckesson\tutorial 0.3.8\glsdk\glm\glm\core\type_vec4.hpp(53): warning C4201: nonstandard extension used : nameless struct/union
     1>e:\ceci\programming\myprograms\opengl\opengl tasks\mckesson\tutorial 0.3.8\glsdk\glm\glm\core\type_vec2.hpp(51): warning C4201: nonstandard extension used : nameless struct/union
                 e:\ceci\programming\myprograms\opengl\opengl tasks\mckesson\tutorial 0.3.8\glsdk\glm\glm\core\func_common.inl(1321) : see reference to class template instantiation 'glm::detail::tvec2<T>' being compiled
                 with
                 [
                     T=glm::core::type::precision::mediump_int
                 ]
     1>e:\ceci\programming\myprograms\opengl\opengl tasks\mckesson\tutorial 0.3.8\glsdk\glm\glm\core\type_vec2.hpp(52): warning C4201: nonstandard extension used : nameless struct/union
     1>e:\ceci\programming\myprograms\opengl\opengl tasks\mckesson\tutorial 0.3.8\glsdk\glm\glm\core\type_vec2.hpp(53): warning C4201: nonstandard extension used : nameless struct/union
     1>e:\ceci\programming\myprograms\opengl\opengl tasks\mckesson\tutorial 0.3.8\glsdk\glm\glm\core\type_vec2.hpp(51): warning C4201: nonstandard extension used : nameless struct/union
                 e:\ceci\programming\myprograms\opengl\opengl tasks\mckesson\tutorial 0.3.8\glsdk\glm\glm\core\func_common.inl(1323) : see reference to class template instantiation 'glm::detail::tvec2<T>' being compiled
                 with
                 [
                     T=glm::core::type::precision::mediump_float
                 ]
     1>e:\ceci\programming\myprograms\opengl\opengl tasks\mckesson\tutorial 0.3.8\glsdk\glm\glm\core\type_vec2.hpp(52): warning C4201: nonstandard extension used : nameless struct/union
     1>e:\ceci\programming\myprograms\opengl\opengl tasks\mckesson\tutorial 0.3.8\glsdk\glm\glm\core\type_vec2.hpp(53): warning C4201: nonstandard extension used : nameless struct/union
     1>e:\ceci\programming\myprograms\opengl\opengl tasks\mckesson\tutorial 0.3.8\glsdk\glm\glm\core\type_vec3.hpp(51): warning C4201: nonstandard extension used : nameless struct/union
                 e:\ceci\programming\myprograms\opengl\opengl tasks\mckesson\tutorial 0.3.8\glsdk\glm\glm\core\func_common.inl(1331) : see reference to class template instantiation 'glm::detail::tvec3<T>' being compiled
                 with
                 [
                     T=glm::core::type::precision::mediump_int
                 ]
     1>e:\ceci\programming\myprograms\opengl\opengl tasks\mckesson\tutorial 0.3.8\glsdk\glm\glm\core\type_vec3.hpp(52): warning C4201: nonstandard extension used : nameless struct/union
     1>e:\ceci\programming\myprograms\opengl\opengl tasks\mckesson\tutorial 0.3.8\glsdk\glm\glm\core\type_vec3.hpp(53): warning C4201: nonstandard extension used : nameless struct/union
     1>e:\ceci\programming\myprograms\opengl\opengl tasks\mckesson\tutorial 0.3.8\glsdk\glm\glm\core\type_vec3.hpp(51): warning C4201: nonstandard extension used : nameless struct/union
                 e:\ceci\programming\myprograms\opengl\opengl tasks\mckesson\tutorial 0.3.8\glsdk\glm\glm\core\func_common.inl(1333) : see reference to class template instantiation 'glm::detail::tvec3<T>' being compiled
                 with
                 [
                     T=glm::core::type::precision::mediump_float
                 ]
     1>e:\ceci\programming\myprograms\opengl\opengl tasks\mckesson\tutorial 0.3.8\glsdk\glm\glm\core\type_vec3.hpp(52): warning C4201: nonstandard extension used : nameless struct/union
     1>e:\ceci\programming\myprograms\opengl\opengl tasks\mckesson\tutorial 0.3.8\glsdk\glm\glm\core\type_vec3.hpp(53): warning C4201: nonstandard extension used : nameless struct/union
     1>e:\ceci\programming\myprograms\opengl\opengl tasks\mckesson\tutorial 0.3.8\glsdk\glm\glm\core\type_vec4.hpp(51): warning C4201: nonstandard extension used : nameless struct/union
                 e:\ceci\programming\myprograms\opengl\opengl tasks\mckesson\tutorial 0.3.8\glsdk\glm\glm\core\func_common.inl(1342) : see reference to class template instantiation 'glm::detail::tvec4<T>' being compiled
                 with
                 [
                     T=glm::core::type::precision::mediump_int
                 ]
     1>e:\ceci\programming\myprograms\opengl\opengl tasks\mckesson\tutorial 0.3.8\glsdk\glm\glm\core\type_vec4.hpp(52): warning C4201: nonstandard extension used : nameless struct/union
     1>e:\ceci\programming\myprograms\opengl\opengl tasks\mckesson\tutorial 0.3.8\glsdk\glm\glm\core\type_vec4.hpp(53): warning C4201: nonstandard extension used : nameless struct/union
     1>e:\ceci\programming\myprograms\opengl\opengl tasks\mckesson\tutorial 0.3.8\glsdk\glm\glm\core\type_vec4.hpp(51): warning C4201: nonstandard extension used : nameless struct/union
                 e:\ceci\programming\myprograms\opengl\opengl tasks\mckesson\tutorial 0.3.8\glsdk\glm\glm\core\func_common.inl(1344) : see reference to class template instantiation 'glm::detail::tvec4<T>' being compiled
                 with
                 [
                     T=glm::core::type::precision::mediump_float
                 ]
     1>e:\ceci\programming\myprograms\opengl\opengl tasks\mckesson\tutorial 0.3.8\glsdk\glm\glm\core\type_vec4.hpp(52): warning C4201: nonstandard extension used : nameless struct/union
     1>e:\ceci\programming\myprograms\opengl\opengl tasks\mckesson\tutorial 0.3.8\glsdk\glm\glm\core\type_vec4.hpp(53): warning C4201: nonstandard extension used : nameless struct/union
     1>e:\ceci\programming\myprograms\opengl\opengl tasks\mckesson\tutorial 0.3.8\glsdk\glm\glm\core\type_vec2.hpp(51): warning C4201: nonstandard extension used : nameless struct/union
                 e:\ceci\programming\myprograms\opengl\opengl tasks\mckesson\tutorial 0.3.8\glsdk\glm\glm\core\func_common.inl(1366) : see reference to class template instantiation 'glm::detail::tvec2<T>' being compiled
                 with
                 [
                     T=glm::core::type::precision::mediump_uint
                 ]
     1>e:\ceci\programming\myprograms\opengl\opengl tasks\mckesson\tutorial 0.3.8\glsdk\glm\glm\core\type_vec2.hpp(52): warning C4201: nonstandard extension used : nameless struct/union
     1>e:\ceci\programming\myprograms\opengl\opengl tasks\mckesson\tutorial 0.3.8\glsdk\glm\glm\core\type_vec2.hpp(53): warning C4201: nonstandard extension used : nameless struct/union
     1>e:\ceci\programming\myprograms\opengl\opengl tasks\mckesson\tutorial 0.3.8\glsdk\glm\glm\core\type_vec3.hpp(51): warning C4201: nonstandard extension used : nameless struct/union
                 e:\ceci\programming\myprograms\opengl\opengl tasks\mckesson\tutorial 0.3.8\glsdk\glm\glm\core\func_common.inl(1376) : see reference to class template instantiation 'glm::detail::tvec3<T>' being compiled
                 with
                 [
                     T=glm::core::type::precision::mediump_uint
                 ]
     1>e:\ceci\programming\myprograms\opengl\opengl tasks\mckesson\tutorial 0.3.8\glsdk\glm\glm\core\type_vec3.hpp(52): warning C4201: nonstandard extension used : nameless struct/union
     1>e:\ceci\programming\myprograms\opengl\opengl tasks\mckesson\tutorial 0.3.8\glsdk\glm\glm\core\type_vec3.hpp(53): warning C4201: nonstandard extension used : nameless struct/union
     1>e:\ceci\programming\myprograms\opengl\opengl tasks\mckesson\tutorial 0.3.8\glsdk\glm\glm\core\type_vec4.hpp(51): warning C4201: nonstandard extension used : nameless struct/union
                 e:\ceci\programming\myprograms\opengl\opengl tasks\mckesson\tutorial 0.3.8\glsdk\glm\glm\core\func_common.inl(1387) : see reference to class template instantiation 'glm::detail::tvec4<T>' being compiled
                 with
                 [
                     T=glm::core::type::precision::mediump_uint
                 ]
     1>e:\ceci\programming\myprograms\opengl\opengl tasks\mckesson\tutorial 0.3.8\glsdk\glm\glm\core\type_vec4.hpp(52): warning C4201: nonstandard extension used : nameless struct/union
     1>e:\ceci\programming\myprograms\opengl\opengl tasks\mckesson\tutorial 0.3.8\glsdk\glm\glm\core\type_vec4.hpp(53): warning C4201: nonstandard extension used : nameless struct/union
     1>e:\ceci\programming\myprograms\opengl\opengl tasks\mckesson\tutorial 0.3.8\glsdk\glm\glm\core\type_vec2.hpp(51): warning C4201: nonstandard extension used : nameless struct/union
                 e:\ceci\programming\myprograms\opengl\opengl tasks\mckesson\tutorial 0.3.8\glsdk\glm\glm\core\func_packing.inl(133) : see reference to class template instantiation 'glm::detail::tvec2<T>' being compiled
                 with
                 [
                     T=glm::core::type::precision::lowp_int
                 ]
     1>e:\ceci\programming\myprograms\opengl\opengl tasks\mckesson\tutorial 0.3.8\glsdk\glm\glm\core\type_vec2.hpp(52): warning C4201: nonstandard extension used : nameless struct/union
     1>e:\ceci\programming\myprograms\opengl\opengl tasks\mckesson\tutorial 0.3.8\glsdk\glm\glm\core\type_vec2.hpp(53): warning C4201: nonstandard extension used : nameless struct/union
     1>source\MatrixStack.cpp(21): warning C4189: 'fInvSin' : local variable is initialized but not referenced
         MousePoles.cpp
     1>e:\ceci\programming\myprograms\opengl\opengl tasks\mckesson\tutorial 0.3.8\glsdk\glm\glm\core\type_vec2.hpp(51): warning C4201: nonstandard extension used : nameless struct/union
                 e:\ceci\programming\myprograms\opengl\opengl tasks\mckesson\tutorial 0.3.8\glsdk\glm\glm\core\type_vec2.hpp(176) : see reference to class template instantiation 'glm::detail::tvec2<T>' being compiled
     1>e:\ceci\programming\myprograms\opengl\opengl tasks\mckesson\tutorial 0.3.8\glsdk\glm\glm\core\type_vec2.hpp(52): warning C4201: nonstandard extension used : nameless struct/union
     1>e:\ceci\programming\myprograms\opengl\opengl tasks\mckesson\tutorial 0.3.8\glsdk\glm\glm\core\type_vec2.hpp(53): warning C4201: nonstandard extension used : nameless struct/union
     1>e:\ceci\programming\myprograms\opengl\opengl tasks\mckesson\tutorial 0.3.8\glsdk\glm\glm\core\type_vec3.hpp(51): warning C4201: nonstandard extension used : nameless struct/union
                 e:\ceci\programming\myprograms\opengl\opengl tasks\mckesson\tutorial 0.3.8\glsdk\glm\glm\core\type_vec3.hpp(189) : see reference to class template instantiation 'glm::detail::tvec3<T>' being compiled
     1>e:\ceci\programming\myprograms\opengl\opengl tasks\mckesson\tutorial 0.3.8\glsdk\glm\glm\core\type_vec3.hpp(52): warning C4201: nonstandard extension used : nameless struct/union
     1>e:\ceci\programming\myprograms\opengl\opengl tasks\mckesson\tutorial 0.3.8\glsdk\glm\glm\core\type_vec3.hpp(53): warning C4201: nonstandard extension used : nameless struct/union
     1>e:\ceci\programming\myprograms\opengl\opengl tasks\mckesson\tutorial 0.3.8\glsdk\glm\glm\core\type_vec4.hpp(51): warning C4201: nonstandard extension used : nameless struct/union
                 e:\ceci\programming\myprograms\opengl\opengl tasks\mckesson\tutorial 0.3.8\glsdk\glm\glm\core\type_vec4.hpp(221) : see reference to class template instantiation 'glm::detail::tvec4<T>' being compiled
     1>e:\ceci\programming\myprograms\opengl\opengl tasks\mckesson\tutorial 0.3.8\glsdk\glm\glm\core\type_vec4.hpp(52): warning C4201: nonstandard extension used : nameless struct/union
     1>e:\ceci\programming\myprograms\opengl\opengl tasks\mckesson\tutorial 0.3.8\glsdk\glm\glm\core\type_vec4.hpp(53): warning C4201: nonstandard extension used : nameless struct/union
     1>e:\ceci\programming\myprograms\opengl\opengl tasks\mckesson\tutorial 0.3.8\glsdk\glm\glm\core\type_vec2.hpp(51): warning C4201: nonstandard extension used : nameless struct/union
                 e:\ceci\programming\myprograms\opengl\opengl tasks\mckesson\tutorial 0.3.8\glsdk\glm\glm\core\func_common.inl(1321) : see reference to class template instantiation 'glm::detail::tvec2<T>' being compiled
                 with
                 [
                     T=glm::core::type::precision::mediump_int
                 ]
     1>e:\ceci\programming\myprograms\opengl\opengl tasks\mckesson\tutorial 0.3.8\glsdk\glm\glm\core\type_vec2.hpp(52): warning C4201: nonstandard extension used : nameless struct/union
     1>e:\ceci\programming\myprograms\opengl\opengl tasks\mckesson\tutorial 0.3.8\glsdk\glm\glm\core\type_vec2.hpp(53): warning C4201: nonstandard extension used : nameless struct/union
     1>e:\ceci\programming\myprograms\opengl\opengl tasks\mckesson\tutorial 0.3.8\glsdk\glm\glm\core\type_vec2.hpp(51): warning C4201: nonstandard extension used : nameless struct/union
                 e:\ceci\programming\myprograms\opengl\opengl tasks\mckesson\tutorial 0.3.8\glsdk\glm\glm\core\func_common.inl(1323) : see reference to class template instantiation 'glm::detail::tvec2<T>' being compiled
                 with
                 [
                     T=glm::core::type::precision::mediump_float
                 ]
     1>e:\ceci\programming\myprograms\opengl\opengl tasks\mckesson\tutorial 0.3.8\glsdk\glm\glm\core\type_vec2.hpp(52): warning C4201: nonstandard extension used : nameless struct/union
     1>e:\ceci\programming\myprograms\opengl\opengl tasks\mckesson\tutorial 0.3.8\glsdk\glm\glm\core\type_vec2.hpp(53): warning C4201: nonstandard extension used : nameless struct/union
     1>e:\ceci\programming\myprograms\opengl\opengl tasks\mckesson\tutorial 0.3.8\glsdk\glm\glm\core\type_vec3.hpp(51): warning C4201: nonstandard extension used : nameless struct/union
                 e:\ceci\programming\myprograms\opengl\opengl tasks\mckesson\tutorial 0.3.8\glsdk\glm\glm\core\func_common.inl(1331) : see reference to class template instantiation 'glm::detail::tvec3<T>' being compiled
                 with
                 [
                     T=glm::core::type::precision::mediump_int
                 ]
     1>e:\ceci\programming\myprograms\opengl\opengl tasks\mckesson\tutorial 0.3.8\glsdk\glm\glm\core\type_vec3.hpp(52): warning C4201: nonstandard extension used : nameless struct/union
     1>e:\ceci\programming\myprograms\opengl\opengl tasks\mckesson\tutorial 0.3.8\glsdk\glm\glm\core\type_vec3.hpp(53): warning C4201: nonstandard extension used : nameless struct/union
     1>e:\ceci\programming\myprograms\opengl\opengl tasks\mckesson\tutorial 0.3.8\glsdk\glm\glm\core\type_vec3.hpp(51): warning C4201: nonstandard extension used : nameless struct/union
                 e:\ceci\programming\myprograms\opengl\opengl tasks\mckesson\tutorial 0.3.8\glsdk\glm\glm\core\func_common.inl(1333) : see reference to class template instantiation 'glm::detail::tvec3<T>' being compiled
                 with
                 [
                     T=glm::core::type::precision::mediump_float
                 ]
     1>e:\ceci\programming\myprograms\opengl\opengl tasks\mckesson\tutorial 0.3.8\glsdk\glm\glm\core\type_vec3.hpp(52): warning C4201: nonstandard extension used : nameless struct/union
     1>e:\ceci\programming\myprograms\opengl\opengl tasks\mckesson\tutorial 0.3.8\glsdk\glm\glm\core\type_vec3.hpp(53): warning C4201: nonstandard extension used : nameless struct/union
     1>e:\ceci\programming\myprograms\opengl\opengl tasks\mckesson\tutorial 0.3.8\glsdk\glm\glm\core\type_vec4.hpp(51): warning C4201: nonstandard extension used : nameless struct/union
                 e:\ceci\programming\myprograms\opengl\opengl tasks\mckesson\tutorial 0.3.8\glsdk\glm\glm\core\func_common.inl(1342) : see reference to class template instantiation 'glm::detail::tvec4<T>' being compiled
                 with
                 [
                     T=glm::core::type::precision::mediump_int
                 ]
     1>e:\ceci\programming\myprograms\opengl\opengl tasks\mckesson\tutorial 0.3.8\glsdk\glm\glm\core\type_vec4.hpp(52): warning C4201: nonstandard extension used : nameless struct/union
     1>e:\ceci\programming\myprograms\opengl\opengl tasks\mckesson\tutorial 0.3.8\glsdk\glm\glm\core\type_vec4.hpp(53): warning C4201: nonstandard extension used : nameless struct/union
     1>e:\ceci\programming\myprograms\opengl\opengl tasks\mckesson\tutorial 0.3.8\glsdk\glm\glm\core\type_vec4.hpp(51): warning C4201: nonstandard extension used : nameless struct/union
                 e:\ceci\programming\myprograms\opengl\opengl tasks\mckesson\tutorial 0.3.8\glsdk\glm\glm\core\func_common.inl(1344) : see reference to class template instantiation 'glm::detail::tvec4<T>' being compiled
                 with
                 [
                     T=glm::core::type::precision::mediump_float
                 ]
     1>e:\ceci\programming\myprograms\opengl\opengl tasks\mckesson\tutorial 0.3.8\glsdk\glm\glm\core\type_vec4.hpp(52): warning C4201: nonstandard extension used : nameless struct/union
     1>e:\ceci\programming\myprograms\opengl\opengl tasks\mckesson\tutorial 0.3.8\glsdk\glm\glm\core\type_vec4.hpp(53): warning C4201: nonstandard extension used : nameless struct/union
     1>e:\ceci\programming\myprograms\opengl\opengl tasks\mckesson\tutorial 0.3.8\glsdk\glm\glm\core\type_vec2.hpp(51): warning C4201: nonstandard extension used : nameless struct/union
                 e:\ceci\programming\myprograms\opengl\opengl tasks\mckesson\tutorial 0.3.8\glsdk\glm\glm\core\func_common.inl(1366) : see reference to class template instantiation 'glm::detail::tvec2<T>' being compiled
                 with
                 [
                     T=glm::core::type::precision::mediump_uint
                 ]
     1>e:\ceci\programming\myprograms\opengl\opengl tasks\mckesson\tutorial 0.3.8\glsdk\glm\glm\core\type_vec2.hpp(52): warning C4201: nonstandard extension used : nameless struct/union
     1>e:\ceci\programming\myprograms\opengl\opengl tasks\mckesson\tutorial 0.3.8\glsdk\glm\glm\core\type_vec2.hpp(53): warning C4201: nonstandard extension used : nameless struct/union
     1>e:\ceci\programming\myprograms\opengl\opengl tasks\mckesson\tutorial 0.3.8\glsdk\glm\glm\core\type_vec3.hpp(51): warning C4201: nonstandard extension used : nameless struct/union
                 e:\ceci\programming\myprograms\opengl\opengl tasks\mckesson\tutorial 0.3.8\glsdk\glm\glm\core\func_common.inl(1376) : see reference to class template instantiation 'glm::detail::tvec3<T>' being compiled
                 with
                 [
                     T=glm::core::type::precision::mediump_uint
                 ]
     1>e:\ceci\programming\myprograms\opengl\opengl tasks\mckesson\tutorial 0.3.8\glsdk\glm\glm\core\type_vec3.hpp(52): warning C4201: nonstandard extension used : nameless struct/union
     1>e:\ceci\programming\myprograms\opengl\opengl tasks\mckesson\tutorial 0.3.8\glsdk\glm\glm\core\type_vec3.hpp(53): warning C4201: nonstandard extension used : nameless struct/union
     1>e:\ceci\programming\myprograms\opengl\opengl tasks\mckesson\tutorial 0.3.8\glsdk\glm\glm\core\type_vec4.hpp(51): warning C4201: nonstandard extension used : nameless struct/union
                 e:\ceci\programming\myprograms\opengl\opengl tasks\mckesson\tutorial 0.3.8\glsdk\glm\glm\core\func_common.inl(1387) : see reference to class template instantiation 'glm::detail::tvec4<T>' being compiled
                 with
                 [
                     T=glm::core::type::precision::mediump_uint
                 ]
     1>e:\ceci\programming\myprograms\opengl\opengl tasks\mckesson\tutorial 0.3.8\glsdk\glm\glm\core\type_vec4.hpp(52): warning C4201: nonstandard extension used : nameless struct/union
     1>e:\ceci\programming\myprograms\opengl\opengl tasks\mckesson\tutorial 0.3.8\glsdk\glm\glm\core\type_vec4.hpp(53): warning C4201: nonstandard extension used : nameless struct/union
     1>e:\ceci\programming\myprograms\opengl\opengl tasks\mckesson\tutorial 0.3.8\glsdk\glm\glm\core\type_vec2.hpp(51): warning C4201: nonstandard extension used : nameless struct/union
                 e:\ceci\programming\myprograms\opengl\opengl tasks\mckesson\tutorial 0.3.8\glsdk\glm\glm\core\func_packing.inl(133) : see reference to class template instantiation 'glm::detail::tvec2<T>' being compiled
                 with
                 [
                     T=glm::core::type::precision::lowp_int
                 ]
     1>e:\ceci\programming\myprograms\opengl\opengl tasks\mckesson\tutorial 0.3.8\glsdk\glm\glm\core\type_vec2.hpp(52): warning C4201: nonstandard extension used : nameless struct/union
     1>e:\ceci\programming\myprograms\opengl\opengl tasks\mckesson\tutorial 0.3.8\glsdk\glm\glm\core\type_vec2.hpp(53): warning C4201: nonstandard extension used : nameless struct/union
     1>source\MousePoles.cpp(187): warning C4100: 'position' : unreferenced formal parameter
     1>source\MousePoles.cpp(187): warning C4100: 'modifiers' : unreferenced formal parameter
     1>source\MousePoles.cpp(187): warning C4100: 'direction' : unreferenced formal parameter
     1>source\MousePoles.cpp(192): warning C4100: 'key' : unreferenced formal parameter
     1>source\MousePoles.cpp(241): warning C4100: 'bClearY' : unreferenced formal parameter
     1>source\MousePoles.cpp(249): warning C4100: 'bClearXZ' : unreferenced formal parameter
     1>source\MousePoles.cpp(268): warning C4100: 'iYDiff' : unreferenced formal parameter
     1>source\MousePoles.cpp(393): warning C4100: 'position' : unreferenced formal parameter
         Shader.cpp
         WindowPos.cpp
     1>e:\ceci\programming\myprograms\opengl\opengl tasks\mckesson\tutorial 0.3.8\glsdk\glm\glm\core\type_vec2.hpp(51): warning C4201: nonstandard extension used : nameless struct/union
                 e:\ceci\programming\myprograms\opengl\opengl tasks\mckesson\tutorial 0.3.8\glsdk\glm\glm\core\type_vec2.hpp(176) : see reference to class template instantiation 'glm::detail::tvec2<T>' being compiled
     1>e:\ceci\programming\myprograms\opengl\opengl tasks\mckesson\tutorial 0.3.8\glsdk\glm\glm\core\type_vec2.hpp(52): warning C4201: nonstandard extension used : nameless struct/union
     1>e:\ceci\programming\myprograms\opengl\opengl tasks\mckesson\tutorial 0.3.8\glsdk\glm\glm\core\type_vec2.hpp(53): warning C4201: nonstandard extension used : nameless struct/union
     1>e:\ceci\programming\myprograms\opengl\opengl tasks\mckesson\tutorial 0.3.8\glsdk\glm\glm\core\type_vec3.hpp(51): warning C4201: nonstandard extension used : nameless struct/union
                 e:\ceci\programming\myprograms\opengl\opengl tasks\mckesson\tutorial 0.3.8\glsdk\glm\glm\core\type_vec3.hpp(189) : see reference to class template instantiation 'glm::detail::tvec3<T>' being compiled
     1>e:\ceci\programming\myprograms\opengl\opengl tasks\mckesson\tutorial 0.3.8\glsdk\glm\glm\core\type_vec3.hpp(52): warning C4201: nonstandard extension used : nameless struct/union
     1>e:\ceci\programming\myprograms\opengl\opengl tasks\mckesson\tutorial 0.3.8\glsdk\glm\glm\core\type_vec3.hpp(53): warning C4201: nonstandard extension used : nameless struct/union
     1>e:\ceci\programming\myprograms\opengl\opengl tasks\mckesson\tutorial 0.3.8\glsdk\glm\glm\core\type_vec4.hpp(51): warning C4201: nonstandard extension used : nameless struct/union
                 e:\ceci\programming\myprograms\opengl\opengl tasks\mckesson\tutorial 0.3.8\glsdk\glm\glm\core\type_vec4.hpp(221) : see reference to class template instantiation 'glm::detail::tvec4<T>' being compiled
     1>e:\ceci\programming\myprograms\opengl\opengl tasks\mckesson\tutorial 0.3.8\glsdk\glm\glm\core\type_vec4.hpp(52): warning C4201: nonstandard extension used : nameless struct/union
     1>e:\ceci\programming\myprograms\opengl\opengl tasks\mckesson\tutorial 0.3.8\glsdk\glm\glm\core\type_vec4.hpp(53): warning C4201: nonstandard extension used : nameless struct/union
     1>e:\ceci\programming\myprograms\opengl\opengl tasks\mckesson\tutorial 0.3.8\glsdk\glm\glm\core\type_vec2.hpp(51): warning C4201: nonstandard extension used : nameless struct/union
                 e:\ceci\programming\myprograms\opengl\opengl tasks\mckesson\tutorial 0.3.8\glsdk\glm\glm\core\func_common.inl(1321) : see reference to class template instantiation 'glm::detail::tvec2<T>' being compiled
                 with
                 [
                     T=glm::core::type::precision::mediump_int
                 ]
     1>e:\ceci\programming\myprograms\opengl\opengl tasks\mckesson\tutorial 0.3.8\glsdk\glm\glm\core\type_vec2.hpp(52): warning C4201: nonstandard extension used : nameless struct/union
     1>e:\ceci\programming\myprograms\opengl\opengl tasks\mckesson\tutorial 0.3.8\glsdk\glm\glm\core\type_vec2.hpp(53): warning C4201: nonstandard extension used : nameless struct/union
     1>e:\ceci\programming\myprograms\opengl\opengl tasks\mckesson\tutorial 0.3.8\glsdk\glm\glm\core\type_vec2.hpp(51): warning C4201: nonstandard extension used : nameless struct/union
                 e:\ceci\programming\myprograms\opengl\opengl tasks\mckesson\tutorial 0.3.8\glsdk\glm\glm\core\func_common.inl(1323) : see reference to class template instantiation 'glm::detail::tvec2<T>' being compiled
                 with
                 [
                     T=glm::core::type::precision::mediump_float
                 ]
     1>e:\ceci\programming\myprograms\opengl\opengl tasks\mckesson\tutorial 0.3.8\glsdk\glm\glm\core\type_vec2.hpp(52): warning C4201: nonstandard extension used : nameless struct/union
     1>e:\ceci\programming\myprograms\opengl\opengl tasks\mckesson\tutorial 0.3.8\glsdk\glm\glm\core\type_vec2.hpp(53): warning C4201: nonstandard extension used : nameless struct/union
     1>e:\ceci\programming\myprograms\opengl\opengl tasks\mckesson\tutorial 0.3.8\glsdk\glm\glm\core\type_vec3.hpp(51): warning C4201: nonstandard extension used : nameless struct/union
                 e:\ceci\programming\myprograms\opengl\opengl tasks\mckesson\tutorial 0.3.8\glsdk\glm\glm\core\func_common.inl(1331) : see reference to class template instantiation 'glm::detail::tvec3<T>' being compiled
                 with
                 [
                     T=glm::core::type::precision::mediump_int
                 ]
     1>e:\ceci\programming\myprograms\opengl\opengl tasks\mckesson\tutorial 0.3.8\glsdk\glm\glm\core\type_vec3.hpp(52): warning C4201: nonstandard extension used : nameless struct/union
     1>e:\ceci\programming\myprograms\opengl\opengl tasks\mckesson\tutorial 0.3.8\glsdk\glm\glm\core\type_vec3.hpp(53): warning C4201: nonstandard extension used : nameless struct/union
     1>e:\ceci\programming\myprograms\opengl\opengl tasks\mckesson\tutorial 0.3.8\glsdk\glm\glm\core\type_vec3.hpp(51): warning C4201: nonstandard extension used : nameless struct/union
                 e:\ceci\programming\myprograms\opengl\opengl tasks\mckesson\tutorial 0.3.8\glsdk\glm\glm\core\func_common.inl(1333) : see reference to class template instantiation 'glm::detail::tvec3<T>' being compiled
                 with
                 [
                     T=glm::core::type::precision::mediump_float
                 ]
     1>e:\ceci\programming\myprograms\opengl\opengl tasks\mckesson\tutorial 0.3.8\glsdk\glm\glm\core\type_vec3.hpp(52): warning C4201: nonstandard extension used : nameless struct/union
     1>e:\ceci\programming\myprograms\opengl\opengl tasks\mckesson\tutorial 0.3.8\glsdk\glm\glm\core\type_vec3.hpp(53): warning C4201: nonstandard extension used : nameless struct/union
     1>e:\ceci\programming\myprograms\opengl\opengl tasks\mckesson\tutorial 0.3.8\glsdk\glm\glm\core\type_vec4.hpp(51): warning C4201: nonstandard extension used : nameless struct/union
                 e:\ceci\programming\myprograms\opengl\opengl tasks\mckesson\tutorial 0.3.8\glsdk\glm\glm\core\func_common.inl(1342) : see reference to class template instantiation 'glm::detail::tvec4<T>' being compiled
                 with
                 [
                     T=glm::core::type::precision::mediump_int
                 ]
     1>e:\ceci\programming\myprograms\opengl\opengl tasks\mckesson\tutorial 0.3.8\glsdk\glm\glm\core\type_vec4.hpp(52): warning C4201: nonstandard extension used : nameless struct/union
     1>e:\ceci\programming\myprograms\opengl\opengl tasks\mckesson\tutorial 0.3.8\glsdk\glm\glm\core\type_vec4.hpp(53): warning C4201: nonstandard extension used : nameless struct/union
     1>e:\ceci\programming\myprograms\opengl\opengl tasks\mckesson\tutorial 0.3.8\glsdk\glm\glm\core\type_vec4.hpp(51): warning C4201: nonstandard extension used : nameless struct/union
                 e:\ceci\programming\myprograms\opengl\opengl tasks\mckesson\tutorial 0.3.8\glsdk\glm\glm\core\func_common.inl(1344) : see reference to class template instantiation 'glm::detail::tvec4<T>' being compiled
                 with
                 [
                     T=glm::core::type::precision::mediump_float
                 ]
     1>e:\ceci\programming\myprograms\opengl\opengl tasks\mckesson\tutorial 0.3.8\glsdk\glm\glm\core\type_vec4.hpp(52): warning C4201: nonstandard extension used : nameless struct/union
     1>e:\ceci\programming\myprograms\opengl\opengl tasks\mckesson\tutorial 0.3.8\glsdk\glm\glm\core\type_vec4.hpp(53): warning C4201: nonstandard extension used : nameless struct/union
     1>e:\ceci\programming\myprograms\opengl\opengl tasks\mckesson\tutorial 0.3.8\glsdk\glm\glm\core\type_vec2.hpp(51): warning C4201: nonstandard extension used : nameless struct/union
                 e:\ceci\programming\myprograms\opengl\opengl tasks\mckesson\tutorial 0.3.8\glsdk\glm\glm\core\func_common.inl(1366) : see reference to class template instantiation 'glm::detail::tvec2<T>' being compiled
                 with
                 [
                     T=glm::core::type::precision::mediump_uint
                 ]
     1>e:\ceci\programming\myprograms\opengl\opengl tasks\mckesson\tutorial 0.3.8\glsdk\glm\glm\core\type_vec2.hpp(52): warning C4201: nonstandard extension used : nameless struct/union
     1>e:\ceci\programming\myprograms\opengl\opengl tasks\mckesson\tutorial 0.3.8\glsdk\glm\glm\core\type_vec2.hpp(53): warning C4201: nonstandard extension used : nameless struct/union
     1>e:\ceci\programming\myprograms\opengl\opengl tasks\mckesson\tutorial 0.3.8\glsdk\glm\glm\core\type_vec3.hpp(51): warning C4201: nonstandard extension used : nameless struct/union
                 e:\ceci\programming\myprograms\opengl\opengl tasks\mckesson\tutorial 0.3.8\glsdk\glm\glm\core\func_common.inl(1376) : see reference to class template instantiation 'glm::detail::tvec3<T>' being compiled
                 with
                 [
                     T=glm::core::type::precision::mediump_uint
                 ]
     1>e:\ceci\programming\myprograms\opengl\opengl tasks\mckesson\tutorial 0.3.8\glsdk\glm\glm\core\type_vec3.hpp(52): warning C4201: nonstandard extension used : nameless struct/union
     1>e:\ceci\programming\myprograms\opengl\opengl tasks\mckesson\tutorial 0.3.8\glsdk\glm\glm\core\type_vec3.hpp(53): warning C4201: nonstandard extension used : nameless struct/union
     1>e:\ceci\programming\myprograms\opengl\opengl tasks\mckesson\tutorial 0.3.8\glsdk\glm\glm\core\type_vec4.hpp(51): warning C4201: nonstandard extension used : nameless struct/union
                 e:\ceci\programming\myprograms\opengl\opengl tasks\mckesson\tutorial 0.3.8\glsdk\glm\glm\core\func_common.inl(1387) : see reference to class template instantiation 'glm::detail::tvec4<T>' being compiled
                 with
                 [
                     T=glm::core::type::precision::mediump_uint
                 ]
     1>e:\ceci\programming\myprograms\opengl\opengl tasks\mckesson\tutorial 0.3.8\glsdk\glm\glm\core\type_vec4.hpp(52): warning C4201: nonstandard extension used : nameless struct/union
     1>e:\ceci\programming\myprograms\opengl\opengl tasks\mckesson\tutorial 0.3.8\glsdk\glm\glm\core\type_vec4.hpp(53): warning C4201: nonstandard extension used : nameless struct/union
     1>e:\ceci\programming\myprograms\opengl\opengl tasks\mckesson\tutorial 0.3.8\glsdk\glm\glm\core\type_vec2.hpp(51): warning C4201: nonstandard extension used : nameless struct/union
                 e:\ceci\programming\myprograms\opengl\opengl tasks\mckesson\tutorial 0.3.8\glsdk\glm\glm\core\func_packing.inl(133) : see reference to class template instantiation 'glm::detail::tvec2<T>' being compiled
                 with
                 [
                     T=glm::core::type::precision::lowp_int
                 ]
     1>e:\ceci\programming\myprograms\opengl\opengl tasks\mckesson\tutorial 0.3.8\glsdk\glm\glm\core\type_vec2.hpp(52): warning C4201: nonstandard extension used : nameless struct/union
     1>e:\ceci\programming\myprograms\opengl\opengl tasks\mckesson\tutorial 0.3.8\glsdk\glm\glm\core\type_vec2.hpp(53): warning C4201: nonstandard extension used : nameless struct/union
       Lib:
         C:\Program Files (x86)\Microsoft Visual Studio 10.0\VC\bin\Lib.exe /OUT:"lib\glutil.lib" /NOLOGO /LTCG Release\Debug.obj
         Release\MatrixStack.obj
         Release\MousePoles.obj
         Release\Shader.obj
         Release\WindowPos.obj
         glutil.vcxproj -> E:\CECI\Programming\MyPrograms\OpenGL\OpenGL Tasks\McKesson\Tutorial 0.3.8\glsdk\glutil\lib\glutil.lib
       FinalizeBuildStatus:
         Deleting file "Release\glutil.unsuccessfulbuild".
         Touching "Release\glutil.lastbuildstate".
     1>Done Building Project "E:\CECI\Programming\MyPrograms\OpenGL\OpenGL Tasks\McKesson\Tutorial 0.3.8\glsdk\glutil\glutil.vcxproj" (rebuild target(s)).

Build succeeded.

Time Elapsed 00:00:02.18
