Build started 14.7.2012 г. 17:31:56 ч..
     1>Project "E:\CECI\TheGame\Source\StarGame\Universe\Universe.vcxproj" on node 3 (rebuild target(s)).
     1>_PrepareForClean:
         Deleting file "Debug\Universe.lastbuildstate".
       InitializeBuildStatus:
         Creating "Debug\Universe.unsuccessfulbuild" because "AlwaysCreate" was specified.
       ClCompile:
         C:\Program Files (x86)\Microsoft Visual Studio 10.0\VC\bin\CL.exe /c /ZI /nologo /W3 /WX- /Od /Oy- /D WIN32 /D _DEBUG /D _LIB /D _UNICODE /D UNICODE /Gm /EHsc /RTC1 /MDd /GS /fp:precise /Zc:wchar_t /Zc:forScope /Yc"StdAfx.h" /Fp"Debug\Universe.pch" /Fo"Debug\\" /Fd"Debug\vc100.pdb" /Gd /TP /analyze- /errorReport:prompt stdafx.cpp
         stdafx.cpp
         C:\Program Files (x86)\Microsoft Visual Studio 10.0\VC\bin\CL.exe /c /ZI /nologo /W3 /WX- /Od /Oy- /D WIN32 /D _DEBUG /D _LIB /D _UNICODE /D UNICODE /Gm /EHsc /RTC1 /MDd /GS /fp:precise /Zc:wchar_t /Zc:forScope /Yu"StdAfx.h" /Fp"Debug\Universe.pch" /Fo"Debug\\" /Fd"Debug\vc100.pdb" /Gd /TP /analyze- /errorReport:prompt Universe.cpp
         Universe.cpp
       Lib:
         C:\Program Files (x86)\Microsoft Visual Studio 10.0\VC\bin\Lib.exe /OUT:"E:\CECI\TheGame\Source\StarGame\Debug\Universe.lib" /NOLOGO Debug\stdafx.obj
         Debug\Universe.obj
         Universe.vcxproj -> E:\CECI\TheGame\Source\StarGame\Debug\Universe.lib
       FinalizeBuildStatus:
         Deleting file "Debug\Universe.unsuccessfulbuild".
         Touching "Debug\Universe.lastbuildstate".
     1>Done Building Project "E:\CECI\TheGame\Source\StarGame\Universe\Universe.vcxproj" (rebuild target(s)).

Build succeeded.

Time Elapsed 00:00:00.93
