E:\CECI\THEGAME\SOURCE\STARGAME\DEBUG\UNIVERSE.DLL
E:\CECI\TheGame\Source\StarGame\Debug\Universe.exp
E:\CECI\THEGAME\SOURCE\STARGAME\DEBUG\UNIVERSE.ILK
E:\CECI\TheGame\Source\StarGame\Debug\Universe.lib
E:\CECI\THEGAME\SOURCE\STARGAME\DEBUG\UNIVERSE.PDB
E:\CECI\TheGame\Source\StarGame\Universe\Debug\cl.command.1.tlog
E:\CECI\TheGame\Source\StarGame\Universe\Debug\CL.read.1.tlog
E:\CECI\TheGame\Source\StarGame\Universe\Debug\CL.write.1.tlog
E:\CECI\THEGAME\SOURCE\STARGAME\UNIVERSE\DEBUG\DLLMAIN.OBJ
E:\CECI\TheGame\Source\StarGame\Universe\Debug\link.1220.read.1.tlog
E:\CECI\TheGame\Source\StarGame\Universe\Debug\link.1220.write.1.tlog
E:\CECI\TheGame\Source\StarGame\Universe\Debug\link.1220-cvtres.read.1.tlog
E:\CECI\TheGame\Source\StarGame\Universe\Debug\link.1220-cvtres.write.1.tlog
E:\CECI\TheGame\Source\StarGame\Universe\Debug\link.1604.read.1.tlog
E:\CECI\TheGame\Source\StarGame\Universe\Debug\link.1604.write.1.tlog
E:\CECI\TheGame\Source\StarGame\Universe\Debug\link.1604-cvtres.read.1.tlog
E:\CECI\TheGame\Source\StarGame\Universe\Debug\link.1604-cvtres.write.1.tlog
E:\CECI\TheGame\Source\StarGame\Universe\Debug\link.2032.read.1.tlog
E:\CECI\TheGame\Source\StarGame\Universe\Debug\link.2032.write.1.tlog
E:\CECI\TheGame\Source\StarGame\Universe\Debug\link.2032-cvtres.read.1.tlog
E:\CECI\TheGame\Source\StarGame\Universe\Debug\link.2032-cvtres.write.1.tlog
E:\CECI\TheGame\Source\StarGame\Universe\Debug\link.2856.read.1.tlog
E:\CECI\TheGame\Source\StarGame\Universe\Debug\link.2856.write.1.tlog
E:\CECI\TheGame\Source\StarGame\Universe\Debug\link.2856-cvtres.read.1.tlog
E:\CECI\TheGame\Source\StarGame\Universe\Debug\link.2856-cvtres.write.1.tlog
E:\CECI\TheGame\Source\StarGame\Universe\Debug\link.2948.read.1.tlog
E:\CECI\TheGame\Source\StarGame\Universe\Debug\link.2948.write.1.tlog
E:\CECI\TheGame\Source\StarGame\Universe\Debug\link.2948-cvtres.read.1.tlog
E:\CECI\TheGame\Source\StarGame\Universe\Debug\link.2948-cvtres.write.1.tlog
E:\CECI\TheGame\Source\StarGame\Universe\Debug\link.4460.read.1.tlog
E:\CECI\TheGame\Source\StarGame\Universe\Debug\link.4460.write.1.tlog
E:\CECI\TheGame\Source\StarGame\Universe\Debug\link.4460-cvtres.read.1.tlog
E:\CECI\TheGame\Source\StarGame\Universe\Debug\link.4460-cvtres.write.1.tlog
E:\CECI\TheGame\Source\StarGame\Universe\Debug\link.5056.read.1.tlog
E:\CECI\TheGame\Source\StarGame\Universe\Debug\link.5056.write.1.tlog
E:\CECI\TheGame\Source\StarGame\Universe\Debug\link.5056-cvtres.read.1.tlog
E:\CECI\TheGame\Source\StarGame\Universe\Debug\link.5056-cvtres.write.1.tlog
E:\CECI\TheGame\Source\StarGame\Universe\Debug\link.5132.read.1.tlog
E:\CECI\TheGame\Source\StarGame\Universe\Debug\link.5132.write.1.tlog
E:\CECI\TheGame\Source\StarGame\Universe\Debug\link.5132-cvtres.read.1.tlog
E:\CECI\TheGame\Source\StarGame\Universe\Debug\link.5132-cvtres.write.1.tlog
E:\CECI\TheGame\Source\StarGame\Universe\Debug\link.5828.read.1.tlog
E:\CECI\TheGame\Source\StarGame\Universe\Debug\link.5828.write.1.tlog
E:\CECI\TheGame\Source\StarGame\Universe\Debug\link.5828-cvtres.read.1.tlog
E:\CECI\TheGame\Source\StarGame\Universe\Debug\link.5828-cvtres.write.1.tlog
E:\CECI\TheGame\Source\StarGame\Universe\Debug\link.5896.read.1.tlog
E:\CECI\TheGame\Source\StarGame\Universe\Debug\link.5896.write.1.tlog
E:\CECI\TheGame\Source\StarGame\Universe\Debug\link.5896-cvtres.read.1.tlog
E:\CECI\TheGame\Source\StarGame\Universe\Debug\link.5896-cvtres.write.1.tlog
E:\CECI\TheGame\Source\StarGame\Universe\Debug\link.5928.read.1.tlog
E:\CECI\TheGame\Source\StarGame\Universe\Debug\link.5928.write.1.tlog
E:\CECI\TheGame\Source\StarGame\Universe\Debug\link.5928-cvtres.read.1.tlog
E:\CECI\TheGame\Source\StarGame\Universe\Debug\link.5928-cvtres.write.1.tlog
E:\CECI\TheGame\Source\StarGame\Universe\Debug\link.6216.read.1.tlog
E:\CECI\TheGame\Source\StarGame\Universe\Debug\link.6216.write.1.tlog
E:\CECI\TheGame\Source\StarGame\Universe\Debug\link.6216-cvtres.read.1.tlog
E:\CECI\TheGame\Source\StarGame\Universe\Debug\link.6216-cvtres.write.1.tlog
E:\CECI\TheGame\Source\StarGame\Universe\Debug\link.6828.read.1.tlog
E:\CECI\TheGame\Source\StarGame\Universe\Debug\link.6828.write.1.tlog
E:\CECI\TheGame\Source\StarGame\Universe\Debug\link.6828-cvtres.read.1.tlog
E:\CECI\TheGame\Source\StarGame\Universe\Debug\link.6828-cvtres.write.1.tlog
E:\CECI\TheGame\Source\StarGame\Universe\Debug\link.7200.read.1.tlog
E:\CECI\TheGame\Source\StarGame\Universe\Debug\link.7200.write.1.tlog
E:\CECI\TheGame\Source\StarGame\Universe\Debug\link.7200-cvtres.read.1.tlog
E:\CECI\TheGame\Source\StarGame\Universe\Debug\link.7200-cvtres.write.1.tlog
E:\CECI\TheGame\Source\StarGame\Universe\Debug\link.7940.read.1.tlog
E:\CECI\TheGame\Source\StarGame\Universe\Debug\link.7940.write.1.tlog
E:\CECI\TheGame\Source\StarGame\Universe\Debug\link.7940-cvtres.read.1.tlog
E:\CECI\TheGame\Source\StarGame\Universe\Debug\link.7940-cvtres.write.1.tlog
E:\CECI\TheGame\Source\StarGame\Universe\Debug\link.7948.read.1.tlog
E:\CECI\TheGame\Source\StarGame\Universe\Debug\link.7948.write.1.tlog
E:\CECI\TheGame\Source\StarGame\Universe\Debug\link.7948-cvtres.read.1.tlog
E:\CECI\TheGame\Source\StarGame\Universe\Debug\link.7948-cvtres.write.1.tlog
E:\CECI\TheGame\Source\StarGame\Universe\Debug\link.command.1.tlog
E:\CECI\TheGame\Source\StarGame\Universe\Debug\link.read.1.tlog
E:\CECI\TheGame\Source\StarGame\Universe\Debug\link.write.1.tlog
E:\CECI\TheGame\Source\StarGame\Universe\Debug\link-cvtres.read.1.tlog
E:\CECI\TheGame\Source\StarGame\Universe\Debug\link-cvtres.write.1.tlog
E:\CECI\TheGame\Source\StarGame\Universe\Debug\mt.command.1.tlog
E:\CECI\TheGame\Source\StarGame\Universe\Debug\mt.read.1.tlog
E:\CECI\TheGame\Source\StarGame\Universe\Debug\mt.write.1.tlog
E:\CECI\TheGame\Source\StarGame\Universe\Debug\rc.command.1.tlog
E:\CECI\TheGame\Source\StarGame\Universe\Debug\rc.read.1.tlog
E:\CECI\TheGame\Source\StarGame\Universe\Debug\rc.write.1.tlog
E:\CECI\THEGAME\SOURCE\STARGAME\UNIVERSE\DEBUG\STDAFX.OBJ
E:\CECI\THEGAME\SOURCE\STARGAME\UNIVERSE\DEBUG\UNIVERSE.DLL.EMBED.MANIFEST
E:\CECI\THEGAME\SOURCE\STARGAME\UNIVERSE\DEBUG\UNIVERSE.DLL.EMBED.MANIFEST.RES
E:\CECI\THEGAME\SOURCE\STARGAME\UNIVERSE\DEBUG\UNIVERSE.DLL.INTERMEDIATE.MANIFEST
E:\CECI\THEGAME\SOURCE\STARGAME\UNIVERSE\DEBUG\UNIVERSE.OBJ
E:\CECI\THEGAME\SOURCE\STARGAME\UNIVERSE\DEBUG\UNIVERSE.PCH
E:\CECI\TheGame\Source\StarGame\Universe\Debug\Universe.write.1.tlog
E:\CECI\TheGame\Source\StarGame\Universe\Debug\Universe_manifest.rc
E:\CECI\TheGame\Source\StarGame\Universe\Debug\vc100.idb
E:\CECI\THEGAME\SOURCE\STARGAME\UNIVERSE\DEBUG\VC100.PDB
