Build started 16.10.2012 г. 18:44:49 ч..
     1>Project "E:\CECI\TheGame\Source\StarGame\Fusion\Fusion.vcxproj" on node 2 (build target(s)).
     1>InitializeBuildStatus:
         Creating "Release\Fusion.unsuccessfulbuild" because "AlwaysCreate" was specified.
       ClCompile:
         C:\Program Files (x86)\Microsoft Visual Studio 10.0\VC\bin\CL.exe /c /Zi /nologo /W3 /WX- /O2 /Oi /Oy- /GL /D WIN32 /D NDEBUG /D _LIB /D _UNICODE /D UNICODE /Gm- /EHsc /MD /GS /Gy /fp:precise /Zc:wchar_t /Zc:forScope /Yc"StdAfx.h" /Fp"Release\Fusion.pch" /Fo"Release\\" /Fd"Release\vc100.pdb" /Gd /TP /analyze- /errorReport:prompt stdafx.cpp
         stdafx.cpp
         C:\Program Files (x86)\Microsoft Visual Studio 10.0\VC\bin\CL.exe /c /Zi /nologo /W3 /WX- /O2 /Oi /Oy- /GL /D WIN32 /D NDEBUG /D _LIB /D _UNICODE /D UNICODE /Gm- /EHsc /MD /GS /Gy /fp:precise /Zc:wchar_t /Zc:forScope /Yu"StdAfx.h" /Fp"Release\Fusion.pch" /Fo"Release\\" /Fd"Release\vc100.pdb" /Gd /TP /analyze- /errorReport:prompt FusionInput.cpp
         FusionInput.cpp
     1>e:\ceci\thegame\source\stargame\fusion\FusionInput.h(73): warning C4996: 'strcpy': This function or variable may be unsafe. Consider using strcpy_s instead. To disable deprecation, use _CRT_SECURE_NO_WARNINGS. See online help for details.
                 C:\Program Files (x86)\Microsoft Visual Studio 10.0\VC\include\string.h(105) : see declaration of 'strcpy'
     1>e:\ceci\thegame\source\stargame\fusion\FusionInput.h(76): warning C4996: 'strcpy': This function or variable may be unsafe. Consider using strcpy_s instead. To disable deprecation, use _CRT_SECURE_NO_WARNINGS. See online help for details.
                 C:\Program Files (x86)\Microsoft Visual Studio 10.0\VC\include\string.h(105) : see declaration of 'strcpy'
       Lib:
         C:\Program Files (x86)\Microsoft Visual Studio 10.0\VC\bin\Lib.exe /OUT:"E:\CECI\TheGame\Source\StarGame\Release\Fusion.lib" /NOLOGO /LTCG Release\FusionInput.obj
         Release\stdafx.obj
         Fusion.vcxproj -> E:\CECI\TheGame\Source\StarGame\Release\Fusion.lib
       FinalizeBuildStatus:
         Deleting file "Release\Fusion.unsuccessfulbuild".
         Touching "Release\Fusion.lastbuildstate".
     1>Done Building Project "E:\CECI\TheGame\Source\StarGame\Fusion\Fusion.vcxproj" (build target(s)).

Build succeeded.

Time Elapsed 00:00:00.59
