E:\CECI\TheGame\Source\StarGame\Entities\Release\cl.command.1.tlog
E:\CECI\TheGame\Source\StarGame\Entities\Release\CL.read.1.tlog
E:\CECI\TheGame\Source\StarGame\Entities\Release\CL.write.1.tlog
E:\CECI\THEGAME\SOURCE\STARGAME\ENTITIES\RELEASE\DLLMAIN.OBJ
E:\CECI\THEGAME\SOURCE\STARGAME\ENTITIES\RELEASE\ENTITIES.DLL.INTERMEDIATE.MANIFEST
E:\CECI\THEGAME\SOURCE\STARGAME\ENTITIES\RELEASE\ENTITIES.OBJ
E:\CECI\THEGAME\SOURCE\STARGAME\ENTITIES\RELEASE\ENTITIES.PCH
E:\CECI\TheGame\Source\StarGame\Entities\Release\Entities.write.1.tlog
E:\CECI\TheGame\Source\StarGame\Entities\Release\link.command.1.tlog
E:\CECI\TheGame\Source\StarGame\Entities\Release\link.read.1.tlog
E:\CECI\TheGame\Source\StarGame\Entities\Release\link.write.1.tlog
E:\CECI\TheGame\Source\StarGame\Entities\Release\mt.command.1.tlog
E:\CECI\TheGame\Source\StarGame\Entities\Release\mt.read.1.tlog
E:\CECI\TheGame\Source\StarGame\Entities\Release\mt.write.1.tlog
E:\CECI\THEGAME\SOURCE\STARGAME\ENTITIES\RELEASE\STDAFX.OBJ
E:\CECI\THEGAME\SOURCE\STARGAME\ENTITIES\RELEASE\VC100.PDB
E:\CECI\THEGAME\SOURCE\STARGAME\RELEASE\ENTITIES.DLL
E:\CECI\TheGame\Source\StarGame\Release\Entities.exp
E:\CECI\TheGame\Source\StarGame\Release\Entities.lib
E:\CECI\THEGAME\SOURCE\STARGAME\RELEASE\ENTITIES.PDB
