Build started 12.1.2013 г. 17:52:39 ч..
     1>Project "E:\CECI\TheGame\Source\StarGame\Entities\Entities.vcxproj" on node 3 (build target(s)).
     1>InitializeBuildStatus:
         Creating "Release\Entities.unsuccessfulbuild" because "AlwaysCreate" was specified.
       ClCompile:
         All outputs are up-to-date.
         C:\Program Files (x86)\Microsoft Visual Studio 10.0\VC\bin\CL.exe /c /Zi /nologo /W3 /WX- /O2 /Oi /Oy- /GL /D _CRT_SECURE_NO_WARNINGS /D _CRT_SECURE_NO_DEPRECATE /D _SCL_SECURE_NO_WARNINGS /D TIXML_USE_STL /D FREEGLUT_STATIC /D WIN32 /D _LIB /D FREEGLUT_LIB_PRAGMAS=0 /D RELEASE /D NDEBUG /D _UNICODE /D UNICODE /Gm- /EHsc /MD /GS /Gy /fp:precise /Zc:wchar_t /Zc:forScope /Yu"StdAfx.h" /Fp"Release\Entities.pch" /Fo"Release\\" /Fd"Release\vc100.pdb" /Gd /TP /analyze- /errorReport:prompt Enemy.cpp Projectile.cpp Skills.cpp
         Enemy.cpp
     1>Enemy.cpp(153): warning C4018: '>' : signed/unsigned mismatch
     1>Enemy.cpp(164): warning C4018: '>=' : signed/unsigned mismatch
     1>Enemy.cpp(284): warning C4482: nonstandard extension used: enum 'Framework::Timer::Type' used in qualified name
     1>Enemy.cpp(453): warning C4244: '-=' : conversion from 'float' to 'int', possible loss of data
         Projectile.cpp
         Skills.cpp
     1>Skills.cpp(127): warning C4018: '<' : signed/unsigned mismatch
     1>Skills.cpp(251): warning C4018: '<' : signed/unsigned mismatch
       Lib:
         C:\Program Files (x86)\Microsoft Visual Studio 10.0\VC\bin\Lib.exe /OUT:"E:\CECI\TheGame\Source\StarGame\Release\Entities.lib" /NOLOGO /LTCG Release\Enemy.obj
         Release\Lights.obj
         Release\PlanetBodies.obj
         Release\Projectile.obj
         Release\Skills.obj
         Release\stdafx.obj
         Entities.vcxproj -> E:\CECI\TheGame\Source\StarGame\Release\Entities.lib
       FinalizeBuildStatus:
         Deleting file "Release\Entities.unsuccessfulbuild".
         Touching "Release\Entities.lastbuildstate".
     1>Done Building Project "E:\CECI\TheGame\Source\StarGame\Entities\Entities.vcxproj" (build target(s)).

Build succeeded.

Time Elapsed 00:00:01.55
