E:\CECI\THEGAME\SOURCE\STARGAME\DEBUG\STARGAME.EXE
E:\CECI\THEGAME\SOURCE\STARGAME\DEBUG\STARGAME.ILK
E:\CECI\THEGAME\SOURCE\STARGAME\DEBUG\STARGAME.PDB
E:\CECI\TheGame\Source\StarGame\StarGame\Debug\cl.command.1.tlog
E:\CECI\TheGame\Source\StarGame\StarGame\Debug\CL.read.1.tlog
E:\CECI\TheGame\Source\StarGame\StarGame\Debug\CL.write.1.tlog
E:\CECI\TheGame\Source\StarGame\StarGame\Debug\link.10084.read.1.tlog
E:\CECI\TheGame\Source\StarGame\StarGame\Debug\link.10084.write.1.tlog
E:\CECI\TheGame\Source\StarGame\StarGame\Debug\link.10084-cvtres.read.1.tlog
E:\CECI\TheGame\Source\StarGame\StarGame\Debug\link.10084-cvtres.write.1.tlog
E:\CECI\TheGame\Source\StarGame\StarGame\Debug\link.10100.read.1.tlog
E:\CECI\TheGame\Source\StarGame\StarGame\Debug\link.10100.write.1.tlog
E:\CECI\TheGame\Source\StarGame\StarGame\Debug\link.10100-cvtres.read.1.tlog
E:\CECI\TheGame\Source\StarGame\StarGame\Debug\link.10100-cvtres.write.1.tlog
E:\CECI\TheGame\Source\StarGame\StarGame\Debug\link.10104.read.1.tlog
E:\CECI\TheGame\Source\StarGame\StarGame\Debug\link.10104.write.1.tlog
E:\CECI\TheGame\Source\StarGame\StarGame\Debug\link.10104-cvtres.read.1.tlog
E:\CECI\TheGame\Source\StarGame\StarGame\Debug\link.10104-cvtres.write.1.tlog
E:\CECI\TheGame\Source\StarGame\StarGame\Debug\link.10112.read.1.tlog
E:\CECI\TheGame\Source\StarGame\StarGame\Debug\link.10112.write.1.tlog
E:\CECI\TheGame\Source\StarGame\StarGame\Debug\link.10112-cvtres.read.1.tlog
E:\CECI\TheGame\Source\StarGame\StarGame\Debug\link.10112-cvtres.write.1.tlog
E:\CECI\TheGame\Source\StarGame\StarGame\Debug\link.10152.read.1.tlog
E:\CECI\TheGame\Source\StarGame\StarGame\Debug\link.10152.write.1.tlog
E:\CECI\TheGame\Source\StarGame\StarGame\Debug\link.10152-cvtres.read.1.tlog
E:\CECI\TheGame\Source\StarGame\StarGame\Debug\link.10152-cvtres.write.1.tlog
E:\CECI\TheGame\Source\StarGame\StarGame\Debug\link.10160.read.1.tlog
E:\CECI\TheGame\Source\StarGame\StarGame\Debug\link.10160.write.1.tlog
E:\CECI\TheGame\Source\StarGame\StarGame\Debug\link.10160-cvtres.read.1.tlog
E:\CECI\TheGame\Source\StarGame\StarGame\Debug\link.10160-cvtres.write.1.tlog
E:\CECI\TheGame\Source\StarGame\StarGame\Debug\link.1184.read.1.tlog
E:\CECI\TheGame\Source\StarGame\StarGame\Debug\link.1184.write.1.tlog
E:\CECI\TheGame\Source\StarGame\StarGame\Debug\link.1184-cvtres.read.1.tlog
E:\CECI\TheGame\Source\StarGame\StarGame\Debug\link.1184-cvtres.write.1.tlog
E:\CECI\TheGame\Source\StarGame\StarGame\Debug\link.1228.read.1.tlog
E:\CECI\TheGame\Source\StarGame\StarGame\Debug\link.1228.write.1.tlog
E:\CECI\TheGame\Source\StarGame\StarGame\Debug\link.1228-cvtres.read.1.tlog
E:\CECI\TheGame\Source\StarGame\StarGame\Debug\link.1228-cvtres.write.1.tlog
E:\CECI\TheGame\Source\StarGame\StarGame\Debug\link.1264.read.1.tlog
E:\CECI\TheGame\Source\StarGame\StarGame\Debug\link.1264.write.1.tlog
E:\CECI\TheGame\Source\StarGame\StarGame\Debug\link.1264-cvtres.read.1.tlog
E:\CECI\TheGame\Source\StarGame\StarGame\Debug\link.1264-cvtres.write.1.tlog
E:\CECI\TheGame\Source\StarGame\StarGame\Debug\link.1292.read.1.tlog
E:\CECI\TheGame\Source\StarGame\StarGame\Debug\link.1292.write.1.tlog
E:\CECI\TheGame\Source\StarGame\StarGame\Debug\link.1292-cvtres.read.1.tlog
E:\CECI\TheGame\Source\StarGame\StarGame\Debug\link.1292-cvtres.write.1.tlog
E:\CECI\TheGame\Source\StarGame\StarGame\Debug\link.1352.read.1.tlog
E:\CECI\TheGame\Source\StarGame\StarGame\Debug\link.1352.write.1.tlog
E:\CECI\TheGame\Source\StarGame\StarGame\Debug\link.1352-cvtres.read.1.tlog
E:\CECI\TheGame\Source\StarGame\StarGame\Debug\link.1352-cvtres.write.1.tlog
E:\CECI\TheGame\Source\StarGame\StarGame\Debug\link.14216.read.1.tlog
E:\CECI\TheGame\Source\StarGame\StarGame\Debug\link.14216.write.1.tlog
E:\CECI\TheGame\Source\StarGame\StarGame\Debug\link.14216-cvtres.read.1.tlog
E:\CECI\TheGame\Source\StarGame\StarGame\Debug\link.14216-cvtres.write.1.tlog
E:\CECI\TheGame\Source\StarGame\StarGame\Debug\link.14220.read.1.tlog
E:\CECI\TheGame\Source\StarGame\StarGame\Debug\link.14220.write.1.tlog
E:\CECI\TheGame\Source\StarGame\StarGame\Debug\link.14220-cvtres.read.1.tlog
E:\CECI\TheGame\Source\StarGame\StarGame\Debug\link.14220-cvtres.write.1.tlog
E:\CECI\TheGame\Source\StarGame\StarGame\Debug\link.14276.read.1.tlog
E:\CECI\TheGame\Source\StarGame\StarGame\Debug\link.14276.write.1.tlog
E:\CECI\TheGame\Source\StarGame\StarGame\Debug\link.14276-cvtres.read.1.tlog
E:\CECI\TheGame\Source\StarGame\StarGame\Debug\link.14276-cvtres.write.1.tlog
E:\CECI\TheGame\Source\StarGame\StarGame\Debug\link.14348.read.1.tlog
E:\CECI\TheGame\Source\StarGame\StarGame\Debug\link.14348.write.1.tlog
E:\CECI\TheGame\Source\StarGame\StarGame\Debug\link.14348-cvtres.read.1.tlog
E:\CECI\TheGame\Source\StarGame\StarGame\Debug\link.14348-cvtres.write.1.tlog
E:\CECI\TheGame\Source\StarGame\StarGame\Debug\link.14396.read.1.tlog
E:\CECI\TheGame\Source\StarGame\StarGame\Debug\link.14396.write.1.tlog
E:\CECI\TheGame\Source\StarGame\StarGame\Debug\link.14396-cvtres.read.1.tlog
E:\CECI\TheGame\Source\StarGame\StarGame\Debug\link.14396-cvtres.write.1.tlog
E:\CECI\TheGame\Source\StarGame\StarGame\Debug\link.14412.read.1.tlog
E:\CECI\TheGame\Source\StarGame\StarGame\Debug\link.14412.write.1.tlog
E:\CECI\TheGame\Source\StarGame\StarGame\Debug\link.14412-cvtres.read.1.tlog
E:\CECI\TheGame\Source\StarGame\StarGame\Debug\link.14412-cvtres.write.1.tlog
E:\CECI\TheGame\Source\StarGame\StarGame\Debug\link.14548.read.1.tlog
E:\CECI\TheGame\Source\StarGame\StarGame\Debug\link.14548.write.1.tlog
E:\CECI\TheGame\Source\StarGame\StarGame\Debug\link.14548-cvtres.read.1.tlog
E:\CECI\TheGame\Source\StarGame\StarGame\Debug\link.14548-cvtres.write.1.tlog
E:\CECI\TheGame\Source\StarGame\StarGame\Debug\link.14596.read.1.tlog
E:\CECI\TheGame\Source\StarGame\StarGame\Debug\link.14596.write.1.tlog
E:\CECI\TheGame\Source\StarGame\StarGame\Debug\link.14596-cvtres.read.1.tlog
E:\CECI\TheGame\Source\StarGame\StarGame\Debug\link.14596-cvtres.write.1.tlog
E:\CECI\TheGame\Source\StarGame\StarGame\Debug\link.14624.read.1.tlog
E:\CECI\TheGame\Source\StarGame\StarGame\Debug\link.14624.write.1.tlog
E:\CECI\TheGame\Source\StarGame\StarGame\Debug\link.14624-cvtres.read.1.tlog
E:\CECI\TheGame\Source\StarGame\StarGame\Debug\link.14624-cvtres.write.1.tlog
E:\CECI\TheGame\Source\StarGame\StarGame\Debug\link.14636.read.1.tlog
E:\CECI\TheGame\Source\StarGame\StarGame\Debug\link.14636.write.1.tlog
E:\CECI\TheGame\Source\StarGame\StarGame\Debug\link.14636-cvtres.read.1.tlog
E:\CECI\TheGame\Source\StarGame\StarGame\Debug\link.14636-cvtres.write.1.tlog
E:\CECI\TheGame\Source\StarGame\StarGame\Debug\link.14676.read.1.tlog
E:\CECI\TheGame\Source\StarGame\StarGame\Debug\link.14676.write.1.tlog
E:\CECI\TheGame\Source\StarGame\StarGame\Debug\link.14676-cvtres.read.1.tlog
E:\CECI\TheGame\Source\StarGame\StarGame\Debug\link.14676-cvtres.write.1.tlog
E:\CECI\TheGame\Source\StarGame\StarGame\Debug\link.1468.read.1.tlog
E:\CECI\TheGame\Source\StarGame\StarGame\Debug\link.1468.write.1.tlog
E:\CECI\TheGame\Source\StarGame\StarGame\Debug\link.1468-cvtres.read.1.tlog
E:\CECI\TheGame\Source\StarGame\StarGame\Debug\link.1468-cvtres.write.1.tlog
E:\CECI\TheGame\Source\StarGame\StarGame\Debug\link.14736.read.1.tlog
E:\CECI\TheGame\Source\StarGame\StarGame\Debug\link.14736.write.1.tlog
E:\CECI\TheGame\Source\StarGame\StarGame\Debug\link.14736-cvtres.read.1.tlog
E:\CECI\TheGame\Source\StarGame\StarGame\Debug\link.14736-cvtres.write.1.tlog
E:\CECI\TheGame\Source\StarGame\StarGame\Debug\link.14756.read.1.tlog
E:\CECI\TheGame\Source\StarGame\StarGame\Debug\link.14756.write.1.tlog
E:\CECI\TheGame\Source\StarGame\StarGame\Debug\link.14756-cvtres.read.1.tlog
E:\CECI\TheGame\Source\StarGame\StarGame\Debug\link.14756-cvtres.write.1.tlog
E:\CECI\TheGame\Source\StarGame\StarGame\Debug\link.14760.read.1.tlog
E:\CECI\TheGame\Source\StarGame\StarGame\Debug\link.14760.write.1.tlog
E:\CECI\TheGame\Source\StarGame\StarGame\Debug\link.14760-cvtres.read.1.tlog
E:\CECI\TheGame\Source\StarGame\StarGame\Debug\link.14760-cvtres.write.1.tlog
E:\CECI\TheGame\Source\StarGame\StarGame\Debug\link.14816.read.1.tlog
E:\CECI\TheGame\Source\StarGame\StarGame\Debug\link.14816.write.1.tlog
E:\CECI\TheGame\Source\StarGame\StarGame\Debug\link.14816-cvtres.read.1.tlog
E:\CECI\TheGame\Source\StarGame\StarGame\Debug\link.14816-cvtres.write.1.tlog
E:\CECI\TheGame\Source\StarGame\StarGame\Debug\link.15028.read.1.tlog
E:\CECI\TheGame\Source\StarGame\StarGame\Debug\link.15028.write.1.tlog
E:\CECI\TheGame\Source\StarGame\StarGame\Debug\link.15028-cvtres.read.1.tlog
E:\CECI\TheGame\Source\StarGame\StarGame\Debug\link.15028-cvtres.write.1.tlog
E:\CECI\TheGame\Source\StarGame\StarGame\Debug\link.15064.read.1.tlog
E:\CECI\TheGame\Source\StarGame\StarGame\Debug\link.15064.write.1.tlog
E:\CECI\TheGame\Source\StarGame\StarGame\Debug\link.15064-cvtres.read.1.tlog
E:\CECI\TheGame\Source\StarGame\StarGame\Debug\link.15064-cvtres.write.1.tlog
E:\CECI\TheGame\Source\StarGame\StarGame\Debug\link.15204.read.1.tlog
E:\CECI\TheGame\Source\StarGame\StarGame\Debug\link.15204.write.1.tlog
E:\CECI\TheGame\Source\StarGame\StarGame\Debug\link.15204-cvtres.read.1.tlog
E:\CECI\TheGame\Source\StarGame\StarGame\Debug\link.15204-cvtres.write.1.tlog
E:\CECI\TheGame\Source\StarGame\StarGame\Debug\link.15248.read.1.tlog
E:\CECI\TheGame\Source\StarGame\StarGame\Debug\link.15248.write.1.tlog
E:\CECI\TheGame\Source\StarGame\StarGame\Debug\link.15248-cvtres.read.1.tlog
E:\CECI\TheGame\Source\StarGame\StarGame\Debug\link.15248-cvtres.write.1.tlog
E:\CECI\TheGame\Source\StarGame\StarGame\Debug\link.15276.read.1.tlog
E:\CECI\TheGame\Source\StarGame\StarGame\Debug\link.15276.write.1.tlog
E:\CECI\TheGame\Source\StarGame\StarGame\Debug\link.15276-cvtres.read.1.tlog
E:\CECI\TheGame\Source\StarGame\StarGame\Debug\link.15276-cvtres.write.1.tlog
E:\CECI\TheGame\Source\StarGame\StarGame\Debug\link.1532.read.1.tlog
E:\CECI\TheGame\Source\StarGame\StarGame\Debug\link.1532.write.1.tlog
E:\CECI\TheGame\Source\StarGame\StarGame\Debug\link.15328.read.1.tlog
E:\CECI\TheGame\Source\StarGame\StarGame\Debug\link.15328.write.1.tlog
E:\CECI\TheGame\Source\StarGame\StarGame\Debug\link.15328-cvtres.read.1.tlog
E:\CECI\TheGame\Source\StarGame\StarGame\Debug\link.15328-cvtres.write.1.tlog
E:\CECI\TheGame\Source\StarGame\StarGame\Debug\link.1532-cvtres.read.1.tlog
E:\CECI\TheGame\Source\StarGame\StarGame\Debug\link.1532-cvtres.write.1.tlog
E:\CECI\TheGame\Source\StarGame\StarGame\Debug\link.15408.read.1.tlog
E:\CECI\TheGame\Source\StarGame\StarGame\Debug\link.15408.write.1.tlog
E:\CECI\TheGame\Source\StarGame\StarGame\Debug\link.15408-cvtres.read.1.tlog
E:\CECI\TheGame\Source\StarGame\StarGame\Debug\link.15408-cvtres.write.1.tlog
E:\CECI\TheGame\Source\StarGame\StarGame\Debug\link.15440.read.1.tlog
E:\CECI\TheGame\Source\StarGame\StarGame\Debug\link.15440.write.1.tlog
E:\CECI\TheGame\Source\StarGame\StarGame\Debug\link.15440-cvtres.read.1.tlog
E:\CECI\TheGame\Source\StarGame\StarGame\Debug\link.15440-cvtres.write.1.tlog
E:\CECI\TheGame\Source\StarGame\StarGame\Debug\link.15468.read.1.tlog
E:\CECI\TheGame\Source\StarGame\StarGame\Debug\link.15468.write.1.tlog
E:\CECI\TheGame\Source\StarGame\StarGame\Debug\link.15468-cvtres.read.1.tlog
E:\CECI\TheGame\Source\StarGame\StarGame\Debug\link.15468-cvtres.write.1.tlog
E:\CECI\TheGame\Source\StarGame\StarGame\Debug\link.15532.read.1.tlog
E:\CECI\TheGame\Source\StarGame\StarGame\Debug\link.15532.write.1.tlog
E:\CECI\TheGame\Source\StarGame\StarGame\Debug\link.15532-cvtres.read.1.tlog
E:\CECI\TheGame\Source\StarGame\StarGame\Debug\link.15532-cvtres.write.1.tlog
E:\CECI\TheGame\Source\StarGame\StarGame\Debug\link.15576.read.1.tlog
E:\CECI\TheGame\Source\StarGame\StarGame\Debug\link.15576.write.1.tlog
E:\CECI\TheGame\Source\StarGame\StarGame\Debug\link.15576-cvtres.read.1.tlog
E:\CECI\TheGame\Source\StarGame\StarGame\Debug\link.15576-cvtres.write.1.tlog
E:\CECI\TheGame\Source\StarGame\StarGame\Debug\link.15600.read.1.tlog
E:\CECI\TheGame\Source\StarGame\StarGame\Debug\link.15600.write.1.tlog
E:\CECI\TheGame\Source\StarGame\StarGame\Debug\link.15600-cvtres.read.1.tlog
E:\CECI\TheGame\Source\StarGame\StarGame\Debug\link.15600-cvtres.write.1.tlog
E:\CECI\TheGame\Source\StarGame\StarGame\Debug\link.15620.read.1.tlog
E:\CECI\TheGame\Source\StarGame\StarGame\Debug\link.15620.write.1.tlog
E:\CECI\TheGame\Source\StarGame\StarGame\Debug\link.15620-cvtres.read.1.tlog
E:\CECI\TheGame\Source\StarGame\StarGame\Debug\link.15620-cvtres.write.1.tlog
E:\CECI\TheGame\Source\StarGame\StarGame\Debug\link.15628.read.1.tlog
E:\CECI\TheGame\Source\StarGame\StarGame\Debug\link.15628.write.1.tlog
E:\CECI\TheGame\Source\StarGame\StarGame\Debug\link.15628-cvtres.read.1.tlog
E:\CECI\TheGame\Source\StarGame\StarGame\Debug\link.15628-cvtres.write.1.tlog
E:\CECI\TheGame\Source\StarGame\StarGame\Debug\link.1564.read.1.tlog
E:\CECI\TheGame\Source\StarGame\StarGame\Debug\link.1564.write.1.tlog
E:\CECI\TheGame\Source\StarGame\StarGame\Debug\link.15640.read.1.tlog
E:\CECI\TheGame\Source\StarGame\StarGame\Debug\link.15640.write.1.tlog
E:\CECI\TheGame\Source\StarGame\StarGame\Debug\link.15640-cvtres.read.1.tlog
E:\CECI\TheGame\Source\StarGame\StarGame\Debug\link.15640-cvtres.write.1.tlog
E:\CECI\TheGame\Source\StarGame\StarGame\Debug\link.15648.read.1.tlog
E:\CECI\TheGame\Source\StarGame\StarGame\Debug\link.15648.write.1.tlog
E:\CECI\TheGame\Source\StarGame\StarGame\Debug\link.15648-cvtres.read.1.tlog
E:\CECI\TheGame\Source\StarGame\StarGame\Debug\link.15648-cvtres.write.1.tlog
E:\CECI\TheGame\Source\StarGame\StarGame\Debug\link.1564-cvtres.read.1.tlog
E:\CECI\TheGame\Source\StarGame\StarGame\Debug\link.1564-cvtres.write.1.tlog
E:\CECI\TheGame\Source\StarGame\StarGame\Debug\link.15668.read.1.tlog
E:\CECI\TheGame\Source\StarGame\StarGame\Debug\link.15668.write.1.tlog
E:\CECI\TheGame\Source\StarGame\StarGame\Debug\link.15668-cvtres.read.1.tlog
E:\CECI\TheGame\Source\StarGame\StarGame\Debug\link.15668-cvtres.write.1.tlog
E:\CECI\TheGame\Source\StarGame\StarGame\Debug\link.1568.read.1.tlog
E:\CECI\TheGame\Source\StarGame\StarGame\Debug\link.1568.write.1.tlog
E:\CECI\TheGame\Source\StarGame\StarGame\Debug\link.15684.read.1.tlog
E:\CECI\TheGame\Source\StarGame\StarGame\Debug\link.15684.write.1.tlog
E:\CECI\TheGame\Source\StarGame\StarGame\Debug\link.15684-cvtres.read.1.tlog
E:\CECI\TheGame\Source\StarGame\StarGame\Debug\link.15684-cvtres.write.1.tlog
E:\CECI\TheGame\Source\StarGame\StarGame\Debug\link.1568-cvtres.read.1.tlog
E:\CECI\TheGame\Source\StarGame\StarGame\Debug\link.1568-cvtres.write.1.tlog
E:\CECI\TheGame\Source\StarGame\StarGame\Debug\link.15712.read.1.tlog
E:\CECI\TheGame\Source\StarGame\StarGame\Debug\link.15712.write.1.tlog
E:\CECI\TheGame\Source\StarGame\StarGame\Debug\link.15712-cvtres.read.1.tlog
E:\CECI\TheGame\Source\StarGame\StarGame\Debug\link.15712-cvtres.write.1.tlog
E:\CECI\TheGame\Source\StarGame\StarGame\Debug\link.15728.read.1.tlog
E:\CECI\TheGame\Source\StarGame\StarGame\Debug\link.15728.write.1.tlog
E:\CECI\TheGame\Source\StarGame\StarGame\Debug\link.15728-cvtres.read.1.tlog
E:\CECI\TheGame\Source\StarGame\StarGame\Debug\link.15728-cvtres.write.1.tlog
E:\CECI\TheGame\Source\StarGame\StarGame\Debug\link.15840.read.1.tlog
E:\CECI\TheGame\Source\StarGame\StarGame\Debug\link.15840.write.1.tlog
E:\CECI\TheGame\Source\StarGame\StarGame\Debug\link.15840-cvtres.read.1.tlog
E:\CECI\TheGame\Source\StarGame\StarGame\Debug\link.15840-cvtres.write.1.tlog
E:\CECI\TheGame\Source\StarGame\StarGame\Debug\link.15900.read.1.tlog
E:\CECI\TheGame\Source\StarGame\StarGame\Debug\link.15900.write.1.tlog
E:\CECI\TheGame\Source\StarGame\StarGame\Debug\link.15900-cvtres.read.1.tlog
E:\CECI\TheGame\Source\StarGame\StarGame\Debug\link.15900-cvtres.write.1.tlog
E:\CECI\TheGame\Source\StarGame\StarGame\Debug\link.15908.read.1.tlog
E:\CECI\TheGame\Source\StarGame\StarGame\Debug\link.15908.write.1.tlog
E:\CECI\TheGame\Source\StarGame\StarGame\Debug\link.15908-cvtres.read.1.tlog
E:\CECI\TheGame\Source\StarGame\StarGame\Debug\link.15908-cvtres.write.1.tlog
E:\CECI\TheGame\Source\StarGame\StarGame\Debug\link.15940.read.1.tlog
E:\CECI\TheGame\Source\StarGame\StarGame\Debug\link.15940.write.1.tlog
E:\CECI\TheGame\Source\StarGame\StarGame\Debug\link.15940-cvtres.read.1.tlog
E:\CECI\TheGame\Source\StarGame\StarGame\Debug\link.15940-cvtres.write.1.tlog
E:\CECI\TheGame\Source\StarGame\StarGame\Debug\link.15944.read.1.tlog
E:\CECI\TheGame\Source\StarGame\StarGame\Debug\link.15944.write.1.tlog
E:\CECI\TheGame\Source\StarGame\StarGame\Debug\link.15944-cvtres.read.1.tlog
E:\CECI\TheGame\Source\StarGame\StarGame\Debug\link.15944-cvtres.write.1.tlog
E:\CECI\TheGame\Source\StarGame\StarGame\Debug\link.15952.read.1.tlog
E:\CECI\TheGame\Source\StarGame\StarGame\Debug\link.15952.write.1.tlog
E:\CECI\TheGame\Source\StarGame\StarGame\Debug\link.15952-cvtres.read.1.tlog
E:\CECI\TheGame\Source\StarGame\StarGame\Debug\link.15952-cvtres.write.1.tlog
E:\CECI\TheGame\Source\StarGame\StarGame\Debug\link.1596.read.1.tlog
E:\CECI\TheGame\Source\StarGame\StarGame\Debug\link.1596.write.1.tlog
E:\CECI\TheGame\Source\StarGame\StarGame\Debug\link.15968.read.1.tlog
E:\CECI\TheGame\Source\StarGame\StarGame\Debug\link.15968.write.1.tlog
E:\CECI\TheGame\Source\StarGame\StarGame\Debug\link.15968-cvtres.read.1.tlog
E:\CECI\TheGame\Source\StarGame\StarGame\Debug\link.15968-cvtres.write.1.tlog
E:\CECI\TheGame\Source\StarGame\StarGame\Debug\link.1596-cvtres.read.1.tlog
E:\CECI\TheGame\Source\StarGame\StarGame\Debug\link.1596-cvtres.write.1.tlog
E:\CECI\TheGame\Source\StarGame\StarGame\Debug\link.16036.read.1.tlog
E:\CECI\TheGame\Source\StarGame\StarGame\Debug\link.16036.write.1.tlog
E:\CECI\TheGame\Source\StarGame\StarGame\Debug\link.16036-cvtres.read.1.tlog
E:\CECI\TheGame\Source\StarGame\StarGame\Debug\link.16036-cvtres.write.1.tlog
E:\CECI\TheGame\Source\StarGame\StarGame\Debug\link.16040.read.1.tlog
E:\CECI\TheGame\Source\StarGame\StarGame\Debug\link.16040.write.1.tlog
E:\CECI\TheGame\Source\StarGame\StarGame\Debug\link.16040-cvtres.read.1.tlog
E:\CECI\TheGame\Source\StarGame\StarGame\Debug\link.16040-cvtres.write.1.tlog
E:\CECI\TheGame\Source\StarGame\StarGame\Debug\link.16064.read.1.tlog
E:\CECI\TheGame\Source\StarGame\StarGame\Debug\link.16064.write.1.tlog
E:\CECI\TheGame\Source\StarGame\StarGame\Debug\link.16064-cvtres.read.1.tlog
E:\CECI\TheGame\Source\StarGame\StarGame\Debug\link.16064-cvtres.write.1.tlog
E:\CECI\TheGame\Source\StarGame\StarGame\Debug\link.16068.read.1.tlog
E:\CECI\TheGame\Source\StarGame\StarGame\Debug\link.16068.write.1.tlog
E:\CECI\TheGame\Source\StarGame\StarGame\Debug\link.16068-cvtres.read.1.tlog
E:\CECI\TheGame\Source\StarGame\StarGame\Debug\link.16068-cvtres.write.1.tlog
E:\CECI\TheGame\Source\StarGame\StarGame\Debug\link.16096.read.1.tlog
E:\CECI\TheGame\Source\StarGame\StarGame\Debug\link.16096.write.1.tlog
E:\CECI\TheGame\Source\StarGame\StarGame\Debug\link.16096-cvtres.read.1.tlog
E:\CECI\TheGame\Source\StarGame\StarGame\Debug\link.16096-cvtres.write.1.tlog
E:\CECI\TheGame\Source\StarGame\StarGame\Debug\link.16140.read.1.tlog
E:\CECI\TheGame\Source\StarGame\StarGame\Debug\link.16140.write.1.tlog
E:\CECI\TheGame\Source\StarGame\StarGame\Debug\link.16140-cvtres.read.1.tlog
E:\CECI\TheGame\Source\StarGame\StarGame\Debug\link.16140-cvtres.write.1.tlog
E:\CECI\TheGame\Source\StarGame\StarGame\Debug\link.16152.read.1.tlog
E:\CECI\TheGame\Source\StarGame\StarGame\Debug\link.16152.write.1.tlog
E:\CECI\TheGame\Source\StarGame\StarGame\Debug\link.16152-cvtres.read.1.tlog
E:\CECI\TheGame\Source\StarGame\StarGame\Debug\link.16152-cvtres.write.1.tlog
E:\CECI\TheGame\Source\StarGame\StarGame\Debug\link.16180.read.1.tlog
E:\CECI\TheGame\Source\StarGame\StarGame\Debug\link.16180.write.1.tlog
E:\CECI\TheGame\Source\StarGame\StarGame\Debug\link.16180-cvtres.read.1.tlog
E:\CECI\TheGame\Source\StarGame\StarGame\Debug\link.16180-cvtres.write.1.tlog
E:\CECI\TheGame\Source\StarGame\StarGame\Debug\link.16220.read.1.tlog
E:\CECI\TheGame\Source\StarGame\StarGame\Debug\link.16220.write.1.tlog
E:\CECI\TheGame\Source\StarGame\StarGame\Debug\link.16220-cvtres.read.1.tlog
E:\CECI\TheGame\Source\StarGame\StarGame\Debug\link.16220-cvtres.write.1.tlog
E:\CECI\TheGame\Source\StarGame\StarGame\Debug\link.16312.read.1.tlog
E:\CECI\TheGame\Source\StarGame\StarGame\Debug\link.16312.write.1.tlog
E:\CECI\TheGame\Source\StarGame\StarGame\Debug\link.16312-cvtres.read.1.tlog
E:\CECI\TheGame\Source\StarGame\StarGame\Debug\link.16312-cvtres.write.1.tlog
E:\CECI\TheGame\Source\StarGame\StarGame\Debug\link.16332.read.1.tlog
E:\CECI\TheGame\Source\StarGame\StarGame\Debug\link.16332.write.1.tlog
E:\CECI\TheGame\Source\StarGame\StarGame\Debug\link.16332-cvtres.read.1.tlog
E:\CECI\TheGame\Source\StarGame\StarGame\Debug\link.16332-cvtres.write.1.tlog
E:\CECI\TheGame\Source\StarGame\StarGame\Debug\link.16360.read.1.tlog
E:\CECI\TheGame\Source\StarGame\StarGame\Debug\link.16360.write.1.tlog
E:\CECI\TheGame\Source\StarGame\StarGame\Debug\link.16360-cvtres.read.1.tlog
E:\CECI\TheGame\Source\StarGame\StarGame\Debug\link.16360-cvtres.write.1.tlog
E:\CECI\TheGame\Source\StarGame\StarGame\Debug\link.16372.read.1.tlog
E:\CECI\TheGame\Source\StarGame\StarGame\Debug\link.16372.write.1.tlog
E:\CECI\TheGame\Source\StarGame\StarGame\Debug\link.16372-cvtres.read.1.tlog
E:\CECI\TheGame\Source\StarGame\StarGame\Debug\link.16372-cvtres.write.1.tlog
E:\CECI\TheGame\Source\StarGame\StarGame\Debug\link.1640.read.1.tlog
E:\CECI\TheGame\Source\StarGame\StarGame\Debug\link.1640.write.1.tlog
E:\CECI\TheGame\Source\StarGame\StarGame\Debug\link.1640-cvtres.read.1.tlog
E:\CECI\TheGame\Source\StarGame\StarGame\Debug\link.1640-cvtres.write.1.tlog
E:\CECI\TheGame\Source\StarGame\StarGame\Debug\link.1756.read.1.tlog
E:\CECI\TheGame\Source\StarGame\StarGame\Debug\link.1756.write.1.tlog
E:\CECI\TheGame\Source\StarGame\StarGame\Debug\link.1756-cvtres.read.1.tlog
E:\CECI\TheGame\Source\StarGame\StarGame\Debug\link.1756-cvtres.write.1.tlog
E:\CECI\TheGame\Source\StarGame\StarGame\Debug\link.1760.read.1.tlog
E:\CECI\TheGame\Source\StarGame\StarGame\Debug\link.1760.write.1.tlog
E:\CECI\TheGame\Source\StarGame\StarGame\Debug\link.1760-cvtres.read.1.tlog
E:\CECI\TheGame\Source\StarGame\StarGame\Debug\link.1760-cvtres.write.1.tlog
E:\CECI\TheGame\Source\StarGame\StarGame\Debug\link.1788.read.1.tlog
E:\CECI\TheGame\Source\StarGame\StarGame\Debug\link.1788.write.1.tlog
E:\CECI\TheGame\Source\StarGame\StarGame\Debug\link.1788-cvtres.read.1.tlog
E:\CECI\TheGame\Source\StarGame\StarGame\Debug\link.1788-cvtres.write.1.tlog
E:\CECI\TheGame\Source\StarGame\StarGame\Debug\link.1816.read.1.tlog
E:\CECI\TheGame\Source\StarGame\StarGame\Debug\link.1816.write.1.tlog
E:\CECI\TheGame\Source\StarGame\StarGame\Debug\link.1816-cvtres.read.1.tlog
E:\CECI\TheGame\Source\StarGame\StarGame\Debug\link.1816-cvtres.write.1.tlog
E:\CECI\TheGame\Source\StarGame\StarGame\Debug\link.1912.read.1.tlog
E:\CECI\TheGame\Source\StarGame\StarGame\Debug\link.1912.write.1.tlog
E:\CECI\TheGame\Source\StarGame\StarGame\Debug\link.1912-cvtres.read.1.tlog
E:\CECI\TheGame\Source\StarGame\StarGame\Debug\link.1912-cvtres.write.1.tlog
E:\CECI\TheGame\Source\StarGame\StarGame\Debug\link.1996.read.1.tlog
E:\CECI\TheGame\Source\StarGame\StarGame\Debug\link.1996.write.1.tlog
E:\CECI\TheGame\Source\StarGame\StarGame\Debug\link.1996-cvtres.read.1.tlog
E:\CECI\TheGame\Source\StarGame\StarGame\Debug\link.1996-cvtres.write.1.tlog
E:\CECI\TheGame\Source\StarGame\StarGame\Debug\link.2028.read.1.tlog
E:\CECI\TheGame\Source\StarGame\StarGame\Debug\link.2028.write.1.tlog
E:\CECI\TheGame\Source\StarGame\StarGame\Debug\link.2028-cvtres.read.1.tlog
E:\CECI\TheGame\Source\StarGame\StarGame\Debug\link.2028-cvtres.write.1.tlog
E:\CECI\TheGame\Source\StarGame\StarGame\Debug\link.2052.read.1.tlog
E:\CECI\TheGame\Source\StarGame\StarGame\Debug\link.2052.write.1.tlog
E:\CECI\TheGame\Source\StarGame\StarGame\Debug\link.2052-cvtres.read.1.tlog
E:\CECI\TheGame\Source\StarGame\StarGame\Debug\link.2052-cvtres.write.1.tlog
E:\CECI\TheGame\Source\StarGame\StarGame\Debug\link.2068.read.1.tlog
E:\CECI\TheGame\Source\StarGame\StarGame\Debug\link.2068.write.1.tlog
E:\CECI\TheGame\Source\StarGame\StarGame\Debug\link.2068-cvtres.read.1.tlog
E:\CECI\TheGame\Source\StarGame\StarGame\Debug\link.2068-cvtres.write.1.tlog
E:\CECI\TheGame\Source\StarGame\StarGame\Debug\link.2108.read.1.tlog
E:\CECI\TheGame\Source\StarGame\StarGame\Debug\link.2108.write.1.tlog
E:\CECI\TheGame\Source\StarGame\StarGame\Debug\link.2108-cvtres.read.1.tlog
E:\CECI\TheGame\Source\StarGame\StarGame\Debug\link.2108-cvtres.write.1.tlog
E:\CECI\TheGame\Source\StarGame\StarGame\Debug\link.2248.read.1.tlog
E:\CECI\TheGame\Source\StarGame\StarGame\Debug\link.2248.write.1.tlog
E:\CECI\TheGame\Source\StarGame\StarGame\Debug\link.2248-cvtres.read.1.tlog
E:\CECI\TheGame\Source\StarGame\StarGame\Debug\link.2248-cvtres.write.1.tlog
E:\CECI\TheGame\Source\StarGame\StarGame\Debug\link.2292.read.1.tlog
E:\CECI\TheGame\Source\StarGame\StarGame\Debug\link.2292.write.1.tlog
E:\CECI\TheGame\Source\StarGame\StarGame\Debug\link.2292-cvtres.read.1.tlog
E:\CECI\TheGame\Source\StarGame\StarGame\Debug\link.2292-cvtres.write.1.tlog
E:\CECI\TheGame\Source\StarGame\StarGame\Debug\link.2352.read.1.tlog
E:\CECI\TheGame\Source\StarGame\StarGame\Debug\link.2352.write.1.tlog
E:\CECI\TheGame\Source\StarGame\StarGame\Debug\link.2352-cvtres.read.1.tlog
E:\CECI\TheGame\Source\StarGame\StarGame\Debug\link.2352-cvtres.write.1.tlog
E:\CECI\TheGame\Source\StarGame\StarGame\Debug\link.2476.read.1.tlog
E:\CECI\TheGame\Source\StarGame\StarGame\Debug\link.2476.write.1.tlog
E:\CECI\TheGame\Source\StarGame\StarGame\Debug\link.2476-cvtres.read.1.tlog
E:\CECI\TheGame\Source\StarGame\StarGame\Debug\link.2476-cvtres.write.1.tlog
E:\CECI\TheGame\Source\StarGame\StarGame\Debug\link.2528.read.1.tlog
E:\CECI\TheGame\Source\StarGame\StarGame\Debug\link.2528.write.1.tlog
E:\CECI\TheGame\Source\StarGame\StarGame\Debug\link.2528-cvtres.read.1.tlog
E:\CECI\TheGame\Source\StarGame\StarGame\Debug\link.2528-cvtres.write.1.tlog
E:\CECI\TheGame\Source\StarGame\StarGame\Debug\link.2724.read.1.tlog
E:\CECI\TheGame\Source\StarGame\StarGame\Debug\link.2724.write.1.tlog
E:\CECI\TheGame\Source\StarGame\StarGame\Debug\link.2724-cvtres.read.1.tlog
E:\CECI\TheGame\Source\StarGame\StarGame\Debug\link.2724-cvtres.write.1.tlog
E:\CECI\TheGame\Source\StarGame\StarGame\Debug\link.2856.read.1.tlog
E:\CECI\TheGame\Source\StarGame\StarGame\Debug\link.2856.write.1.tlog
E:\CECI\TheGame\Source\StarGame\StarGame\Debug\link.2856-cvtres.read.1.tlog
E:\CECI\TheGame\Source\StarGame\StarGame\Debug\link.2856-cvtres.write.1.tlog
E:\CECI\TheGame\Source\StarGame\StarGame\Debug\link.2896.read.1.tlog
E:\CECI\TheGame\Source\StarGame\StarGame\Debug\link.2896.write.1.tlog
E:\CECI\TheGame\Source\StarGame\StarGame\Debug\link.2896-cvtres.read.1.tlog
E:\CECI\TheGame\Source\StarGame\StarGame\Debug\link.2896-cvtres.write.1.tlog
E:\CECI\TheGame\Source\StarGame\StarGame\Debug\link.2940.read.1.tlog
E:\CECI\TheGame\Source\StarGame\StarGame\Debug\link.2940.write.1.tlog
E:\CECI\TheGame\Source\StarGame\StarGame\Debug\link.2940-cvtres.read.1.tlog
E:\CECI\TheGame\Source\StarGame\StarGame\Debug\link.2940-cvtres.write.1.tlog
E:\CECI\TheGame\Source\StarGame\StarGame\Debug\link.2968.read.1.tlog
E:\CECI\TheGame\Source\StarGame\StarGame\Debug\link.2968.write.1.tlog
E:\CECI\TheGame\Source\StarGame\StarGame\Debug\link.2968-cvtres.read.1.tlog
E:\CECI\TheGame\Source\StarGame\StarGame\Debug\link.2968-cvtres.write.1.tlog
E:\CECI\TheGame\Source\StarGame\StarGame\Debug\link.2976.read.1.tlog
E:\CECI\TheGame\Source\StarGame\StarGame\Debug\link.2976.write.1.tlog
E:\CECI\TheGame\Source\StarGame\StarGame\Debug\link.2976-cvtres.read.1.tlog
E:\CECI\TheGame\Source\StarGame\StarGame\Debug\link.2976-cvtres.write.1.tlog
E:\CECI\TheGame\Source\StarGame\StarGame\Debug\link.2984.read.1.tlog
E:\CECI\TheGame\Source\StarGame\StarGame\Debug\link.2984.write.1.tlog
E:\CECI\TheGame\Source\StarGame\StarGame\Debug\link.2984-cvtres.read.1.tlog
E:\CECI\TheGame\Source\StarGame\StarGame\Debug\link.2984-cvtres.write.1.tlog
E:\CECI\TheGame\Source\StarGame\StarGame\Debug\link.3020.read.1.tlog
E:\CECI\TheGame\Source\StarGame\StarGame\Debug\link.3020.write.1.tlog
E:\CECI\TheGame\Source\StarGame\StarGame\Debug\link.3020-cvtres.read.1.tlog
E:\CECI\TheGame\Source\StarGame\StarGame\Debug\link.3020-cvtres.write.1.tlog
E:\CECI\TheGame\Source\StarGame\StarGame\Debug\link.3052.read.1.tlog
E:\CECI\TheGame\Source\StarGame\StarGame\Debug\link.3052.write.1.tlog
E:\CECI\TheGame\Source\StarGame\StarGame\Debug\link.3052-cvtres.read.1.tlog
E:\CECI\TheGame\Source\StarGame\StarGame\Debug\link.3052-cvtres.write.1.tlog
E:\CECI\TheGame\Source\StarGame\StarGame\Debug\link.3232.read.1.tlog
E:\CECI\TheGame\Source\StarGame\StarGame\Debug\link.3232.write.1.tlog
E:\CECI\TheGame\Source\StarGame\StarGame\Debug\link.3232-cvtres.read.1.tlog
E:\CECI\TheGame\Source\StarGame\StarGame\Debug\link.3232-cvtres.write.1.tlog
E:\CECI\TheGame\Source\StarGame\StarGame\Debug\link.3468.read.1.tlog
E:\CECI\TheGame\Source\StarGame\StarGame\Debug\link.3468.write.1.tlog
E:\CECI\TheGame\Source\StarGame\StarGame\Debug\link.3468-cvtres.read.1.tlog
E:\CECI\TheGame\Source\StarGame\StarGame\Debug\link.3468-cvtres.write.1.tlog
E:\CECI\TheGame\Source\StarGame\StarGame\Debug\link.3556.read.1.tlog
E:\CECI\TheGame\Source\StarGame\StarGame\Debug\link.3556.write.1.tlog
E:\CECI\TheGame\Source\StarGame\StarGame\Debug\link.3556-cvtres.read.1.tlog
E:\CECI\TheGame\Source\StarGame\StarGame\Debug\link.3556-cvtres.write.1.tlog
E:\CECI\TheGame\Source\StarGame\StarGame\Debug\link.3612.read.1.tlog
E:\CECI\TheGame\Source\StarGame\StarGame\Debug\link.3612.write.1.tlog
E:\CECI\TheGame\Source\StarGame\StarGame\Debug\link.3612-cvtres.read.1.tlog
E:\CECI\TheGame\Source\StarGame\StarGame\Debug\link.3612-cvtres.write.1.tlog
E:\CECI\TheGame\Source\StarGame\StarGame\Debug\link.3652.read.1.tlog
E:\CECI\TheGame\Source\StarGame\StarGame\Debug\link.3652.write.1.tlog
E:\CECI\TheGame\Source\StarGame\StarGame\Debug\link.3652-cvtres.read.1.tlog
E:\CECI\TheGame\Source\StarGame\StarGame\Debug\link.3652-cvtres.write.1.tlog
E:\CECI\TheGame\Source\StarGame\StarGame\Debug\link.3668.read.1.tlog
E:\CECI\TheGame\Source\StarGame\StarGame\Debug\link.3668.write.1.tlog
E:\CECI\TheGame\Source\StarGame\StarGame\Debug\link.3668-cvtres.read.1.tlog
E:\CECI\TheGame\Source\StarGame\StarGame\Debug\link.3668-cvtres.write.1.tlog
E:\CECI\TheGame\Source\StarGame\StarGame\Debug\link.3792.read.1.tlog
E:\CECI\TheGame\Source\StarGame\StarGame\Debug\link.3792.write.1.tlog
E:\CECI\TheGame\Source\StarGame\StarGame\Debug\link.3792-cvtres.read.1.tlog
E:\CECI\TheGame\Source\StarGame\StarGame\Debug\link.3792-cvtres.write.1.tlog
E:\CECI\TheGame\Source\StarGame\StarGame\Debug\link.3980.read.1.tlog
E:\CECI\TheGame\Source\StarGame\StarGame\Debug\link.3980.write.1.tlog
E:\CECI\TheGame\Source\StarGame\StarGame\Debug\link.3980-cvtres.read.1.tlog
E:\CECI\TheGame\Source\StarGame\StarGame\Debug\link.3980-cvtres.write.1.tlog
E:\CECI\TheGame\Source\StarGame\StarGame\Debug\link.4156.read.1.tlog
E:\CECI\TheGame\Source\StarGame\StarGame\Debug\link.4156.write.1.tlog
E:\CECI\TheGame\Source\StarGame\StarGame\Debug\link.4156-cvtres.read.1.tlog
E:\CECI\TheGame\Source\StarGame\StarGame\Debug\link.4156-cvtres.write.1.tlog
E:\CECI\TheGame\Source\StarGame\StarGame\Debug\link.4184.read.1.tlog
E:\CECI\TheGame\Source\StarGame\StarGame\Debug\link.4184.write.1.tlog
E:\CECI\TheGame\Source\StarGame\StarGame\Debug\link.4184-cvtres.read.1.tlog
E:\CECI\TheGame\Source\StarGame\StarGame\Debug\link.4184-cvtres.write.1.tlog
E:\CECI\TheGame\Source\StarGame\StarGame\Debug\link.4240.read.1.tlog
E:\CECI\TheGame\Source\StarGame\StarGame\Debug\link.4240.write.1.tlog
E:\CECI\TheGame\Source\StarGame\StarGame\Debug\link.4240-cvtres.read.1.tlog
E:\CECI\TheGame\Source\StarGame\StarGame\Debug\link.4240-cvtres.write.1.tlog
E:\CECI\TheGame\Source\StarGame\StarGame\Debug\link.4340.read.1.tlog
E:\CECI\TheGame\Source\StarGame\StarGame\Debug\link.4340.write.1.tlog
E:\CECI\TheGame\Source\StarGame\StarGame\Debug\link.4340-cvtres.read.1.tlog
E:\CECI\TheGame\Source\StarGame\StarGame\Debug\link.4340-cvtres.write.1.tlog
E:\CECI\TheGame\Source\StarGame\StarGame\Debug\link.4380.read.1.tlog
E:\CECI\TheGame\Source\StarGame\StarGame\Debug\link.4380.write.1.tlog
E:\CECI\TheGame\Source\StarGame\StarGame\Debug\link.4380-cvtres.read.1.tlog
E:\CECI\TheGame\Source\StarGame\StarGame\Debug\link.4380-cvtres.write.1.tlog
E:\CECI\TheGame\Source\StarGame\StarGame\Debug\link.4520.read.1.tlog
E:\CECI\TheGame\Source\StarGame\StarGame\Debug\link.4520.write.1.tlog
E:\CECI\TheGame\Source\StarGame\StarGame\Debug\link.4520-cvtres.read.1.tlog
E:\CECI\TheGame\Source\StarGame\StarGame\Debug\link.4520-cvtres.write.1.tlog
E:\CECI\TheGame\Source\StarGame\StarGame\Debug\link.4568.read.1.tlog
E:\CECI\TheGame\Source\StarGame\StarGame\Debug\link.4568.write.1.tlog
E:\CECI\TheGame\Source\StarGame\StarGame\Debug\link.4568-cvtres.read.1.tlog
E:\CECI\TheGame\Source\StarGame\StarGame\Debug\link.4568-cvtres.write.1.tlog
E:\CECI\TheGame\Source\StarGame\StarGame\Debug\link.4572.read.1.tlog
E:\CECI\TheGame\Source\StarGame\StarGame\Debug\link.4572.write.1.tlog
E:\CECI\TheGame\Source\StarGame\StarGame\Debug\link.4572-cvtres.read.1.tlog
E:\CECI\TheGame\Source\StarGame\StarGame\Debug\link.4572-cvtres.write.1.tlog
E:\CECI\TheGame\Source\StarGame\StarGame\Debug\link.4588.read.1.tlog
E:\CECI\TheGame\Source\StarGame\StarGame\Debug\link.4588.write.1.tlog
E:\CECI\TheGame\Source\StarGame\StarGame\Debug\link.4588-cvtres.read.1.tlog
E:\CECI\TheGame\Source\StarGame\StarGame\Debug\link.4588-cvtres.write.1.tlog
E:\CECI\TheGame\Source\StarGame\StarGame\Debug\link.4708.read.1.tlog
E:\CECI\TheGame\Source\StarGame\StarGame\Debug\link.4708.write.1.tlog
E:\CECI\TheGame\Source\StarGame\StarGame\Debug\link.4708-cvtres.read.1.tlog
E:\CECI\TheGame\Source\StarGame\StarGame\Debug\link.4708-cvtres.write.1.tlog
E:\CECI\TheGame\Source\StarGame\StarGame\Debug\link.4724.read.1.tlog
E:\CECI\TheGame\Source\StarGame\StarGame\Debug\link.4724.write.1.tlog
E:\CECI\TheGame\Source\StarGame\StarGame\Debug\link.4724-cvtres.read.1.tlog
E:\CECI\TheGame\Source\StarGame\StarGame\Debug\link.4724-cvtres.write.1.tlog
E:\CECI\TheGame\Source\StarGame\StarGame\Debug\link.4728.read.1.tlog
E:\CECI\TheGame\Source\StarGame\StarGame\Debug\link.4728.write.1.tlog
E:\CECI\TheGame\Source\StarGame\StarGame\Debug\link.4728-cvtres.read.1.tlog
E:\CECI\TheGame\Source\StarGame\StarGame\Debug\link.4728-cvtres.write.1.tlog
E:\CECI\TheGame\Source\StarGame\StarGame\Debug\link.4748.read.1.tlog
E:\CECI\TheGame\Source\StarGame\StarGame\Debug\link.4748.write.1.tlog
E:\CECI\TheGame\Source\StarGame\StarGame\Debug\link.4748-cvtres.read.1.tlog
E:\CECI\TheGame\Source\StarGame\StarGame\Debug\link.4748-cvtres.write.1.tlog
E:\CECI\TheGame\Source\StarGame\StarGame\Debug\link.4768.read.1.tlog
E:\CECI\TheGame\Source\StarGame\StarGame\Debug\link.4768.write.1.tlog
E:\CECI\TheGame\Source\StarGame\StarGame\Debug\link.4768-cvtres.read.1.tlog
E:\CECI\TheGame\Source\StarGame\StarGame\Debug\link.4768-cvtres.write.1.tlog
E:\CECI\TheGame\Source\StarGame\StarGame\Debug\link.4788.read.1.tlog
E:\CECI\TheGame\Source\StarGame\StarGame\Debug\link.4788.write.1.tlog
E:\CECI\TheGame\Source\StarGame\StarGame\Debug\link.4788-cvtres.read.1.tlog
E:\CECI\TheGame\Source\StarGame\StarGame\Debug\link.4788-cvtres.write.1.tlog
E:\CECI\TheGame\Source\StarGame\StarGame\Debug\link.4804.read.1.tlog
E:\CECI\TheGame\Source\StarGame\StarGame\Debug\link.4804.write.1.tlog
E:\CECI\TheGame\Source\StarGame\StarGame\Debug\link.4804-cvtres.read.1.tlog
E:\CECI\TheGame\Source\StarGame\StarGame\Debug\link.4804-cvtres.write.1.tlog
E:\CECI\TheGame\Source\StarGame\StarGame\Debug\link.4820.read.1.tlog
E:\CECI\TheGame\Source\StarGame\StarGame\Debug\link.4820.write.1.tlog
E:\CECI\TheGame\Source\StarGame\StarGame\Debug\link.4820-cvtres.read.1.tlog
E:\CECI\TheGame\Source\StarGame\StarGame\Debug\link.4820-cvtres.write.1.tlog
E:\CECI\TheGame\Source\StarGame\StarGame\Debug\link.4884.read.1.tlog
E:\CECI\TheGame\Source\StarGame\StarGame\Debug\link.4884.write.1.tlog
E:\CECI\TheGame\Source\StarGame\StarGame\Debug\link.4884-cvtres.read.1.tlog
E:\CECI\TheGame\Source\StarGame\StarGame\Debug\link.4884-cvtres.write.1.tlog
E:\CECI\TheGame\Source\StarGame\StarGame\Debug\link.4896.read.1.tlog
E:\CECI\TheGame\Source\StarGame\StarGame\Debug\link.4896.write.1.tlog
E:\CECI\TheGame\Source\StarGame\StarGame\Debug\link.4896-cvtres.read.1.tlog
E:\CECI\TheGame\Source\StarGame\StarGame\Debug\link.4896-cvtres.write.1.tlog
E:\CECI\TheGame\Source\StarGame\StarGame\Debug\link.4928.read.1.tlog
E:\CECI\TheGame\Source\StarGame\StarGame\Debug\link.4928.write.1.tlog
E:\CECI\TheGame\Source\StarGame\StarGame\Debug\link.4928-cvtres.read.1.tlog
E:\CECI\TheGame\Source\StarGame\StarGame\Debug\link.4928-cvtres.write.1.tlog
E:\CECI\TheGame\Source\StarGame\StarGame\Debug\link.4964.read.1.tlog
E:\CECI\TheGame\Source\StarGame\StarGame\Debug\link.4964.write.1.tlog
E:\CECI\TheGame\Source\StarGame\StarGame\Debug\link.4964-cvtres.read.1.tlog
E:\CECI\TheGame\Source\StarGame\StarGame\Debug\link.4964-cvtres.write.1.tlog
E:\CECI\TheGame\Source\StarGame\StarGame\Debug\link.4972.read.1.tlog
E:\CECI\TheGame\Source\StarGame\StarGame\Debug\link.4972.write.1.tlog
E:\CECI\TheGame\Source\StarGame\StarGame\Debug\link.4972-cvtres.read.1.tlog
E:\CECI\TheGame\Source\StarGame\StarGame\Debug\link.4972-cvtres.write.1.tlog
E:\CECI\TheGame\Source\StarGame\StarGame\Debug\link.5092.read.1.tlog
E:\CECI\TheGame\Source\StarGame\StarGame\Debug\link.5092.write.1.tlog
E:\CECI\TheGame\Source\StarGame\StarGame\Debug\link.5092-cvtres.read.1.tlog
E:\CECI\TheGame\Source\StarGame\StarGame\Debug\link.5092-cvtres.write.1.tlog
E:\CECI\TheGame\Source\StarGame\StarGame\Debug\link.5148.read.1.tlog
E:\CECI\TheGame\Source\StarGame\StarGame\Debug\link.5148.write.1.tlog
E:\CECI\TheGame\Source\StarGame\StarGame\Debug\link.5148-cvtres.read.1.tlog
E:\CECI\TheGame\Source\StarGame\StarGame\Debug\link.5148-cvtres.write.1.tlog
E:\CECI\TheGame\Source\StarGame\StarGame\Debug\link.5160.read.1.tlog
E:\CECI\TheGame\Source\StarGame\StarGame\Debug\link.5160.write.1.tlog
E:\CECI\TheGame\Source\StarGame\StarGame\Debug\link.5160-cvtres.read.1.tlog
E:\CECI\TheGame\Source\StarGame\StarGame\Debug\link.5160-cvtres.write.1.tlog
E:\CECI\TheGame\Source\StarGame\StarGame\Debug\link.5164.read.1.tlog
E:\CECI\TheGame\Source\StarGame\StarGame\Debug\link.5164.write.1.tlog
E:\CECI\TheGame\Source\StarGame\StarGame\Debug\link.5164-cvtres.read.1.tlog
E:\CECI\TheGame\Source\StarGame\StarGame\Debug\link.5164-cvtres.write.1.tlog
E:\CECI\TheGame\Source\StarGame\StarGame\Debug\link.5220.read.1.tlog
E:\CECI\TheGame\Source\StarGame\StarGame\Debug\link.5220.write.1.tlog
E:\CECI\TheGame\Source\StarGame\StarGame\Debug\link.5220-cvtres.read.1.tlog
E:\CECI\TheGame\Source\StarGame\StarGame\Debug\link.5220-cvtres.write.1.tlog
E:\CECI\TheGame\Source\StarGame\StarGame\Debug\link.5232.read.1.tlog
E:\CECI\TheGame\Source\StarGame\StarGame\Debug\link.5232.write.1.tlog
E:\CECI\TheGame\Source\StarGame\StarGame\Debug\link.5232-cvtres.read.1.tlog
E:\CECI\TheGame\Source\StarGame\StarGame\Debug\link.5232-cvtres.write.1.tlog
E:\CECI\TheGame\Source\StarGame\StarGame\Debug\link.5256.read.1.tlog
E:\CECI\TheGame\Source\StarGame\StarGame\Debug\link.5256.write.1.tlog
E:\CECI\TheGame\Source\StarGame\StarGame\Debug\link.5256-cvtres.read.1.tlog
E:\CECI\TheGame\Source\StarGame\StarGame\Debug\link.5256-cvtres.write.1.tlog
E:\CECI\TheGame\Source\StarGame\StarGame\Debug\link.5348.read.1.tlog
E:\CECI\TheGame\Source\StarGame\StarGame\Debug\link.5348.write.1.tlog
E:\CECI\TheGame\Source\StarGame\StarGame\Debug\link.5348-cvtres.read.1.tlog
E:\CECI\TheGame\Source\StarGame\StarGame\Debug\link.5348-cvtres.write.1.tlog
E:\CECI\TheGame\Source\StarGame\StarGame\Debug\link.5416.read.1.tlog
E:\CECI\TheGame\Source\StarGame\StarGame\Debug\link.5416.write.1.tlog
E:\CECI\TheGame\Source\StarGame\StarGame\Debug\link.5416-cvtres.read.1.tlog
E:\CECI\TheGame\Source\StarGame\StarGame\Debug\link.5416-cvtres.write.1.tlog
E:\CECI\TheGame\Source\StarGame\StarGame\Debug\link.5428.read.1.tlog
E:\CECI\TheGame\Source\StarGame\StarGame\Debug\link.5428.write.1.tlog
E:\CECI\TheGame\Source\StarGame\StarGame\Debug\link.5428-cvtres.read.1.tlog
E:\CECI\TheGame\Source\StarGame\StarGame\Debug\link.5428-cvtres.write.1.tlog
E:\CECI\TheGame\Source\StarGame\StarGame\Debug\link.5432.read.1.tlog
E:\CECI\TheGame\Source\StarGame\StarGame\Debug\link.5432.write.1.tlog
E:\CECI\TheGame\Source\StarGame\StarGame\Debug\link.5432-cvtres.read.1.tlog
E:\CECI\TheGame\Source\StarGame\StarGame\Debug\link.5432-cvtres.write.1.tlog
E:\CECI\TheGame\Source\StarGame\StarGame\Debug\link.5544.read.1.tlog
E:\CECI\TheGame\Source\StarGame\StarGame\Debug\link.5544.write.1.tlog
E:\CECI\TheGame\Source\StarGame\StarGame\Debug\link.5544-cvtres.read.1.tlog
E:\CECI\TheGame\Source\StarGame\StarGame\Debug\link.5544-cvtres.write.1.tlog
E:\CECI\TheGame\Source\StarGame\StarGame\Debug\link.5548.read.1.tlog
E:\CECI\TheGame\Source\StarGame\StarGame\Debug\link.5548.write.1.tlog
E:\CECI\TheGame\Source\StarGame\StarGame\Debug\link.5548-cvtres.read.1.tlog
E:\CECI\TheGame\Source\StarGame\StarGame\Debug\link.5548-cvtres.write.1.tlog
E:\CECI\TheGame\Source\StarGame\StarGame\Debug\link.5552.read.1.tlog
E:\CECI\TheGame\Source\StarGame\StarGame\Debug\link.5552.write.1.tlog
E:\CECI\TheGame\Source\StarGame\StarGame\Debug\link.5552-cvtres.read.1.tlog
E:\CECI\TheGame\Source\StarGame\StarGame\Debug\link.5552-cvtres.write.1.tlog
E:\CECI\TheGame\Source\StarGame\StarGame\Debug\link.5576.read.1.tlog
E:\CECI\TheGame\Source\StarGame\StarGame\Debug\link.5576.write.1.tlog
E:\CECI\TheGame\Source\StarGame\StarGame\Debug\link.5576-cvtres.read.1.tlog
E:\CECI\TheGame\Source\StarGame\StarGame\Debug\link.5576-cvtres.write.1.tlog
E:\CECI\TheGame\Source\StarGame\StarGame\Debug\link.5600.read.1.tlog
E:\CECI\TheGame\Source\StarGame\StarGame\Debug\link.5600.write.1.tlog
E:\CECI\TheGame\Source\StarGame\StarGame\Debug\link.5600-cvtres.read.1.tlog
E:\CECI\TheGame\Source\StarGame\StarGame\Debug\link.5600-cvtres.write.1.tlog
E:\CECI\TheGame\Source\StarGame\StarGame\Debug\link.5608.read.1.tlog
E:\CECI\TheGame\Source\StarGame\StarGame\Debug\link.5608.write.1.tlog
E:\CECI\TheGame\Source\StarGame\StarGame\Debug\link.5608-cvtres.read.1.tlog
E:\CECI\TheGame\Source\StarGame\StarGame\Debug\link.5608-cvtres.write.1.tlog
E:\CECI\TheGame\Source\StarGame\StarGame\Debug\link.5640.read.1.tlog
E:\CECI\TheGame\Source\StarGame\StarGame\Debug\link.5640.write.1.tlog
E:\CECI\TheGame\Source\StarGame\StarGame\Debug\link.5640-cvtres.read.1.tlog
E:\CECI\TheGame\Source\StarGame\StarGame\Debug\link.5640-cvtres.write.1.tlog
E:\CECI\TheGame\Source\StarGame\StarGame\Debug\link.5652.read.1.tlog
E:\CECI\TheGame\Source\StarGame\StarGame\Debug\link.5652.write.1.tlog
E:\CECI\TheGame\Source\StarGame\StarGame\Debug\link.5652-cvtres.read.1.tlog
E:\CECI\TheGame\Source\StarGame\StarGame\Debug\link.5652-cvtres.write.1.tlog
E:\CECI\TheGame\Source\StarGame\StarGame\Debug\link.5712.read.1.tlog
E:\CECI\TheGame\Source\StarGame\StarGame\Debug\link.5712.write.1.tlog
E:\CECI\TheGame\Source\StarGame\StarGame\Debug\link.5712-cvtres.read.1.tlog
E:\CECI\TheGame\Source\StarGame\StarGame\Debug\link.5712-cvtres.write.1.tlog
E:\CECI\TheGame\Source\StarGame\StarGame\Debug\link.5748.read.1.tlog
E:\CECI\TheGame\Source\StarGame\StarGame\Debug\link.5748.write.1.tlog
E:\CECI\TheGame\Source\StarGame\StarGame\Debug\link.5748-cvtres.read.1.tlog
E:\CECI\TheGame\Source\StarGame\StarGame\Debug\link.5748-cvtres.write.1.tlog
E:\CECI\TheGame\Source\StarGame\StarGame\Debug\link.5780.read.1.tlog
E:\CECI\TheGame\Source\StarGame\StarGame\Debug\link.5780.write.1.tlog
E:\CECI\TheGame\Source\StarGame\StarGame\Debug\link.5780-cvtres.read.1.tlog
E:\CECI\TheGame\Source\StarGame\StarGame\Debug\link.5780-cvtres.write.1.tlog
E:\CECI\TheGame\Source\StarGame\StarGame\Debug\link.5836.read.1.tlog
E:\CECI\TheGame\Source\StarGame\StarGame\Debug\link.5836.write.1.tlog
E:\CECI\TheGame\Source\StarGame\StarGame\Debug\link.5836-cvtres.read.1.tlog
E:\CECI\TheGame\Source\StarGame\StarGame\Debug\link.5836-cvtres.write.1.tlog
E:\CECI\TheGame\Source\StarGame\StarGame\Debug\link.5852.read.1.tlog
E:\CECI\TheGame\Source\StarGame\StarGame\Debug\link.5852.write.1.tlog
E:\CECI\TheGame\Source\StarGame\StarGame\Debug\link.5852-cvtres.read.1.tlog
E:\CECI\TheGame\Source\StarGame\StarGame\Debug\link.5852-cvtres.write.1.tlog
E:\CECI\TheGame\Source\StarGame\StarGame\Debug\link.5872.read.1.tlog
E:\CECI\TheGame\Source\StarGame\StarGame\Debug\link.5872.write.1.tlog
E:\CECI\TheGame\Source\StarGame\StarGame\Debug\link.5872-cvtres.read.1.tlog
E:\CECI\TheGame\Source\StarGame\StarGame\Debug\link.5872-cvtres.write.1.tlog
E:\CECI\TheGame\Source\StarGame\StarGame\Debug\link.5876.read.1.tlog
E:\CECI\TheGame\Source\StarGame\StarGame\Debug\link.5876.write.1.tlog
E:\CECI\TheGame\Source\StarGame\StarGame\Debug\link.5876-cvtres.read.1.tlog
E:\CECI\TheGame\Source\StarGame\StarGame\Debug\link.5876-cvtres.write.1.tlog
E:\CECI\TheGame\Source\StarGame\StarGame\Debug\link.5880.read.1.tlog
E:\CECI\TheGame\Source\StarGame\StarGame\Debug\link.5880.write.1.tlog
E:\CECI\TheGame\Source\StarGame\StarGame\Debug\link.5880-cvtres.read.1.tlog
E:\CECI\TheGame\Source\StarGame\StarGame\Debug\link.5880-cvtres.write.1.tlog
E:\CECI\TheGame\Source\StarGame\StarGame\Debug\link.5940.read.1.tlog
E:\CECI\TheGame\Source\StarGame\StarGame\Debug\link.5940.write.1.tlog
E:\CECI\TheGame\Source\StarGame\StarGame\Debug\link.5940-cvtres.read.1.tlog
E:\CECI\TheGame\Source\StarGame\StarGame\Debug\link.5940-cvtres.write.1.tlog
E:\CECI\TheGame\Source\StarGame\StarGame\Debug\link.5964.read.1.tlog
E:\CECI\TheGame\Source\StarGame\StarGame\Debug\link.5964.write.1.tlog
E:\CECI\TheGame\Source\StarGame\StarGame\Debug\link.5964-cvtres.read.1.tlog
E:\CECI\TheGame\Source\StarGame\StarGame\Debug\link.5964-cvtres.write.1.tlog
E:\CECI\TheGame\Source\StarGame\StarGame\Debug\link.5972.read.1.tlog
E:\CECI\TheGame\Source\StarGame\StarGame\Debug\link.5972.write.1.tlog
E:\CECI\TheGame\Source\StarGame\StarGame\Debug\link.5972-cvtres.read.1.tlog
E:\CECI\TheGame\Source\StarGame\StarGame\Debug\link.5972-cvtres.write.1.tlog
E:\CECI\TheGame\Source\StarGame\StarGame\Debug\link.6008.read.1.tlog
E:\CECI\TheGame\Source\StarGame\StarGame\Debug\link.6008.write.1.tlog
E:\CECI\TheGame\Source\StarGame\StarGame\Debug\link.6008-cvtres.read.1.tlog
E:\CECI\TheGame\Source\StarGame\StarGame\Debug\link.6008-cvtres.write.1.tlog
E:\CECI\TheGame\Source\StarGame\StarGame\Debug\link.6020.read.1.tlog
E:\CECI\TheGame\Source\StarGame\StarGame\Debug\link.6020.write.1.tlog
E:\CECI\TheGame\Source\StarGame\StarGame\Debug\link.6020-cvtres.read.1.tlog
E:\CECI\TheGame\Source\StarGame\StarGame\Debug\link.6020-cvtres.write.1.tlog
E:\CECI\TheGame\Source\StarGame\StarGame\Debug\link.6060.read.1.tlog
E:\CECI\TheGame\Source\StarGame\StarGame\Debug\link.6060.write.1.tlog
E:\CECI\TheGame\Source\StarGame\StarGame\Debug\link.6060-cvtres.read.1.tlog
E:\CECI\TheGame\Source\StarGame\StarGame\Debug\link.6060-cvtres.write.1.tlog
E:\CECI\TheGame\Source\StarGame\StarGame\Debug\link.6084.read.1.tlog
E:\CECI\TheGame\Source\StarGame\StarGame\Debug\link.6084.write.1.tlog
E:\CECI\TheGame\Source\StarGame\StarGame\Debug\link.6084-cvtres.read.1.tlog
E:\CECI\TheGame\Source\StarGame\StarGame\Debug\link.6084-cvtres.write.1.tlog
E:\CECI\TheGame\Source\StarGame\StarGame\Debug\link.6100.read.1.tlog
E:\CECI\TheGame\Source\StarGame\StarGame\Debug\link.6100.write.1.tlog
E:\CECI\TheGame\Source\StarGame\StarGame\Debug\link.6100-cvtres.read.1.tlog
E:\CECI\TheGame\Source\StarGame\StarGame\Debug\link.6100-cvtres.write.1.tlog
E:\CECI\TheGame\Source\StarGame\StarGame\Debug\link.6184.read.1.tlog
E:\CECI\TheGame\Source\StarGame\StarGame\Debug\link.6184.write.1.tlog
E:\CECI\TheGame\Source\StarGame\StarGame\Debug\link.6184-cvtres.read.1.tlog
E:\CECI\TheGame\Source\StarGame\StarGame\Debug\link.6184-cvtres.write.1.tlog
E:\CECI\TheGame\Source\StarGame\StarGame\Debug\link.6212.read.1.tlog
E:\CECI\TheGame\Source\StarGame\StarGame\Debug\link.6212.write.1.tlog
E:\CECI\TheGame\Source\StarGame\StarGame\Debug\link.6212-cvtres.read.1.tlog
E:\CECI\TheGame\Source\StarGame\StarGame\Debug\link.6212-cvtres.write.1.tlog
E:\CECI\TheGame\Source\StarGame\StarGame\Debug\link.6340.read.1.tlog
E:\CECI\TheGame\Source\StarGame\StarGame\Debug\link.6340.write.1.tlog
E:\CECI\TheGame\Source\StarGame\StarGame\Debug\link.6340-cvtres.read.1.tlog
E:\CECI\TheGame\Source\StarGame\StarGame\Debug\link.6340-cvtres.write.1.tlog
E:\CECI\TheGame\Source\StarGame\StarGame\Debug\link.6352.read.1.tlog
E:\CECI\TheGame\Source\StarGame\StarGame\Debug\link.6352.write.1.tlog
E:\CECI\TheGame\Source\StarGame\StarGame\Debug\link.6352-cvtres.read.1.tlog
E:\CECI\TheGame\Source\StarGame\StarGame\Debug\link.6352-cvtres.write.1.tlog
E:\CECI\TheGame\Source\StarGame\StarGame\Debug\link.6380.read.1.tlog
E:\CECI\TheGame\Source\StarGame\StarGame\Debug\link.6380.write.1.tlog
E:\CECI\TheGame\Source\StarGame\StarGame\Debug\link.6380-cvtres.read.1.tlog
E:\CECI\TheGame\Source\StarGame\StarGame\Debug\link.6380-cvtres.write.1.tlog
E:\CECI\TheGame\Source\StarGame\StarGame\Debug\link.6388.read.1.tlog
E:\CECI\TheGame\Source\StarGame\StarGame\Debug\link.6388.write.1.tlog
E:\CECI\TheGame\Source\StarGame\StarGame\Debug\link.6388-cvtres.read.1.tlog
E:\CECI\TheGame\Source\StarGame\StarGame\Debug\link.6388-cvtres.write.1.tlog
E:\CECI\TheGame\Source\StarGame\StarGame\Debug\link.6492.read.1.tlog
E:\CECI\TheGame\Source\StarGame\StarGame\Debug\link.6492.write.1.tlog
E:\CECI\TheGame\Source\StarGame\StarGame\Debug\link.6492-cvtres.read.1.tlog
E:\CECI\TheGame\Source\StarGame\StarGame\Debug\link.6492-cvtres.write.1.tlog
E:\CECI\TheGame\Source\StarGame\StarGame\Debug\link.6512.read.1.tlog
E:\CECI\TheGame\Source\StarGame\StarGame\Debug\link.6512.write.1.tlog
E:\CECI\TheGame\Source\StarGame\StarGame\Debug\link.6512-cvtres.read.1.tlog
E:\CECI\TheGame\Source\StarGame\StarGame\Debug\link.6512-cvtres.write.1.tlog
E:\CECI\TheGame\Source\StarGame\StarGame\Debug\link.6536.read.1.tlog
E:\CECI\TheGame\Source\StarGame\StarGame\Debug\link.6536.write.1.tlog
E:\CECI\TheGame\Source\StarGame\StarGame\Debug\link.6536-cvtres.read.1.tlog
E:\CECI\TheGame\Source\StarGame\StarGame\Debug\link.6536-cvtres.write.1.tlog
E:\CECI\TheGame\Source\StarGame\StarGame\Debug\link.6584.read.1.tlog
E:\CECI\TheGame\Source\StarGame\StarGame\Debug\link.6584.write.1.tlog
E:\CECI\TheGame\Source\StarGame\StarGame\Debug\link.6584-cvtres.read.1.tlog
E:\CECI\TheGame\Source\StarGame\StarGame\Debug\link.6584-cvtres.write.1.tlog
E:\CECI\TheGame\Source\StarGame\StarGame\Debug\link.6668.read.1.tlog
E:\CECI\TheGame\Source\StarGame\StarGame\Debug\link.6668.write.1.tlog
E:\CECI\TheGame\Source\StarGame\StarGame\Debug\link.6668-cvtres.read.1.tlog
E:\CECI\TheGame\Source\StarGame\StarGame\Debug\link.6668-cvtres.write.1.tlog
E:\CECI\TheGame\Source\StarGame\StarGame\Debug\link.6676.read.1.tlog
E:\CECI\TheGame\Source\StarGame\StarGame\Debug\link.6676.write.1.tlog
E:\CECI\TheGame\Source\StarGame\StarGame\Debug\link.6676-cvtres.read.1.tlog
E:\CECI\TheGame\Source\StarGame\StarGame\Debug\link.6676-cvtres.write.1.tlog
E:\CECI\TheGame\Source\StarGame\StarGame\Debug\link.6720.read.1.tlog
E:\CECI\TheGame\Source\StarGame\StarGame\Debug\link.6720.write.1.tlog
E:\CECI\TheGame\Source\StarGame\StarGame\Debug\link.6720-cvtres.read.1.tlog
E:\CECI\TheGame\Source\StarGame\StarGame\Debug\link.6720-cvtres.write.1.tlog
E:\CECI\TheGame\Source\StarGame\StarGame\Debug\link.6752.read.1.tlog
E:\CECI\TheGame\Source\StarGame\StarGame\Debug\link.6752.write.1.tlog
E:\CECI\TheGame\Source\StarGame\StarGame\Debug\link.6752-cvtres.read.1.tlog
E:\CECI\TheGame\Source\StarGame\StarGame\Debug\link.6752-cvtres.write.1.tlog
E:\CECI\TheGame\Source\StarGame\StarGame\Debug\link.6764.read.1.tlog
E:\CECI\TheGame\Source\StarGame\StarGame\Debug\link.6764.write.1.tlog
E:\CECI\TheGame\Source\StarGame\StarGame\Debug\link.6764-cvtres.read.1.tlog
E:\CECI\TheGame\Source\StarGame\StarGame\Debug\link.6764-cvtres.write.1.tlog
E:\CECI\TheGame\Source\StarGame\StarGame\Debug\link.6900.read.1.tlog
E:\CECI\TheGame\Source\StarGame\StarGame\Debug\link.6900.write.1.tlog
E:\CECI\TheGame\Source\StarGame\StarGame\Debug\link.6900-cvtres.read.1.tlog
E:\CECI\TheGame\Source\StarGame\StarGame\Debug\link.6900-cvtres.write.1.tlog
E:\CECI\TheGame\Source\StarGame\StarGame\Debug\link.6904.read.1.tlog
E:\CECI\TheGame\Source\StarGame\StarGame\Debug\link.6904.write.1.tlog
E:\CECI\TheGame\Source\StarGame\StarGame\Debug\link.6904-cvtres.read.1.tlog
E:\CECI\TheGame\Source\StarGame\StarGame\Debug\link.6904-cvtres.write.1.tlog
E:\CECI\TheGame\Source\StarGame\StarGame\Debug\link.692.read.1.tlog
E:\CECI\TheGame\Source\StarGame\StarGame\Debug\link.692.write.1.tlog
E:\CECI\TheGame\Source\StarGame\StarGame\Debug\link.6924.read.1.tlog
E:\CECI\TheGame\Source\StarGame\StarGame\Debug\link.6924.write.1.tlog
E:\CECI\TheGame\Source\StarGame\StarGame\Debug\link.6924-cvtres.read.1.tlog
E:\CECI\TheGame\Source\StarGame\StarGame\Debug\link.6924-cvtres.write.1.tlog
E:\CECI\TheGame\Source\StarGame\StarGame\Debug\link.692-cvtres.read.1.tlog
E:\CECI\TheGame\Source\StarGame\StarGame\Debug\link.692-cvtres.write.1.tlog
E:\CECI\TheGame\Source\StarGame\StarGame\Debug\link.6984.read.1.tlog
E:\CECI\TheGame\Source\StarGame\StarGame\Debug\link.6984.write.1.tlog
E:\CECI\TheGame\Source\StarGame\StarGame\Debug\link.6984-cvtres.read.1.tlog
E:\CECI\TheGame\Source\StarGame\StarGame\Debug\link.6984-cvtres.write.1.tlog
E:\CECI\TheGame\Source\StarGame\StarGame\Debug\link.6996.read.1.tlog
E:\CECI\TheGame\Source\StarGame\StarGame\Debug\link.6996.write.1.tlog
E:\CECI\TheGame\Source\StarGame\StarGame\Debug\link.6996-cvtres.read.1.tlog
E:\CECI\TheGame\Source\StarGame\StarGame\Debug\link.6996-cvtres.write.1.tlog
E:\CECI\TheGame\Source\StarGame\StarGame\Debug\link.7020.read.1.tlog
E:\CECI\TheGame\Source\StarGame\StarGame\Debug\link.7020.write.1.tlog
E:\CECI\TheGame\Source\StarGame\StarGame\Debug\link.7020-cvtres.read.1.tlog
E:\CECI\TheGame\Source\StarGame\StarGame\Debug\link.7020-cvtres.write.1.tlog
E:\CECI\TheGame\Source\StarGame\StarGame\Debug\link.7064.read.1.tlog
E:\CECI\TheGame\Source\StarGame\StarGame\Debug\link.7064.write.1.tlog
E:\CECI\TheGame\Source\StarGame\StarGame\Debug\link.7064-cvtres.read.1.tlog
E:\CECI\TheGame\Source\StarGame\StarGame\Debug\link.7064-cvtres.write.1.tlog
E:\CECI\TheGame\Source\StarGame\StarGame\Debug\link.7076.read.1.tlog
E:\CECI\TheGame\Source\StarGame\StarGame\Debug\link.7076.write.1.tlog
E:\CECI\TheGame\Source\StarGame\StarGame\Debug\link.7076-cvtres.read.1.tlog
E:\CECI\TheGame\Source\StarGame\StarGame\Debug\link.7076-cvtres.write.1.tlog
E:\CECI\TheGame\Source\StarGame\StarGame\Debug\link.7096.read.1.tlog
E:\CECI\TheGame\Source\StarGame\StarGame\Debug\link.7096.write.1.tlog
E:\CECI\TheGame\Source\StarGame\StarGame\Debug\link.7096-cvtres.read.1.tlog
E:\CECI\TheGame\Source\StarGame\StarGame\Debug\link.7096-cvtres.write.1.tlog
E:\CECI\TheGame\Source\StarGame\StarGame\Debug\link.7100.read.1.tlog
E:\CECI\TheGame\Source\StarGame\StarGame\Debug\link.7100.write.1.tlog
E:\CECI\TheGame\Source\StarGame\StarGame\Debug\link.7100-cvtres.read.1.tlog
E:\CECI\TheGame\Source\StarGame\StarGame\Debug\link.7100-cvtres.write.1.tlog
E:\CECI\TheGame\Source\StarGame\StarGame\Debug\link.7140.read.1.tlog
E:\CECI\TheGame\Source\StarGame\StarGame\Debug\link.7140.write.1.tlog
E:\CECI\TheGame\Source\StarGame\StarGame\Debug\link.7140-cvtres.read.1.tlog
E:\CECI\TheGame\Source\StarGame\StarGame\Debug\link.7140-cvtres.write.1.tlog
E:\CECI\TheGame\Source\StarGame\StarGame\Debug\link.7184.read.1.tlog
E:\CECI\TheGame\Source\StarGame\StarGame\Debug\link.7184.write.1.tlog
E:\CECI\TheGame\Source\StarGame\StarGame\Debug\link.7184-cvtres.read.1.tlog
E:\CECI\TheGame\Source\StarGame\StarGame\Debug\link.7184-cvtres.write.1.tlog
E:\CECI\TheGame\Source\StarGame\StarGame\Debug\link.7192.read.1.tlog
E:\CECI\TheGame\Source\StarGame\StarGame\Debug\link.7192.write.1.tlog
E:\CECI\TheGame\Source\StarGame\StarGame\Debug\link.7192-cvtres.read.1.tlog
E:\CECI\TheGame\Source\StarGame\StarGame\Debug\link.7192-cvtres.write.1.tlog
E:\CECI\TheGame\Source\StarGame\StarGame\Debug\link.7200.read.1.tlog
E:\CECI\TheGame\Source\StarGame\StarGame\Debug\link.7200.write.1.tlog
E:\CECI\TheGame\Source\StarGame\StarGame\Debug\link.7200-cvtres.read.1.tlog
E:\CECI\TheGame\Source\StarGame\StarGame\Debug\link.7200-cvtres.write.1.tlog
E:\CECI\TheGame\Source\StarGame\StarGame\Debug\link.7208.read.1.tlog
E:\CECI\TheGame\Source\StarGame\StarGame\Debug\link.7208.write.1.tlog
E:\CECI\TheGame\Source\StarGame\StarGame\Debug\link.7208-cvtres.read.1.tlog
E:\CECI\TheGame\Source\StarGame\StarGame\Debug\link.7208-cvtres.write.1.tlog
E:\CECI\TheGame\Source\StarGame\StarGame\Debug\link.7224.read.1.tlog
E:\CECI\TheGame\Source\StarGame\StarGame\Debug\link.7224.write.1.tlog
E:\CECI\TheGame\Source\StarGame\StarGame\Debug\link.7224-cvtres.read.1.tlog
E:\CECI\TheGame\Source\StarGame\StarGame\Debug\link.7224-cvtres.write.1.tlog
E:\CECI\TheGame\Source\StarGame\StarGame\Debug\link.7296.read.1.tlog
E:\CECI\TheGame\Source\StarGame\StarGame\Debug\link.7296.write.1.tlog
E:\CECI\TheGame\Source\StarGame\StarGame\Debug\link.7296-cvtres.read.1.tlog
E:\CECI\TheGame\Source\StarGame\StarGame\Debug\link.7296-cvtres.write.1.tlog
E:\CECI\TheGame\Source\StarGame\StarGame\Debug\link.7332.read.1.tlog
E:\CECI\TheGame\Source\StarGame\StarGame\Debug\link.7332.write.1.tlog
E:\CECI\TheGame\Source\StarGame\StarGame\Debug\link.7332-cvtres.read.1.tlog
E:\CECI\TheGame\Source\StarGame\StarGame\Debug\link.7332-cvtres.write.1.tlog
E:\CECI\TheGame\Source\StarGame\StarGame\Debug\link.7360.read.1.tlog
E:\CECI\TheGame\Source\StarGame\StarGame\Debug\link.7360.write.1.tlog
E:\CECI\TheGame\Source\StarGame\StarGame\Debug\link.7360-cvtres.read.1.tlog
E:\CECI\TheGame\Source\StarGame\StarGame\Debug\link.7360-cvtres.write.1.tlog
E:\CECI\TheGame\Source\StarGame\StarGame\Debug\link.7376.read.1.tlog
E:\CECI\TheGame\Source\StarGame\StarGame\Debug\link.7376.write.1.tlog
E:\CECI\TheGame\Source\StarGame\StarGame\Debug\link.7376-cvtres.read.1.tlog
E:\CECI\TheGame\Source\StarGame\StarGame\Debug\link.7376-cvtres.write.1.tlog
E:\CECI\TheGame\Source\StarGame\StarGame\Debug\link.7380.read.1.tlog
E:\CECI\TheGame\Source\StarGame\StarGame\Debug\link.7380.write.1.tlog
E:\CECI\TheGame\Source\StarGame\StarGame\Debug\link.7380-cvtres.read.1.tlog
E:\CECI\TheGame\Source\StarGame\StarGame\Debug\link.7380-cvtres.write.1.tlog
E:\CECI\TheGame\Source\StarGame\StarGame\Debug\link.7384.read.1.tlog
E:\CECI\TheGame\Source\StarGame\StarGame\Debug\link.7384.write.1.tlog
E:\CECI\TheGame\Source\StarGame\StarGame\Debug\link.7384-cvtres.read.1.tlog
E:\CECI\TheGame\Source\StarGame\StarGame\Debug\link.7384-cvtres.write.1.tlog
E:\CECI\TheGame\Source\StarGame\StarGame\Debug\link.7388.read.1.tlog
E:\CECI\TheGame\Source\StarGame\StarGame\Debug\link.7388.write.1.tlog
E:\CECI\TheGame\Source\StarGame\StarGame\Debug\link.7388-cvtres.read.1.tlog
E:\CECI\TheGame\Source\StarGame\StarGame\Debug\link.7388-cvtres.write.1.tlog
E:\CECI\TheGame\Source\StarGame\StarGame\Debug\link.7416.read.1.tlog
E:\CECI\TheGame\Source\StarGame\StarGame\Debug\link.7416.write.1.tlog
E:\CECI\TheGame\Source\StarGame\StarGame\Debug\link.7416-cvtres.read.1.tlog
E:\CECI\TheGame\Source\StarGame\StarGame\Debug\link.7416-cvtres.write.1.tlog
E:\CECI\TheGame\Source\StarGame\StarGame\Debug\link.7448.read.1.tlog
E:\CECI\TheGame\Source\StarGame\StarGame\Debug\link.7448.write.1.tlog
E:\CECI\TheGame\Source\StarGame\StarGame\Debug\link.7448-cvtres.read.1.tlog
E:\CECI\TheGame\Source\StarGame\StarGame\Debug\link.7448-cvtres.write.1.tlog
E:\CECI\TheGame\Source\StarGame\StarGame\Debug\link.7460.read.1.tlog
E:\CECI\TheGame\Source\StarGame\StarGame\Debug\link.7460.write.1.tlog
E:\CECI\TheGame\Source\StarGame\StarGame\Debug\link.7460-cvtres.read.1.tlog
E:\CECI\TheGame\Source\StarGame\StarGame\Debug\link.7460-cvtres.write.1.tlog
E:\CECI\TheGame\Source\StarGame\StarGame\Debug\link.7476.read.1.tlog
E:\CECI\TheGame\Source\StarGame\StarGame\Debug\link.7476.write.1.tlog
E:\CECI\TheGame\Source\StarGame\StarGame\Debug\link.7476-cvtres.read.1.tlog
E:\CECI\TheGame\Source\StarGame\StarGame\Debug\link.7476-cvtres.write.1.tlog
E:\CECI\TheGame\Source\StarGame\StarGame\Debug\link.7528.read.1.tlog
E:\CECI\TheGame\Source\StarGame\StarGame\Debug\link.7528.write.1.tlog
E:\CECI\TheGame\Source\StarGame\StarGame\Debug\link.7528-cvtres.read.1.tlog
E:\CECI\TheGame\Source\StarGame\StarGame\Debug\link.7528-cvtres.write.1.tlog
E:\CECI\TheGame\Source\StarGame\StarGame\Debug\link.7532.read.1.tlog
E:\CECI\TheGame\Source\StarGame\StarGame\Debug\link.7532.write.1.tlog
E:\CECI\TheGame\Source\StarGame\StarGame\Debug\link.7532-cvtres.read.1.tlog
E:\CECI\TheGame\Source\StarGame\StarGame\Debug\link.7532-cvtres.write.1.tlog
E:\CECI\TheGame\Source\StarGame\StarGame\Debug\link.7536.read.1.tlog
E:\CECI\TheGame\Source\StarGame\StarGame\Debug\link.7536.write.1.tlog
E:\CECI\TheGame\Source\StarGame\StarGame\Debug\link.7536-cvtres.read.1.tlog
E:\CECI\TheGame\Source\StarGame\StarGame\Debug\link.7536-cvtres.write.1.tlog
E:\CECI\TheGame\Source\StarGame\StarGame\Debug\link.7540.read.1.tlog
E:\CECI\TheGame\Source\StarGame\StarGame\Debug\link.7540.write.1.tlog
E:\CECI\TheGame\Source\StarGame\StarGame\Debug\link.7540-cvtres.read.1.tlog
E:\CECI\TheGame\Source\StarGame\StarGame\Debug\link.7540-cvtres.write.1.tlog
E:\CECI\TheGame\Source\StarGame\StarGame\Debug\link.7564.read.1.tlog
E:\CECI\TheGame\Source\StarGame\StarGame\Debug\link.7564.write.1.tlog
E:\CECI\TheGame\Source\StarGame\StarGame\Debug\link.7564-cvtres.read.1.tlog
E:\CECI\TheGame\Source\StarGame\StarGame\Debug\link.7564-cvtres.write.1.tlog
E:\CECI\TheGame\Source\StarGame\StarGame\Debug\link.7656.read.1.tlog
E:\CECI\TheGame\Source\StarGame\StarGame\Debug\link.7656.write.1.tlog
E:\CECI\TheGame\Source\StarGame\StarGame\Debug\link.7656-cvtres.read.1.tlog
E:\CECI\TheGame\Source\StarGame\StarGame\Debug\link.7656-cvtres.write.1.tlog
E:\CECI\TheGame\Source\StarGame\StarGame\Debug\link.7660.read.1.tlog
E:\CECI\TheGame\Source\StarGame\StarGame\Debug\link.7660.write.1.tlog
E:\CECI\TheGame\Source\StarGame\StarGame\Debug\link.7660-cvtres.read.1.tlog
E:\CECI\TheGame\Source\StarGame\StarGame\Debug\link.7660-cvtres.write.1.tlog
E:\CECI\TheGame\Source\StarGame\StarGame\Debug\link.7672.read.1.tlog
E:\CECI\TheGame\Source\StarGame\StarGame\Debug\link.7672.write.1.tlog
E:\CECI\TheGame\Source\StarGame\StarGame\Debug\link.7672-cvtres.read.1.tlog
E:\CECI\TheGame\Source\StarGame\StarGame\Debug\link.7672-cvtres.write.1.tlog
E:\CECI\TheGame\Source\StarGame\StarGame\Debug\link.7680.read.1.tlog
E:\CECI\TheGame\Source\StarGame\StarGame\Debug\link.7680.write.1.tlog
E:\CECI\TheGame\Source\StarGame\StarGame\Debug\link.7680-cvtres.read.1.tlog
E:\CECI\TheGame\Source\StarGame\StarGame\Debug\link.7680-cvtres.write.1.tlog
E:\CECI\TheGame\Source\StarGame\StarGame\Debug\link.7724.read.1.tlog
E:\CECI\TheGame\Source\StarGame\StarGame\Debug\link.7724.write.1.tlog
E:\CECI\TheGame\Source\StarGame\StarGame\Debug\link.7724-cvtres.read.1.tlog
E:\CECI\TheGame\Source\StarGame\StarGame\Debug\link.7724-cvtres.write.1.tlog
E:\CECI\TheGame\Source\StarGame\StarGame\Debug\link.7748.read.1.tlog
E:\CECI\TheGame\Source\StarGame\StarGame\Debug\link.7748.write.1.tlog
E:\CECI\TheGame\Source\StarGame\StarGame\Debug\link.7748-cvtres.read.1.tlog
E:\CECI\TheGame\Source\StarGame\StarGame\Debug\link.7748-cvtres.write.1.tlog
E:\CECI\TheGame\Source\StarGame\StarGame\Debug\link.7764.read.1.tlog
E:\CECI\TheGame\Source\StarGame\StarGame\Debug\link.7764.write.1.tlog
E:\CECI\TheGame\Source\StarGame\StarGame\Debug\link.7764-cvtres.read.1.tlog
E:\CECI\TheGame\Source\StarGame\StarGame\Debug\link.7764-cvtres.write.1.tlog
E:\CECI\TheGame\Source\StarGame\StarGame\Debug\link.7776.read.1.tlog
E:\CECI\TheGame\Source\StarGame\StarGame\Debug\link.7776.write.1.tlog
E:\CECI\TheGame\Source\StarGame\StarGame\Debug\link.7776-cvtres.read.1.tlog
E:\CECI\TheGame\Source\StarGame\StarGame\Debug\link.7776-cvtres.write.1.tlog
E:\CECI\TheGame\Source\StarGame\StarGame\Debug\link.7784.read.1.tlog
E:\CECI\TheGame\Source\StarGame\StarGame\Debug\link.7784.write.1.tlog
E:\CECI\TheGame\Source\StarGame\StarGame\Debug\link.7784-cvtres.read.1.tlog
E:\CECI\TheGame\Source\StarGame\StarGame\Debug\link.7784-cvtres.write.1.tlog
E:\CECI\TheGame\Source\StarGame\StarGame\Debug\link.7788.read.1.tlog
E:\CECI\TheGame\Source\StarGame\StarGame\Debug\link.7788.write.1.tlog
E:\CECI\TheGame\Source\StarGame\StarGame\Debug\link.7788-cvtres.read.1.tlog
E:\CECI\TheGame\Source\StarGame\StarGame\Debug\link.7788-cvtres.write.1.tlog
E:\CECI\TheGame\Source\StarGame\StarGame\Debug\link.7792.read.1.tlog
E:\CECI\TheGame\Source\StarGame\StarGame\Debug\link.7792.write.1.tlog
E:\CECI\TheGame\Source\StarGame\StarGame\Debug\link.7792-cvtres.read.1.tlog
E:\CECI\TheGame\Source\StarGame\StarGame\Debug\link.7792-cvtres.write.1.tlog
E:\CECI\TheGame\Source\StarGame\StarGame\Debug\link.7796.read.1.tlog
E:\CECI\TheGame\Source\StarGame\StarGame\Debug\link.7796.write.1.tlog
E:\CECI\TheGame\Source\StarGame\StarGame\Debug\link.7796-cvtres.read.1.tlog
E:\CECI\TheGame\Source\StarGame\StarGame\Debug\link.7796-cvtres.write.1.tlog
E:\CECI\TheGame\Source\StarGame\StarGame\Debug\link.7804.read.1.tlog
E:\CECI\TheGame\Source\StarGame\StarGame\Debug\link.7804.write.1.tlog
E:\CECI\TheGame\Source\StarGame\StarGame\Debug\link.7804-cvtres.read.1.tlog
E:\CECI\TheGame\Source\StarGame\StarGame\Debug\link.7804-cvtres.write.1.tlog
E:\CECI\TheGame\Source\StarGame\StarGame\Debug\link.7852.read.1.tlog
E:\CECI\TheGame\Source\StarGame\StarGame\Debug\link.7852.write.1.tlog
E:\CECI\TheGame\Source\StarGame\StarGame\Debug\link.7852-cvtres.read.1.tlog
E:\CECI\TheGame\Source\StarGame\StarGame\Debug\link.7852-cvtres.write.1.tlog
E:\CECI\TheGame\Source\StarGame\StarGame\Debug\link.7904.read.1.tlog
E:\CECI\TheGame\Source\StarGame\StarGame\Debug\link.7904.write.1.tlog
E:\CECI\TheGame\Source\StarGame\StarGame\Debug\link.7904-cvtres.read.1.tlog
E:\CECI\TheGame\Source\StarGame\StarGame\Debug\link.7904-cvtres.write.1.tlog
E:\CECI\TheGame\Source\StarGame\StarGame\Debug\link.7932.read.1.tlog
E:\CECI\TheGame\Source\StarGame\StarGame\Debug\link.7932.write.1.tlog
E:\CECI\TheGame\Source\StarGame\StarGame\Debug\link.7932-cvtres.read.1.tlog
E:\CECI\TheGame\Source\StarGame\StarGame\Debug\link.7932-cvtres.write.1.tlog
E:\CECI\TheGame\Source\StarGame\StarGame\Debug\link.7936.read.1.tlog
E:\CECI\TheGame\Source\StarGame\StarGame\Debug\link.7936.write.1.tlog
E:\CECI\TheGame\Source\StarGame\StarGame\Debug\link.7936-cvtres.read.1.tlog
E:\CECI\TheGame\Source\StarGame\StarGame\Debug\link.7936-cvtres.write.1.tlog
E:\CECI\TheGame\Source\StarGame\StarGame\Debug\link.7940.read.1.tlog
E:\CECI\TheGame\Source\StarGame\StarGame\Debug\link.7940.write.1.tlog
E:\CECI\TheGame\Source\StarGame\StarGame\Debug\link.7940-cvtres.read.1.tlog
E:\CECI\TheGame\Source\StarGame\StarGame\Debug\link.7940-cvtres.write.1.tlog
E:\CECI\TheGame\Source\StarGame\StarGame\Debug\link.7944.read.1.tlog
E:\CECI\TheGame\Source\StarGame\StarGame\Debug\link.7944.write.1.tlog
E:\CECI\TheGame\Source\StarGame\StarGame\Debug\link.7944-cvtres.read.1.tlog
E:\CECI\TheGame\Source\StarGame\StarGame\Debug\link.7944-cvtres.write.1.tlog
E:\CECI\TheGame\Source\StarGame\StarGame\Debug\link.7968.read.1.tlog
E:\CECI\TheGame\Source\StarGame\StarGame\Debug\link.7968.write.1.tlog
E:\CECI\TheGame\Source\StarGame\StarGame\Debug\link.7968-cvtres.read.1.tlog
E:\CECI\TheGame\Source\StarGame\StarGame\Debug\link.7968-cvtres.write.1.tlog
E:\CECI\TheGame\Source\StarGame\StarGame\Debug\link.7988.read.1.tlog
E:\CECI\TheGame\Source\StarGame\StarGame\Debug\link.7988.write.1.tlog
E:\CECI\TheGame\Source\StarGame\StarGame\Debug\link.7988-cvtres.read.1.tlog
E:\CECI\TheGame\Source\StarGame\StarGame\Debug\link.7988-cvtres.write.1.tlog
E:\CECI\TheGame\Source\StarGame\StarGame\Debug\link.8016.read.1.tlog
E:\CECI\TheGame\Source\StarGame\StarGame\Debug\link.8016.write.1.tlog
E:\CECI\TheGame\Source\StarGame\StarGame\Debug\link.8016-cvtres.read.1.tlog
E:\CECI\TheGame\Source\StarGame\StarGame\Debug\link.8016-cvtres.write.1.tlog
E:\CECI\TheGame\Source\StarGame\StarGame\Debug\link.8020.read.1.tlog
E:\CECI\TheGame\Source\StarGame\StarGame\Debug\link.8020.write.1.tlog
E:\CECI\TheGame\Source\StarGame\StarGame\Debug\link.8020-cvtres.read.1.tlog
E:\CECI\TheGame\Source\StarGame\StarGame\Debug\link.8020-cvtres.write.1.tlog
E:\CECI\TheGame\Source\StarGame\StarGame\Debug\link.8028.read.1.tlog
E:\CECI\TheGame\Source\StarGame\StarGame\Debug\link.8028.write.1.tlog
E:\CECI\TheGame\Source\StarGame\StarGame\Debug\link.8028-cvtres.read.1.tlog
E:\CECI\TheGame\Source\StarGame\StarGame\Debug\link.8028-cvtres.write.1.tlog
E:\CECI\TheGame\Source\StarGame\StarGame\Debug\link.8036.read.1.tlog
E:\CECI\TheGame\Source\StarGame\StarGame\Debug\link.8036.write.1.tlog
E:\CECI\TheGame\Source\StarGame\StarGame\Debug\link.8036-cvtres.read.1.tlog
E:\CECI\TheGame\Source\StarGame\StarGame\Debug\link.8036-cvtres.write.1.tlog
E:\CECI\TheGame\Source\StarGame\StarGame\Debug\link.8052.read.1.tlog
E:\CECI\TheGame\Source\StarGame\StarGame\Debug\link.8052.write.1.tlog
E:\CECI\TheGame\Source\StarGame\StarGame\Debug\link.8052-cvtres.read.1.tlog
E:\CECI\TheGame\Source\StarGame\StarGame\Debug\link.8052-cvtres.write.1.tlog
E:\CECI\TheGame\Source\StarGame\StarGame\Debug\link.8084.read.1.tlog
E:\CECI\TheGame\Source\StarGame\StarGame\Debug\link.8084.write.1.tlog
E:\CECI\TheGame\Source\StarGame\StarGame\Debug\link.8084-cvtres.read.1.tlog
E:\CECI\TheGame\Source\StarGame\StarGame\Debug\link.8084-cvtres.write.1.tlog
E:\CECI\TheGame\Source\StarGame\StarGame\Debug\link.8088.read.1.tlog
E:\CECI\TheGame\Source\StarGame\StarGame\Debug\link.8088.write.1.tlog
E:\CECI\TheGame\Source\StarGame\StarGame\Debug\link.8088-cvtres.read.1.tlog
E:\CECI\TheGame\Source\StarGame\StarGame\Debug\link.8088-cvtres.write.1.tlog
E:\CECI\TheGame\Source\StarGame\StarGame\Debug\link.8096.read.1.tlog
E:\CECI\TheGame\Source\StarGame\StarGame\Debug\link.8096.write.1.tlog
E:\CECI\TheGame\Source\StarGame\StarGame\Debug\link.8096-cvtres.read.1.tlog
E:\CECI\TheGame\Source\StarGame\StarGame\Debug\link.8096-cvtres.write.1.tlog
E:\CECI\TheGame\Source\StarGame\StarGame\Debug\link.8116.read.1.tlog
E:\CECI\TheGame\Source\StarGame\StarGame\Debug\link.8116.write.1.tlog
E:\CECI\TheGame\Source\StarGame\StarGame\Debug\link.8116-cvtres.read.1.tlog
E:\CECI\TheGame\Source\StarGame\StarGame\Debug\link.8116-cvtres.write.1.tlog
E:\CECI\TheGame\Source\StarGame\StarGame\Debug\link.8128.read.1.tlog
E:\CECI\TheGame\Source\StarGame\StarGame\Debug\link.8128.write.1.tlog
E:\CECI\TheGame\Source\StarGame\StarGame\Debug\link.8128-cvtres.read.1.tlog
E:\CECI\TheGame\Source\StarGame\StarGame\Debug\link.8128-cvtres.write.1.tlog
E:\CECI\TheGame\Source\StarGame\StarGame\Debug\link.8132.read.1.tlog
E:\CECI\TheGame\Source\StarGame\StarGame\Debug\link.8132.write.1.tlog
E:\CECI\TheGame\Source\StarGame\StarGame\Debug\link.8132-cvtres.read.1.tlog
E:\CECI\TheGame\Source\StarGame\StarGame\Debug\link.8132-cvtres.write.1.tlog
E:\CECI\TheGame\Source\StarGame\StarGame\Debug\link.8176.read.1.tlog
E:\CECI\TheGame\Source\StarGame\StarGame\Debug\link.8176.write.1.tlog
E:\CECI\TheGame\Source\StarGame\StarGame\Debug\link.8176-cvtres.read.1.tlog
E:\CECI\TheGame\Source\StarGame\StarGame\Debug\link.8176-cvtres.write.1.tlog
E:\CECI\TheGame\Source\StarGame\StarGame\Debug\link.8232.read.1.tlog
E:\CECI\TheGame\Source\StarGame\StarGame\Debug\link.8232.write.1.tlog
E:\CECI\TheGame\Source\StarGame\StarGame\Debug\link.8232-cvtres.read.1.tlog
E:\CECI\TheGame\Source\StarGame\StarGame\Debug\link.8232-cvtres.write.1.tlog
E:\CECI\TheGame\Source\StarGame\StarGame\Debug\link.8292.read.1.tlog
E:\CECI\TheGame\Source\StarGame\StarGame\Debug\link.8292.write.1.tlog
E:\CECI\TheGame\Source\StarGame\StarGame\Debug\link.8292-cvtres.read.1.tlog
E:\CECI\TheGame\Source\StarGame\StarGame\Debug\link.8292-cvtres.write.1.tlog
E:\CECI\TheGame\Source\StarGame\StarGame\Debug\link.8316.read.1.tlog
E:\CECI\TheGame\Source\StarGame\StarGame\Debug\link.8316.write.1.tlog
E:\CECI\TheGame\Source\StarGame\StarGame\Debug\link.8316-cvtres.read.1.tlog
E:\CECI\TheGame\Source\StarGame\StarGame\Debug\link.8316-cvtres.write.1.tlog
E:\CECI\TheGame\Source\StarGame\StarGame\Debug\link.8356.read.1.tlog
E:\CECI\TheGame\Source\StarGame\StarGame\Debug\link.8356.write.1.tlog
E:\CECI\TheGame\Source\StarGame\StarGame\Debug\link.8356-cvtres.read.1.tlog
E:\CECI\TheGame\Source\StarGame\StarGame\Debug\link.8356-cvtres.write.1.tlog
E:\CECI\TheGame\Source\StarGame\StarGame\Debug\link.8364.read.1.tlog
E:\CECI\TheGame\Source\StarGame\StarGame\Debug\link.8364.write.1.tlog
E:\CECI\TheGame\Source\StarGame\StarGame\Debug\link.8364-cvtres.read.1.tlog
E:\CECI\TheGame\Source\StarGame\StarGame\Debug\link.8364-cvtres.write.1.tlog
E:\CECI\TheGame\Source\StarGame\StarGame\Debug\link.8368.read.1.tlog
E:\CECI\TheGame\Source\StarGame\StarGame\Debug\link.8368.write.1.tlog
E:\CECI\TheGame\Source\StarGame\StarGame\Debug\link.8368-cvtres.read.1.tlog
E:\CECI\TheGame\Source\StarGame\StarGame\Debug\link.8368-cvtres.write.1.tlog
E:\CECI\TheGame\Source\StarGame\StarGame\Debug\link.8388.read.1.tlog
E:\CECI\TheGame\Source\StarGame\StarGame\Debug\link.8388.write.1.tlog
E:\CECI\TheGame\Source\StarGame\StarGame\Debug\link.8388-cvtres.read.1.tlog
E:\CECI\TheGame\Source\StarGame\StarGame\Debug\link.8388-cvtres.write.1.tlog
E:\CECI\TheGame\Source\StarGame\StarGame\Debug\link.8404.read.1.tlog
E:\CECI\TheGame\Source\StarGame\StarGame\Debug\link.8404.write.1.tlog
E:\CECI\TheGame\Source\StarGame\StarGame\Debug\link.8404-cvtres.read.1.tlog
E:\CECI\TheGame\Source\StarGame\StarGame\Debug\link.8404-cvtres.write.1.tlog
E:\CECI\TheGame\Source\StarGame\StarGame\Debug\link.8420.read.1.tlog
E:\CECI\TheGame\Source\StarGame\StarGame\Debug\link.8420.write.1.tlog
E:\CECI\TheGame\Source\StarGame\StarGame\Debug\link.8420-cvtres.read.1.tlog
E:\CECI\TheGame\Source\StarGame\StarGame\Debug\link.8420-cvtres.write.1.tlog
E:\CECI\TheGame\Source\StarGame\StarGame\Debug\link.8452.read.1.tlog
E:\CECI\TheGame\Source\StarGame\StarGame\Debug\link.8452.write.1.tlog
E:\CECI\TheGame\Source\StarGame\StarGame\Debug\link.8452-cvtres.read.1.tlog
E:\CECI\TheGame\Source\StarGame\StarGame\Debug\link.8452-cvtres.write.1.tlog
E:\CECI\TheGame\Source\StarGame\StarGame\Debug\link.8460.read.1.tlog
E:\CECI\TheGame\Source\StarGame\StarGame\Debug\link.8460.write.1.tlog
E:\CECI\TheGame\Source\StarGame\StarGame\Debug\link.8460-cvtres.read.1.tlog
E:\CECI\TheGame\Source\StarGame\StarGame\Debug\link.8460-cvtres.write.1.tlog
E:\CECI\TheGame\Source\StarGame\StarGame\Debug\link.8468.read.1.tlog
E:\CECI\TheGame\Source\StarGame\StarGame\Debug\link.8468.write.1.tlog
E:\CECI\TheGame\Source\StarGame\StarGame\Debug\link.8468-cvtres.read.1.tlog
E:\CECI\TheGame\Source\StarGame\StarGame\Debug\link.8468-cvtres.write.1.tlog
E:\CECI\TheGame\Source\StarGame\StarGame\Debug\link.8480.read.1.tlog
E:\CECI\TheGame\Source\StarGame\StarGame\Debug\link.8480.write.1.tlog
E:\CECI\TheGame\Source\StarGame\StarGame\Debug\link.8480-cvtres.read.1.tlog
E:\CECI\TheGame\Source\StarGame\StarGame\Debug\link.8480-cvtres.write.1.tlog
E:\CECI\TheGame\Source\StarGame\StarGame\Debug\link.8488.read.1.tlog
E:\CECI\TheGame\Source\StarGame\StarGame\Debug\link.8488.write.1.tlog
E:\CECI\TheGame\Source\StarGame\StarGame\Debug\link.8488-cvtres.read.1.tlog
E:\CECI\TheGame\Source\StarGame\StarGame\Debug\link.8488-cvtres.write.1.tlog
E:\CECI\TheGame\Source\StarGame\StarGame\Debug\link.8508.read.1.tlog
E:\CECI\TheGame\Source\StarGame\StarGame\Debug\link.8508.write.1.tlog
E:\CECI\TheGame\Source\StarGame\StarGame\Debug\link.8508-cvtres.read.1.tlog
E:\CECI\TheGame\Source\StarGame\StarGame\Debug\link.8508-cvtres.write.1.tlog
E:\CECI\TheGame\Source\StarGame\StarGame\Debug\link.8560.read.1.tlog
E:\CECI\TheGame\Source\StarGame\StarGame\Debug\link.8560.write.1.tlog
E:\CECI\TheGame\Source\StarGame\StarGame\Debug\link.8560-cvtres.read.1.tlog
E:\CECI\TheGame\Source\StarGame\StarGame\Debug\link.8560-cvtres.write.1.tlog
E:\CECI\TheGame\Source\StarGame\StarGame\Debug\link.8564.read.1.tlog
E:\CECI\TheGame\Source\StarGame\StarGame\Debug\link.8564.write.1.tlog
E:\CECI\TheGame\Source\StarGame\StarGame\Debug\link.8564-cvtres.read.1.tlog
E:\CECI\TheGame\Source\StarGame\StarGame\Debug\link.8564-cvtres.write.1.tlog
E:\CECI\TheGame\Source\StarGame\StarGame\Debug\link.8568.read.1.tlog
E:\CECI\TheGame\Source\StarGame\StarGame\Debug\link.8568.write.1.tlog
E:\CECI\TheGame\Source\StarGame\StarGame\Debug\link.8568-cvtres.read.1.tlog
E:\CECI\TheGame\Source\StarGame\StarGame\Debug\link.8568-cvtres.write.1.tlog
E:\CECI\TheGame\Source\StarGame\StarGame\Debug\link.8580.read.1.tlog
E:\CECI\TheGame\Source\StarGame\StarGame\Debug\link.8580.write.1.tlog
E:\CECI\TheGame\Source\StarGame\StarGame\Debug\link.8580-cvtres.read.1.tlog
E:\CECI\TheGame\Source\StarGame\StarGame\Debug\link.8580-cvtres.write.1.tlog
E:\CECI\TheGame\Source\StarGame\StarGame\Debug\link.8584.read.1.tlog
E:\CECI\TheGame\Source\StarGame\StarGame\Debug\link.8584.write.1.tlog
E:\CECI\TheGame\Source\StarGame\StarGame\Debug\link.8584-cvtres.read.1.tlog
E:\CECI\TheGame\Source\StarGame\StarGame\Debug\link.8584-cvtres.write.1.tlog
E:\CECI\TheGame\Source\StarGame\StarGame\Debug\link.8608.read.1.tlog
E:\CECI\TheGame\Source\StarGame\StarGame\Debug\link.8608.write.1.tlog
E:\CECI\TheGame\Source\StarGame\StarGame\Debug\link.8608-cvtres.read.1.tlog
E:\CECI\TheGame\Source\StarGame\StarGame\Debug\link.8608-cvtres.write.1.tlog
E:\CECI\TheGame\Source\StarGame\StarGame\Debug\link.8616.read.1.tlog
E:\CECI\TheGame\Source\StarGame\StarGame\Debug\link.8616.write.1.tlog
E:\CECI\TheGame\Source\StarGame\StarGame\Debug\link.8616-cvtres.read.1.tlog
E:\CECI\TheGame\Source\StarGame\StarGame\Debug\link.8616-cvtres.write.1.tlog
E:\CECI\TheGame\Source\StarGame\StarGame\Debug\link.8624.read.1.tlog
E:\CECI\TheGame\Source\StarGame\StarGame\Debug\link.8624.write.1.tlog
E:\CECI\TheGame\Source\StarGame\StarGame\Debug\link.8624-cvtres.read.1.tlog
E:\CECI\TheGame\Source\StarGame\StarGame\Debug\link.8624-cvtres.write.1.tlog
E:\CECI\TheGame\Source\StarGame\StarGame\Debug\link.8628.read.1.tlog
E:\CECI\TheGame\Source\StarGame\StarGame\Debug\link.8628.write.1.tlog
E:\CECI\TheGame\Source\StarGame\StarGame\Debug\link.8628-cvtres.read.1.tlog
E:\CECI\TheGame\Source\StarGame\StarGame\Debug\link.8628-cvtres.write.1.tlog
E:\CECI\TheGame\Source\StarGame\StarGame\Debug\link.8644.read.1.tlog
E:\CECI\TheGame\Source\StarGame\StarGame\Debug\link.8644.write.1.tlog
E:\CECI\TheGame\Source\StarGame\StarGame\Debug\link.8644-cvtres.read.1.tlog
E:\CECI\TheGame\Source\StarGame\StarGame\Debug\link.8644-cvtres.write.1.tlog
E:\CECI\TheGame\Source\StarGame\StarGame\Debug\link.8660.read.1.tlog
E:\CECI\TheGame\Source\StarGame\StarGame\Debug\link.8660.write.1.tlog
E:\CECI\TheGame\Source\StarGame\StarGame\Debug\link.8660-cvtres.read.1.tlog
E:\CECI\TheGame\Source\StarGame\StarGame\Debug\link.8660-cvtres.write.1.tlog
E:\CECI\TheGame\Source\StarGame\StarGame\Debug\link.8664.read.1.tlog
E:\CECI\TheGame\Source\StarGame\StarGame\Debug\link.8664.write.1.tlog
E:\CECI\TheGame\Source\StarGame\StarGame\Debug\link.8664-cvtres.read.1.tlog
E:\CECI\TheGame\Source\StarGame\StarGame\Debug\link.8664-cvtres.write.1.tlog
E:\CECI\TheGame\Source\StarGame\StarGame\Debug\link.8668.read.1.tlog
E:\CECI\TheGame\Source\StarGame\StarGame\Debug\link.8668.write.1.tlog
E:\CECI\TheGame\Source\StarGame\StarGame\Debug\link.8668-cvtres.read.1.tlog
E:\CECI\TheGame\Source\StarGame\StarGame\Debug\link.8668-cvtres.write.1.tlog
E:\CECI\TheGame\Source\StarGame\StarGame\Debug\link.8676.read.1.tlog
E:\CECI\TheGame\Source\StarGame\StarGame\Debug\link.8676.write.1.tlog
E:\CECI\TheGame\Source\StarGame\StarGame\Debug\link.8676-cvtres.read.1.tlog
E:\CECI\TheGame\Source\StarGame\StarGame\Debug\link.8676-cvtres.write.1.tlog
E:\CECI\TheGame\Source\StarGame\StarGame\Debug\link.8680.read.1.tlog
E:\CECI\TheGame\Source\StarGame\StarGame\Debug\link.8680.write.1.tlog
E:\CECI\TheGame\Source\StarGame\StarGame\Debug\link.8680-cvtres.read.1.tlog
E:\CECI\TheGame\Source\StarGame\StarGame\Debug\link.8680-cvtres.write.1.tlog
E:\CECI\TheGame\Source\StarGame\StarGame\Debug\link.8736.read.1.tlog
E:\CECI\TheGame\Source\StarGame\StarGame\Debug\link.8736.write.1.tlog
E:\CECI\TheGame\Source\StarGame\StarGame\Debug\link.8736-cvtres.read.1.tlog
E:\CECI\TheGame\Source\StarGame\StarGame\Debug\link.8736-cvtres.write.1.tlog
E:\CECI\TheGame\Source\StarGame\StarGame\Debug\link.8740.read.1.tlog
E:\CECI\TheGame\Source\StarGame\StarGame\Debug\link.8740.write.1.tlog
E:\CECI\TheGame\Source\StarGame\StarGame\Debug\link.8740-cvtres.read.1.tlog
E:\CECI\TheGame\Source\StarGame\StarGame\Debug\link.8740-cvtres.write.1.tlog
E:\CECI\TheGame\Source\StarGame\StarGame\Debug\link.8764.read.1.tlog
E:\CECI\TheGame\Source\StarGame\StarGame\Debug\link.8764.write.1.tlog
E:\CECI\TheGame\Source\StarGame\StarGame\Debug\link.8764-cvtres.read.1.tlog
E:\CECI\TheGame\Source\StarGame\StarGame\Debug\link.8764-cvtres.write.1.tlog
E:\CECI\TheGame\Source\StarGame\StarGame\Debug\link.8848.read.1.tlog
E:\CECI\TheGame\Source\StarGame\StarGame\Debug\link.8848.write.1.tlog
E:\CECI\TheGame\Source\StarGame\StarGame\Debug\link.8848-cvtres.read.1.tlog
E:\CECI\TheGame\Source\StarGame\StarGame\Debug\link.8848-cvtres.write.1.tlog
E:\CECI\TheGame\Source\StarGame\StarGame\Debug\link.8888.read.1.tlog
E:\CECI\TheGame\Source\StarGame\StarGame\Debug\link.8888.write.1.tlog
E:\CECI\TheGame\Source\StarGame\StarGame\Debug\link.8888-cvtres.read.1.tlog
E:\CECI\TheGame\Source\StarGame\StarGame\Debug\link.8888-cvtres.write.1.tlog
E:\CECI\TheGame\Source\StarGame\StarGame\Debug\link.8900.read.1.tlog
E:\CECI\TheGame\Source\StarGame\StarGame\Debug\link.8900.write.1.tlog
E:\CECI\TheGame\Source\StarGame\StarGame\Debug\link.8900-cvtres.read.1.tlog
E:\CECI\TheGame\Source\StarGame\StarGame\Debug\link.8900-cvtres.write.1.tlog
E:\CECI\TheGame\Source\StarGame\StarGame\Debug\link.8920.read.1.tlog
E:\CECI\TheGame\Source\StarGame\StarGame\Debug\link.8920.write.1.tlog
E:\CECI\TheGame\Source\StarGame\StarGame\Debug\link.8920-cvtres.read.1.tlog
E:\CECI\TheGame\Source\StarGame\StarGame\Debug\link.8920-cvtres.write.1.tlog
E:\CECI\TheGame\Source\StarGame\StarGame\Debug\link.8928.read.1.tlog
E:\CECI\TheGame\Source\StarGame\StarGame\Debug\link.8928.write.1.tlog
E:\CECI\TheGame\Source\StarGame\StarGame\Debug\link.8928-cvtres.read.1.tlog
E:\CECI\TheGame\Source\StarGame\StarGame\Debug\link.8928-cvtres.write.1.tlog
E:\CECI\TheGame\Source\StarGame\StarGame\Debug\link.8932.read.1.tlog
E:\CECI\TheGame\Source\StarGame\StarGame\Debug\link.8932.write.1.tlog
E:\CECI\TheGame\Source\StarGame\StarGame\Debug\link.8932-cvtres.read.1.tlog
E:\CECI\TheGame\Source\StarGame\StarGame\Debug\link.8932-cvtres.write.1.tlog
E:\CECI\TheGame\Source\StarGame\StarGame\Debug\link.896.read.1.tlog
E:\CECI\TheGame\Source\StarGame\StarGame\Debug\link.896.write.1.tlog
E:\CECI\TheGame\Source\StarGame\StarGame\Debug\link.896-cvtres.read.1.tlog
E:\CECI\TheGame\Source\StarGame\StarGame\Debug\link.896-cvtres.write.1.tlog
E:\CECI\TheGame\Source\StarGame\StarGame\Debug\link.8984.read.1.tlog
E:\CECI\TheGame\Source\StarGame\StarGame\Debug\link.8984.write.1.tlog
E:\CECI\TheGame\Source\StarGame\StarGame\Debug\link.8984-cvtres.read.1.tlog
E:\CECI\TheGame\Source\StarGame\StarGame\Debug\link.8984-cvtres.write.1.tlog
E:\CECI\TheGame\Source\StarGame\StarGame\Debug\link.8988.read.1.tlog
E:\CECI\TheGame\Source\StarGame\StarGame\Debug\link.8988.write.1.tlog
E:\CECI\TheGame\Source\StarGame\StarGame\Debug\link.8988-cvtres.read.1.tlog
E:\CECI\TheGame\Source\StarGame\StarGame\Debug\link.8988-cvtres.write.1.tlog
E:\CECI\TheGame\Source\StarGame\StarGame\Debug\link.9000.read.1.tlog
E:\CECI\TheGame\Source\StarGame\StarGame\Debug\link.9000.write.1.tlog
E:\CECI\TheGame\Source\StarGame\StarGame\Debug\link.9000-cvtres.read.1.tlog
E:\CECI\TheGame\Source\StarGame\StarGame\Debug\link.9000-cvtres.write.1.tlog
E:\CECI\TheGame\Source\StarGame\StarGame\Debug\link.9004.read.1.tlog
E:\CECI\TheGame\Source\StarGame\StarGame\Debug\link.9004.write.1.tlog
E:\CECI\TheGame\Source\StarGame\StarGame\Debug\link.9004-cvtres.read.1.tlog
E:\CECI\TheGame\Source\StarGame\StarGame\Debug\link.9004-cvtres.write.1.tlog
E:\CECI\TheGame\Source\StarGame\StarGame\Debug\link.9012.read.1.tlog
E:\CECI\TheGame\Source\StarGame\StarGame\Debug\link.9012.write.1.tlog
E:\CECI\TheGame\Source\StarGame\StarGame\Debug\link.9012-cvtres.read.1.tlog
E:\CECI\TheGame\Source\StarGame\StarGame\Debug\link.9012-cvtres.write.1.tlog
E:\CECI\TheGame\Source\StarGame\StarGame\Debug\link.9056.read.1.tlog
E:\CECI\TheGame\Source\StarGame\StarGame\Debug\link.9056.write.1.tlog
E:\CECI\TheGame\Source\StarGame\StarGame\Debug\link.9056-cvtres.read.1.tlog
E:\CECI\TheGame\Source\StarGame\StarGame\Debug\link.9056-cvtres.write.1.tlog
E:\CECI\TheGame\Source\StarGame\StarGame\Debug\link.9076.read.1.tlog
E:\CECI\TheGame\Source\StarGame\StarGame\Debug\link.9076.write.1.tlog
E:\CECI\TheGame\Source\StarGame\StarGame\Debug\link.9076-cvtres.read.1.tlog
E:\CECI\TheGame\Source\StarGame\StarGame\Debug\link.9076-cvtres.write.1.tlog
E:\CECI\TheGame\Source\StarGame\StarGame\Debug\link.9084.read.1.tlog
E:\CECI\TheGame\Source\StarGame\StarGame\Debug\link.9084.write.1.tlog
E:\CECI\TheGame\Source\StarGame\StarGame\Debug\link.9084-cvtres.read.1.tlog
E:\CECI\TheGame\Source\StarGame\StarGame\Debug\link.9084-cvtres.write.1.tlog
E:\CECI\TheGame\Source\StarGame\StarGame\Debug\link.9108.read.1.tlog
E:\CECI\TheGame\Source\StarGame\StarGame\Debug\link.9108.write.1.tlog
E:\CECI\TheGame\Source\StarGame\StarGame\Debug\link.9108-cvtres.read.1.tlog
E:\CECI\TheGame\Source\StarGame\StarGame\Debug\link.9108-cvtres.write.1.tlog
E:\CECI\TheGame\Source\StarGame\StarGame\Debug\link.9112.read.1.tlog
E:\CECI\TheGame\Source\StarGame\StarGame\Debug\link.9112.write.1.tlog
E:\CECI\TheGame\Source\StarGame\StarGame\Debug\link.9112-cvtres.read.1.tlog
E:\CECI\TheGame\Source\StarGame\StarGame\Debug\link.9112-cvtres.write.1.tlog
E:\CECI\TheGame\Source\StarGame\StarGame\Debug\link.9120.read.1.tlog
E:\CECI\TheGame\Source\StarGame\StarGame\Debug\link.9120.write.1.tlog
E:\CECI\TheGame\Source\StarGame\StarGame\Debug\link.9120-cvtres.read.1.tlog
E:\CECI\TheGame\Source\StarGame\StarGame\Debug\link.9120-cvtres.write.1.tlog
E:\CECI\TheGame\Source\StarGame\StarGame\Debug\link.9124.read.1.tlog
E:\CECI\TheGame\Source\StarGame\StarGame\Debug\link.9124.write.1.tlog
E:\CECI\TheGame\Source\StarGame\StarGame\Debug\link.9124-cvtres.read.1.tlog
E:\CECI\TheGame\Source\StarGame\StarGame\Debug\link.9124-cvtres.write.1.tlog
E:\CECI\TheGame\Source\StarGame\StarGame\Debug\link.9156.read.1.tlog
E:\CECI\TheGame\Source\StarGame\StarGame\Debug\link.9156.write.1.tlog
E:\CECI\TheGame\Source\StarGame\StarGame\Debug\link.9156-cvtres.read.1.tlog
E:\CECI\TheGame\Source\StarGame\StarGame\Debug\link.9156-cvtres.write.1.tlog
E:\CECI\TheGame\Source\StarGame\StarGame\Debug\link.9164.read.1.tlog
E:\CECI\TheGame\Source\StarGame\StarGame\Debug\link.9164.write.1.tlog
E:\CECI\TheGame\Source\StarGame\StarGame\Debug\link.9164-cvtres.read.1.tlog
E:\CECI\TheGame\Source\StarGame\StarGame\Debug\link.9164-cvtres.write.1.tlog
E:\CECI\TheGame\Source\StarGame\StarGame\Debug\link.9176.read.1.tlog
E:\CECI\TheGame\Source\StarGame\StarGame\Debug\link.9176.write.1.tlog
E:\CECI\TheGame\Source\StarGame\StarGame\Debug\link.9176-cvtres.read.1.tlog
E:\CECI\TheGame\Source\StarGame\StarGame\Debug\link.9176-cvtres.write.1.tlog
E:\CECI\TheGame\Source\StarGame\StarGame\Debug\link.9180.read.1.tlog
E:\CECI\TheGame\Source\StarGame\StarGame\Debug\link.9180.write.1.tlog
E:\CECI\TheGame\Source\StarGame\StarGame\Debug\link.9180-cvtres.read.1.tlog
E:\CECI\TheGame\Source\StarGame\StarGame\Debug\link.9180-cvtres.write.1.tlog
E:\CECI\TheGame\Source\StarGame\StarGame\Debug\link.9212.read.1.tlog
E:\CECI\TheGame\Source\StarGame\StarGame\Debug\link.9212.write.1.tlog
E:\CECI\TheGame\Source\StarGame\StarGame\Debug\link.9212-cvtres.read.1.tlog
E:\CECI\TheGame\Source\StarGame\StarGame\Debug\link.9212-cvtres.write.1.tlog
E:\CECI\TheGame\Source\StarGame\StarGame\Debug\link.9220.read.1.tlog
E:\CECI\TheGame\Source\StarGame\StarGame\Debug\link.9220.write.1.tlog
E:\CECI\TheGame\Source\StarGame\StarGame\Debug\link.9220-cvtres.read.1.tlog
E:\CECI\TheGame\Source\StarGame\StarGame\Debug\link.9220-cvtres.write.1.tlog
E:\CECI\TheGame\Source\StarGame\StarGame\Debug\link.9228.read.1.tlog
E:\CECI\TheGame\Source\StarGame\StarGame\Debug\link.9228.write.1.tlog
E:\CECI\TheGame\Source\StarGame\StarGame\Debug\link.9228-cvtres.read.1.tlog
E:\CECI\TheGame\Source\StarGame\StarGame\Debug\link.9228-cvtres.write.1.tlog
E:\CECI\TheGame\Source\StarGame\StarGame\Debug\link.9280.read.1.tlog
E:\CECI\TheGame\Source\StarGame\StarGame\Debug\link.9280.write.1.tlog
E:\CECI\TheGame\Source\StarGame\StarGame\Debug\link.9280-cvtres.read.1.tlog
E:\CECI\TheGame\Source\StarGame\StarGame\Debug\link.9280-cvtres.write.1.tlog
E:\CECI\TheGame\Source\StarGame\StarGame\Debug\link.9312.read.1.tlog
E:\CECI\TheGame\Source\StarGame\StarGame\Debug\link.9312.write.1.tlog
E:\CECI\TheGame\Source\StarGame\StarGame\Debug\link.9312-cvtres.read.1.tlog
E:\CECI\TheGame\Source\StarGame\StarGame\Debug\link.9312-cvtres.write.1.tlog
E:\CECI\TheGame\Source\StarGame\StarGame\Debug\link.9356.read.1.tlog
E:\CECI\TheGame\Source\StarGame\StarGame\Debug\link.9356.write.1.tlog
E:\CECI\TheGame\Source\StarGame\StarGame\Debug\link.9356-cvtres.read.1.tlog
E:\CECI\TheGame\Source\StarGame\StarGame\Debug\link.9356-cvtres.write.1.tlog
E:\CECI\TheGame\Source\StarGame\StarGame\Debug\link.9364.read.1.tlog
E:\CECI\TheGame\Source\StarGame\StarGame\Debug\link.9364.write.1.tlog
E:\CECI\TheGame\Source\StarGame\StarGame\Debug\link.9364-cvtres.read.1.tlog
E:\CECI\TheGame\Source\StarGame\StarGame\Debug\link.9364-cvtres.write.1.tlog
E:\CECI\TheGame\Source\StarGame\StarGame\Debug\link.9408.read.1.tlog
E:\CECI\TheGame\Source\StarGame\StarGame\Debug\link.9408.write.1.tlog
E:\CECI\TheGame\Source\StarGame\StarGame\Debug\link.9408-cvtres.read.1.tlog
E:\CECI\TheGame\Source\StarGame\StarGame\Debug\link.9408-cvtres.write.1.tlog
E:\CECI\TheGame\Source\StarGame\StarGame\Debug\link.9428.read.1.tlog
E:\CECI\TheGame\Source\StarGame\StarGame\Debug\link.9428.write.1.tlog
E:\CECI\TheGame\Source\StarGame\StarGame\Debug\link.9428-cvtres.read.1.tlog
E:\CECI\TheGame\Source\StarGame\StarGame\Debug\link.9428-cvtres.write.1.tlog
E:\CECI\TheGame\Source\StarGame\StarGame\Debug\link.9432.read.1.tlog
E:\CECI\TheGame\Source\StarGame\StarGame\Debug\link.9432.write.1.tlog
E:\CECI\TheGame\Source\StarGame\StarGame\Debug\link.9432-cvtres.read.1.tlog
E:\CECI\TheGame\Source\StarGame\StarGame\Debug\link.9432-cvtres.write.1.tlog
E:\CECI\TheGame\Source\StarGame\StarGame\Debug\link.9440.read.1.tlog
E:\CECI\TheGame\Source\StarGame\StarGame\Debug\link.9440.write.1.tlog
E:\CECI\TheGame\Source\StarGame\StarGame\Debug\link.9440-cvtres.read.1.tlog
E:\CECI\TheGame\Source\StarGame\StarGame\Debug\link.9440-cvtres.write.1.tlog
E:\CECI\TheGame\Source\StarGame\StarGame\Debug\link.9452.read.1.tlog
E:\CECI\TheGame\Source\StarGame\StarGame\Debug\link.9452.write.1.tlog
E:\CECI\TheGame\Source\StarGame\StarGame\Debug\link.9452-cvtres.read.1.tlog
E:\CECI\TheGame\Source\StarGame\StarGame\Debug\link.9452-cvtres.write.1.tlog
E:\CECI\TheGame\Source\StarGame\StarGame\Debug\link.9460.read.1.tlog
E:\CECI\TheGame\Source\StarGame\StarGame\Debug\link.9460.write.1.tlog
E:\CECI\TheGame\Source\StarGame\StarGame\Debug\link.9460-cvtres.read.1.tlog
E:\CECI\TheGame\Source\StarGame\StarGame\Debug\link.9460-cvtres.write.1.tlog
E:\CECI\TheGame\Source\StarGame\StarGame\Debug\link.9480.read.1.tlog
E:\CECI\TheGame\Source\StarGame\StarGame\Debug\link.9480.write.1.tlog
E:\CECI\TheGame\Source\StarGame\StarGame\Debug\link.9480-cvtres.read.1.tlog
E:\CECI\TheGame\Source\StarGame\StarGame\Debug\link.9480-cvtres.write.1.tlog
E:\CECI\TheGame\Source\StarGame\StarGame\Debug\link.9524.read.1.tlog
E:\CECI\TheGame\Source\StarGame\StarGame\Debug\link.9524.write.1.tlog
E:\CECI\TheGame\Source\StarGame\StarGame\Debug\link.9524-cvtres.read.1.tlog
E:\CECI\TheGame\Source\StarGame\StarGame\Debug\link.9524-cvtres.write.1.tlog
E:\CECI\TheGame\Source\StarGame\StarGame\Debug\link.9548.read.1.tlog
E:\CECI\TheGame\Source\StarGame\StarGame\Debug\link.9548.write.1.tlog
E:\CECI\TheGame\Source\StarGame\StarGame\Debug\link.9548-cvtres.read.1.tlog
E:\CECI\TheGame\Source\StarGame\StarGame\Debug\link.9548-cvtres.write.1.tlog
E:\CECI\TheGame\Source\StarGame\StarGame\Debug\link.9580.read.1.tlog
E:\CECI\TheGame\Source\StarGame\StarGame\Debug\link.9580.write.1.tlog
E:\CECI\TheGame\Source\StarGame\StarGame\Debug\link.9580-cvtres.read.1.tlog
E:\CECI\TheGame\Source\StarGame\StarGame\Debug\link.9580-cvtres.write.1.tlog
E:\CECI\TheGame\Source\StarGame\StarGame\Debug\link.9616.read.1.tlog
E:\CECI\TheGame\Source\StarGame\StarGame\Debug\link.9616.write.1.tlog
E:\CECI\TheGame\Source\StarGame\StarGame\Debug\link.9616-cvtres.read.1.tlog
E:\CECI\TheGame\Source\StarGame\StarGame\Debug\link.9616-cvtres.write.1.tlog
E:\CECI\TheGame\Source\StarGame\StarGame\Debug\link.9624.read.1.tlog
E:\CECI\TheGame\Source\StarGame\StarGame\Debug\link.9624.write.1.tlog
E:\CECI\TheGame\Source\StarGame\StarGame\Debug\link.9624-cvtres.read.1.tlog
E:\CECI\TheGame\Source\StarGame\StarGame\Debug\link.9624-cvtres.write.1.tlog
E:\CECI\TheGame\Source\StarGame\StarGame\Debug\link.9648.read.1.tlog
E:\CECI\TheGame\Source\StarGame\StarGame\Debug\link.9648.write.1.tlog
E:\CECI\TheGame\Source\StarGame\StarGame\Debug\link.9648-cvtres.read.1.tlog
E:\CECI\TheGame\Source\StarGame\StarGame\Debug\link.9648-cvtres.write.1.tlog
E:\CECI\TheGame\Source\StarGame\StarGame\Debug\link.9672.read.1.tlog
E:\CECI\TheGame\Source\StarGame\StarGame\Debug\link.9672.write.1.tlog
E:\CECI\TheGame\Source\StarGame\StarGame\Debug\link.9672-cvtres.read.1.tlog
E:\CECI\TheGame\Source\StarGame\StarGame\Debug\link.9672-cvtres.write.1.tlog
E:\CECI\TheGame\Source\StarGame\StarGame\Debug\link.9680.read.1.tlog
E:\CECI\TheGame\Source\StarGame\StarGame\Debug\link.9680.write.1.tlog
E:\CECI\TheGame\Source\StarGame\StarGame\Debug\link.9680-cvtres.read.1.tlog
E:\CECI\TheGame\Source\StarGame\StarGame\Debug\link.9680-cvtres.write.1.tlog
E:\CECI\TheGame\Source\StarGame\StarGame\Debug\link.9684.read.1.tlog
E:\CECI\TheGame\Source\StarGame\StarGame\Debug\link.9684.write.1.tlog
E:\CECI\TheGame\Source\StarGame\StarGame\Debug\link.9684-cvtres.read.1.tlog
E:\CECI\TheGame\Source\StarGame\StarGame\Debug\link.9684-cvtres.write.1.tlog
E:\CECI\TheGame\Source\StarGame\StarGame\Debug\link.9700.read.1.tlog
E:\CECI\TheGame\Source\StarGame\StarGame\Debug\link.9700.write.1.tlog
E:\CECI\TheGame\Source\StarGame\StarGame\Debug\link.9700-cvtres.read.1.tlog
E:\CECI\TheGame\Source\StarGame\StarGame\Debug\link.9700-cvtres.write.1.tlog
E:\CECI\TheGame\Source\StarGame\StarGame\Debug\link.9704.read.1.tlog
E:\CECI\TheGame\Source\StarGame\StarGame\Debug\link.9704.write.1.tlog
E:\CECI\TheGame\Source\StarGame\StarGame\Debug\link.9704-cvtres.read.1.tlog
E:\CECI\TheGame\Source\StarGame\StarGame\Debug\link.9704-cvtres.write.1.tlog
E:\CECI\TheGame\Source\StarGame\StarGame\Debug\link.9744.read.1.tlog
E:\CECI\TheGame\Source\StarGame\StarGame\Debug\link.9744.write.1.tlog
E:\CECI\TheGame\Source\StarGame\StarGame\Debug\link.9744-cvtres.read.1.tlog
E:\CECI\TheGame\Source\StarGame\StarGame\Debug\link.9744-cvtres.write.1.tlog
E:\CECI\TheGame\Source\StarGame\StarGame\Debug\link.9760.read.1.tlog
E:\CECI\TheGame\Source\StarGame\StarGame\Debug\link.9760.write.1.tlog
E:\CECI\TheGame\Source\StarGame\StarGame\Debug\link.9760-cvtres.read.1.tlog
E:\CECI\TheGame\Source\StarGame\StarGame\Debug\link.9760-cvtres.write.1.tlog
E:\CECI\TheGame\Source\StarGame\StarGame\Debug\link.9768.read.1.tlog
E:\CECI\TheGame\Source\StarGame\StarGame\Debug\link.9768.write.1.tlog
E:\CECI\TheGame\Source\StarGame\StarGame\Debug\link.9768-cvtres.read.1.tlog
E:\CECI\TheGame\Source\StarGame\StarGame\Debug\link.9768-cvtres.write.1.tlog
E:\CECI\TheGame\Source\StarGame\StarGame\Debug\link.9784.read.1.tlog
E:\CECI\TheGame\Source\StarGame\StarGame\Debug\link.9784.write.1.tlog
E:\CECI\TheGame\Source\StarGame\StarGame\Debug\link.9784-cvtres.read.1.tlog
E:\CECI\TheGame\Source\StarGame\StarGame\Debug\link.9784-cvtres.write.1.tlog
E:\CECI\TheGame\Source\StarGame\StarGame\Debug\link.9792.read.1.tlog
E:\CECI\TheGame\Source\StarGame\StarGame\Debug\link.9792.write.1.tlog
E:\CECI\TheGame\Source\StarGame\StarGame\Debug\link.9792-cvtres.read.1.tlog
E:\CECI\TheGame\Source\StarGame\StarGame\Debug\link.9792-cvtres.write.1.tlog
E:\CECI\TheGame\Source\StarGame\StarGame\Debug\link.9860.read.1.tlog
E:\CECI\TheGame\Source\StarGame\StarGame\Debug\link.9860.write.1.tlog
E:\CECI\TheGame\Source\StarGame\StarGame\Debug\link.9860-cvtres.read.1.tlog
E:\CECI\TheGame\Source\StarGame\StarGame\Debug\link.9860-cvtres.write.1.tlog
E:\CECI\TheGame\Source\StarGame\StarGame\Debug\link.9868.read.1.tlog
E:\CECI\TheGame\Source\StarGame\StarGame\Debug\link.9868.write.1.tlog
E:\CECI\TheGame\Source\StarGame\StarGame\Debug\link.9868-cvtres.read.1.tlog
E:\CECI\TheGame\Source\StarGame\StarGame\Debug\link.9868-cvtres.write.1.tlog
E:\CECI\TheGame\Source\StarGame\StarGame\Debug\link.9876.read.1.tlog
E:\CECI\TheGame\Source\StarGame\StarGame\Debug\link.9876.write.1.tlog
E:\CECI\TheGame\Source\StarGame\StarGame\Debug\link.9876-cvtres.read.1.tlog
E:\CECI\TheGame\Source\StarGame\StarGame\Debug\link.9876-cvtres.write.1.tlog
E:\CECI\TheGame\Source\StarGame\StarGame\Debug\link.9916.read.1.tlog
E:\CECI\TheGame\Source\StarGame\StarGame\Debug\link.9916.write.1.tlog
E:\CECI\TheGame\Source\StarGame\StarGame\Debug\link.9916-cvtres.read.1.tlog
E:\CECI\TheGame\Source\StarGame\StarGame\Debug\link.9916-cvtres.write.1.tlog
E:\CECI\TheGame\Source\StarGame\StarGame\Debug\link.9928.read.1.tlog
E:\CECI\TheGame\Source\StarGame\StarGame\Debug\link.9928.write.1.tlog
E:\CECI\TheGame\Source\StarGame\StarGame\Debug\link.9928-cvtres.read.1.tlog
E:\CECI\TheGame\Source\StarGame\StarGame\Debug\link.9928-cvtres.write.1.tlog
E:\CECI\TheGame\Source\StarGame\StarGame\Debug\link.9944.read.1.tlog
E:\CECI\TheGame\Source\StarGame\StarGame\Debug\link.9944.write.1.tlog
E:\CECI\TheGame\Source\StarGame\StarGame\Debug\link.9944-cvtres.read.1.tlog
E:\CECI\TheGame\Source\StarGame\StarGame\Debug\link.9944-cvtres.write.1.tlog
E:\CECI\TheGame\Source\StarGame\StarGame\Debug\link.9956.read.1.tlog
E:\CECI\TheGame\Source\StarGame\StarGame\Debug\link.9956.write.1.tlog
E:\CECI\TheGame\Source\StarGame\StarGame\Debug\link.9956-cvtres.read.1.tlog
E:\CECI\TheGame\Source\StarGame\StarGame\Debug\link.9956-cvtres.write.1.tlog
E:\CECI\TheGame\Source\StarGame\StarGame\Debug\link.command.1.tlog
E:\CECI\TheGame\Source\StarGame\StarGame\Debug\link.read.1.tlog
E:\CECI\TheGame\Source\StarGame\StarGame\Debug\link.write.1.tlog
E:\CECI\TheGame\Source\StarGame\StarGame\Debug\link-cvtres.read.1.tlog
E:\CECI\TheGame\Source\StarGame\StarGame\Debug\link-cvtres.write.1.tlog
E:\CECI\THEGAME\SOURCE\STARGAME\STARGAME\DEBUG\MAIN.OBJ
E:\CECI\TheGame\Source\StarGame\StarGame\Debug\mt.command.1.tlog
E:\CECI\TheGame\Source\StarGame\StarGame\Debug\mt.read.1.tlog
E:\CECI\TheGame\Source\StarGame\StarGame\Debug\mt.write.1.tlog
E:\CECI\TheGame\Source\StarGame\StarGame\Debug\rc.command.1.tlog
E:\CECI\TheGame\Source\StarGame\StarGame\Debug\rc.read.1.tlog
E:\CECI\TheGame\Source\StarGame\StarGame\Debug\rc.write.1.tlog
E:\CECI\TheGame\Source\StarGame\StarGame\Debug\ResolveAssemblyReference.cache
E:\CECI\THEGAME\SOURCE\STARGAME\STARGAME\DEBUG\SHADERMANAGER.OBJ
E:\CECI\THEGAME\SOURCE\STARGAME\STARGAME\DEBUG\STARGAME.EXE.EMBED.MANIFEST
E:\CECI\THEGAME\SOURCE\STARGAME\STARGAME\DEBUG\STARGAME.EXE.EMBED.MANIFEST.RES
E:\CECI\THEGAME\SOURCE\STARGAME\STARGAME\DEBUG\STARGAME.EXE.INTERMEDIATE.MANIFEST
E:\CECI\TheGame\Source\StarGame\StarGame\Debug\StarGame.write.1.tlog
E:\CECI\TheGame\Source\StarGame\StarGame\Debug\StarGame_manifest.rc
E:\CECI\TheGame\Source\StarGame\StarGame\Debug\vc100.idb
E:\CECI\THEGAME\SOURCE\STARGAME\STARGAME\DEBUG\VC100.PDB
