Build started 29.5.2012 г. 17:42:39 ч..
     1>Project "E:\CECI\Programming\MyPrograms\OpenGL\OpenGL Tasks\McKesson\Tutorial 0.3.8\glsdk\glmesh\glmesh.vcxproj" on node 4 (rebuild target(s)).
     1>InitializeBuildStatus:
         Creating "Release\glmesh.unsuccessfulbuild" because "AlwaysCreate" was specified.
       ClCompile:
         C:\Program Files (x86)\Microsoft Visual Studio 10.0\VC\bin\CL.exe /c /Iinclude /Isource /I..\glload\include /I..\glutil\include /I..\glm /nologo /W4 /WX- /O2 /Oy /GL /D _CRT_SECURE_NO_WARNINGS /D _SCL_SECURE_NO_WARNINGS /D WIN32 /D NDEBUG /D RELEASE /D _UNICODE /D UNICODE /GF /Gm- /EHsc /MD /GS /Gy /fp:precise /Zc:wchar_t /Zc:forScope /Fo"Release\\" /Fd"Release\vc100.pdb" /Gd /TP /analyze- /errorReport:prompt source\Draw.cpp source\GenHelper.cpp source\Mesh.cpp source\Quadrics.cpp source\StreamBuffer.cpp source\VertexFormat.cpp
         Draw.cpp
     1>e:\ceci\programming\myprograms\opengl\opengl tasks\mckesson\tutorial 0.3.8\glsdk\glm\glm\core\type_vec2.hpp(51): warning C4201: nonstandard extension used : nameless struct/union
                 e:\ceci\programming\myprograms\opengl\opengl tasks\mckesson\tutorial 0.3.8\glsdk\glm\glm\core\type_vec2.hpp(176) : see reference to class template instantiation 'glm::detail::tvec2<T>' being compiled
     1>e:\ceci\programming\myprograms\opengl\opengl tasks\mckesson\tutorial 0.3.8\glsdk\glm\glm\core\type_vec2.hpp(52): warning C4201: nonstandard extension used : nameless struct/union
     1>e:\ceci\programming\myprograms\opengl\opengl tasks\mckesson\tutorial 0.3.8\glsdk\glm\glm\core\type_vec2.hpp(53): warning C4201: nonstandard extension used : nameless struct/union
     1>e:\ceci\programming\myprograms\opengl\opengl tasks\mckesson\tutorial 0.3.8\glsdk\glm\glm\core\type_vec3.hpp(51): warning C4201: nonstandard extension used : nameless struct/union
                 e:\ceci\programming\myprograms\opengl\opengl tasks\mckesson\tutorial 0.3.8\glsdk\glm\glm\core\type_vec3.hpp(189) : see reference to class template instantiation 'glm::detail::tvec3<T>' being compiled
     1>e:\ceci\programming\myprograms\opengl\opengl tasks\mckesson\tutorial 0.3.8\glsdk\glm\glm\core\type_vec3.hpp(52): warning C4201: nonstandard extension used : nameless struct/union
     1>e:\ceci\programming\myprograms\opengl\opengl tasks\mckesson\tutorial 0.3.8\glsdk\glm\glm\core\type_vec3.hpp(53): warning C4201: nonstandard extension used : nameless struct/union
     1>e:\ceci\programming\myprograms\opengl\opengl tasks\mckesson\tutorial 0.3.8\glsdk\glm\glm\core\type_vec4.hpp(51): warning C4201: nonstandard extension used : nameless struct/union
                 e:\ceci\programming\myprograms\opengl\opengl tasks\mckesson\tutorial 0.3.8\glsdk\glm\glm\core\type_vec4.hpp(221) : see reference to class template instantiation 'glm::detail::tvec4<T>' being compiled
     1>e:\ceci\programming\myprograms\opengl\opengl tasks\mckesson\tutorial 0.3.8\glsdk\glm\glm\core\type_vec4.hpp(52): warning C4201: nonstandard extension used : nameless struct/union
     1>e:\ceci\programming\myprograms\opengl\opengl tasks\mckesson\tutorial 0.3.8\glsdk\glm\glm\core\type_vec4.hpp(53): warning C4201: nonstandard extension used : nameless struct/union
     1>e:\ceci\programming\myprograms\opengl\opengl tasks\mckesson\tutorial 0.3.8\glsdk\glm\glm\core\type_vec2.hpp(51): warning C4201: nonstandard extension used : nameless struct/union
                 e:\ceci\programming\myprograms\opengl\opengl tasks\mckesson\tutorial 0.3.8\glsdk\glm\glm\core\func_common.inl(1321) : see reference to class template instantiation 'glm::detail::tvec2<T>' being compiled
                 with
                 [
                     T=glm::core::type::precision::mediump_int
                 ]
     1>e:\ceci\programming\myprograms\opengl\opengl tasks\mckesson\tutorial 0.3.8\glsdk\glm\glm\core\type_vec2.hpp(52): warning C4201: nonstandard extension used : nameless struct/union
     1>e:\ceci\programming\myprograms\opengl\opengl tasks\mckesson\tutorial 0.3.8\glsdk\glm\glm\core\type_vec2.hpp(53): warning C4201: nonstandard extension used : nameless struct/union
     1>e:\ceci\programming\myprograms\opengl\opengl tasks\mckesson\tutorial 0.3.8\glsdk\glm\glm\core\type_vec2.hpp(51): warning C4201: nonstandard extension used : nameless struct/union
                 e:\ceci\programming\myprograms\opengl\opengl tasks\mckesson\tutorial 0.3.8\glsdk\glm\glm\core\func_common.inl(1323) : see reference to class template instantiation 'glm::detail::tvec2<T>' being compiled
                 with
                 [
                     T=glm::core::type::precision::mediump_float
                 ]
     1>e:\ceci\programming\myprograms\opengl\opengl tasks\mckesson\tutorial 0.3.8\glsdk\glm\glm\core\type_vec2.hpp(52): warning C4201: nonstandard extension used : nameless struct/union
     1>e:\ceci\programming\myprograms\opengl\opengl tasks\mckesson\tutorial 0.3.8\glsdk\glm\glm\core\type_vec2.hpp(53): warning C4201: nonstandard extension used : nameless struct/union
     1>e:\ceci\programming\myprograms\opengl\opengl tasks\mckesson\tutorial 0.3.8\glsdk\glm\glm\core\type_vec3.hpp(51): warning C4201: nonstandard extension used : nameless struct/union
                 e:\ceci\programming\myprograms\opengl\opengl tasks\mckesson\tutorial 0.3.8\glsdk\glm\glm\core\func_common.inl(1331) : see reference to class template instantiation 'glm::detail::tvec3<T>' being compiled
                 with
                 [
                     T=glm::core::type::precision::mediump_int
                 ]
     1>e:\ceci\programming\myprograms\opengl\opengl tasks\mckesson\tutorial 0.3.8\glsdk\glm\glm\core\type_vec3.hpp(52): warning C4201: nonstandard extension used : nameless struct/union
     1>e:\ceci\programming\myprograms\opengl\opengl tasks\mckesson\tutorial 0.3.8\glsdk\glm\glm\core\type_vec3.hpp(53): warning C4201: nonstandard extension used : nameless struct/union
     1>e:\ceci\programming\myprograms\opengl\opengl tasks\mckesson\tutorial 0.3.8\glsdk\glm\glm\core\type_vec3.hpp(51): warning C4201: nonstandard extension used : nameless struct/union
                 e:\ceci\programming\myprograms\opengl\opengl tasks\mckesson\tutorial 0.3.8\glsdk\glm\glm\core\func_common.inl(1333) : see reference to class template instantiation 'glm::detail::tvec3<T>' being compiled
                 with
                 [
                     T=glm::core::type::precision::mediump_float
                 ]
     1>e:\ceci\programming\myprograms\opengl\opengl tasks\mckesson\tutorial 0.3.8\glsdk\glm\glm\core\type_vec3.hpp(52): warning C4201: nonstandard extension used : nameless struct/union
     1>e:\ceci\programming\myprograms\opengl\opengl tasks\mckesson\tutorial 0.3.8\glsdk\glm\glm\core\type_vec3.hpp(53): warning C4201: nonstandard extension used : nameless struct/union
     1>e:\ceci\programming\myprograms\opengl\opengl tasks\mckesson\tutorial 0.3.8\glsdk\glm\glm\core\type_vec4.hpp(51): warning C4201: nonstandard extension used : nameless struct/union
                 e:\ceci\programming\myprograms\opengl\opengl tasks\mckesson\tutorial 0.3.8\glsdk\glm\glm\core\func_common.inl(1342) : see reference to class template instantiation 'glm::detail::tvec4<T>' being compiled
                 with
                 [
                     T=glm::core::type::precision::mediump_int
                 ]
     1>e:\ceci\programming\myprograms\opengl\opengl tasks\mckesson\tutorial 0.3.8\glsdk\glm\glm\core\type_vec4.hpp(52): warning C4201: nonstandard extension used : nameless struct/union
     1>e:\ceci\programming\myprograms\opengl\opengl tasks\mckesson\tutorial 0.3.8\glsdk\glm\glm\core\type_vec4.hpp(53): warning C4201: nonstandard extension used : nameless struct/union
     1>e:\ceci\programming\myprograms\opengl\opengl tasks\mckesson\tutorial 0.3.8\glsdk\glm\glm\core\type_vec4.hpp(51): warning C4201: nonstandard extension used : nameless struct/union
                 e:\ceci\programming\myprograms\opengl\opengl tasks\mckesson\tutorial 0.3.8\glsdk\glm\glm\core\func_common.inl(1344) : see reference to class template instantiation 'glm::detail::tvec4<T>' being compiled
                 with
                 [
                     T=glm::core::type::precision::mediump_float
                 ]
     1>e:\ceci\programming\myprograms\opengl\opengl tasks\mckesson\tutorial 0.3.8\glsdk\glm\glm\core\type_vec4.hpp(52): warning C4201: nonstandard extension used : nameless struct/union
     1>e:\ceci\programming\myprograms\opengl\opengl tasks\mckesson\tutorial 0.3.8\glsdk\glm\glm\core\type_vec4.hpp(53): warning C4201: nonstandard extension used : nameless struct/union
     1>e:\ceci\programming\myprograms\opengl\opengl tasks\mckesson\tutorial 0.3.8\glsdk\glm\glm\core\type_vec2.hpp(51): warning C4201: nonstandard extension used : nameless struct/union
                 e:\ceci\programming\myprograms\opengl\opengl tasks\mckesson\tutorial 0.3.8\glsdk\glm\glm\core\func_common.inl(1366) : see reference to class template instantiation 'glm::detail::tvec2<T>' being compiled
                 with
                 [
                     T=glm::core::type::precision::mediump_uint
                 ]
     1>e:\ceci\programming\myprograms\opengl\opengl tasks\mckesson\tutorial 0.3.8\glsdk\glm\glm\core\type_vec2.hpp(52): warning C4201: nonstandard extension used : nameless struct/union
     1>e:\ceci\programming\myprograms\opengl\opengl tasks\mckesson\tutorial 0.3.8\glsdk\glm\glm\core\type_vec2.hpp(53): warning C4201: nonstandard extension used : nameless struct/union
     1>e:\ceci\programming\myprograms\opengl\opengl tasks\mckesson\tutorial 0.3.8\glsdk\glm\glm\core\type_vec3.hpp(51): warning C4201: nonstandard extension used : nameless struct/union
                 e:\ceci\programming\myprograms\opengl\opengl tasks\mckesson\tutorial 0.3.8\glsdk\glm\glm\core\func_common.inl(1376) : see reference to class template instantiation 'glm::detail::tvec3<T>' being compiled
                 with
                 [
                     T=glm::core::type::precision::mediump_uint
                 ]
     1>e:\ceci\programming\myprograms\opengl\opengl tasks\mckesson\tutorial 0.3.8\glsdk\glm\glm\core\type_vec3.hpp(52): warning C4201: nonstandard extension used : nameless struct/union
     1>e:\ceci\programming\myprograms\opengl\opengl tasks\mckesson\tutorial 0.3.8\glsdk\glm\glm\core\type_vec3.hpp(53): warning C4201: nonstandard extension used : nameless struct/union
     1>e:\ceci\programming\myprograms\opengl\opengl tasks\mckesson\tutorial 0.3.8\glsdk\glm\glm\core\type_vec4.hpp(51): warning C4201: nonstandard extension used : nameless struct/union
                 e:\ceci\programming\myprograms\opengl\opengl tasks\mckesson\tutorial 0.3.8\glsdk\glm\glm\core\func_common.inl(1387) : see reference to class template instantiation 'glm::detail::tvec4<T>' being compiled
                 with
                 [
                     T=glm::core::type::precision::mediump_uint
                 ]
     1>e:\ceci\programming\myprograms\opengl\opengl tasks\mckesson\tutorial 0.3.8\glsdk\glm\glm\core\type_vec4.hpp(52): warning C4201: nonstandard extension used : nameless struct/union
     1>e:\ceci\programming\myprograms\opengl\opengl tasks\mckesson\tutorial 0.3.8\glsdk\glm\glm\core\type_vec4.hpp(53): warning C4201: nonstandard extension used : nameless struct/union
     1>e:\ceci\programming\myprograms\opengl\opengl tasks\mckesson\tutorial 0.3.8\glsdk\glm\glm\core\type_vec2.hpp(51): warning C4201: nonstandard extension used : nameless struct/union
                 e:\ceci\programming\myprograms\opengl\opengl tasks\mckesson\tutorial 0.3.8\glsdk\glm\glm\core\func_packing.inl(133) : see reference to class template instantiation 'glm::detail::tvec2<T>' being compiled
                 with
                 [
                     T=glm::core::type::precision::lowp_int
                 ]
     1>e:\ceci\programming\myprograms\opengl\opengl tasks\mckesson\tutorial 0.3.8\glsdk\glm\glm\core\type_vec2.hpp(52): warning C4201: nonstandard extension used : nameless struct/union
     1>e:\ceci\programming\myprograms\opengl\opengl tasks\mckesson\tutorial 0.3.8\glsdk\glm\glm\core\type_vec2.hpp(53): warning C4201: nonstandard extension used : nameless struct/union
     1>e:\ceci\programming\myprograms\opengl\opengl tasks\mckesson\tutorial 0.3.8\glsdk\glm\glm\core\type_vec4.hpp(51): warning C4201: nonstandard extension used : nameless struct/union
                 include\glmesh/Draw.h(349) : see reference to class template instantiation 'glm::detail::tvec4<T>' being compiled
                 with
                 [
                     T=glm::detail::thalf
                 ]
     1>e:\ceci\programming\myprograms\opengl\opengl tasks\mckesson\tutorial 0.3.8\glsdk\glm\glm\core\type_vec4.hpp(52): warning C4201: nonstandard extension used : nameless struct/union
     1>e:\ceci\programming\myprograms\opengl\opengl tasks\mckesson\tutorial 0.3.8\glsdk\glm\glm\core\type_vec4.hpp(53): warning C4201: nonstandard extension used : nameless struct/union
     1>e:\ceci\programming\myprograms\opengl\opengl tasks\mckesson\tutorial 0.3.8\glsdk\glm\glm\core\type_vec4.hpp(51): warning C4201: nonstandard extension used : nameless struct/union
                 include\glmesh/Draw.h(373) : see reference to class template instantiation 'glm::detail::tvec4<T>' being compiled
                 with
                 [
                     T=glm::core::type::precision::highp_float
                 ]
     1>e:\ceci\programming\myprograms\opengl\opengl tasks\mckesson\tutorial 0.3.8\glsdk\glm\glm\core\type_vec4.hpp(52): warning C4201: nonstandard extension used : nameless struct/union
     1>e:\ceci\programming\myprograms\opengl\opengl tasks\mckesson\tutorial 0.3.8\glsdk\glm\glm\core\type_vec4.hpp(53): warning C4201: nonstandard extension used : nameless struct/union
     1>e:\ceci\programming\myprograms\opengl\opengl tasks\mckesson\tutorial 0.3.8\glsdk\glm\glm\core\type_vec4.hpp(51): warning C4201: nonstandard extension used : nameless struct/union
                 include\glmesh/Draw.h(385) : see reference to class template instantiation 'glm::detail::tvec4<T>' being compiled
                 with
                 [
                     T=GLbyte
                 ]
     1>e:\ceci\programming\myprograms\opengl\opengl tasks\mckesson\tutorial 0.3.8\glsdk\glm\glm\core\type_vec4.hpp(52): warning C4201: nonstandard extension used : nameless struct/union
     1>e:\ceci\programming\myprograms\opengl\opengl tasks\mckesson\tutorial 0.3.8\glsdk\glm\glm\core\type_vec4.hpp(53): warning C4201: nonstandard extension used : nameless struct/union
     1>e:\ceci\programming\myprograms\opengl\opengl tasks\mckesson\tutorial 0.3.8\glsdk\glm\glm\core\type_vec4.hpp(51): warning C4201: nonstandard extension used : nameless struct/union
                 include\glmesh/Draw.h(397) : see reference to class template instantiation 'glm::detail::tvec4<T>' being compiled
                 with
                 [
                     T=GLubyte
                 ]
     1>e:\ceci\programming\myprograms\opengl\opengl tasks\mckesson\tutorial 0.3.8\glsdk\glm\glm\core\type_vec4.hpp(52): warning C4201: nonstandard extension used : nameless struct/union
     1>e:\ceci\programming\myprograms\opengl\opengl tasks\mckesson\tutorial 0.3.8\glsdk\glm\glm\core\type_vec4.hpp(53): warning C4201: nonstandard extension used : nameless struct/union
     1>e:\ceci\programming\myprograms\opengl\opengl tasks\mckesson\tutorial 0.3.8\glsdk\glm\glm\core\type_vec4.hpp(51): warning C4201: nonstandard extension used : nameless struct/union
                 include\glmesh/Draw.h(409) : see reference to class template instantiation 'glm::detail::tvec4<T>' being compiled
                 with
                 [
                     T=glm::core::type::precision::lowp_int
                 ]
     1>e:\ceci\programming\myprograms\opengl\opengl tasks\mckesson\tutorial 0.3.8\glsdk\glm\glm\core\type_vec4.hpp(52): warning C4201: nonstandard extension used : nameless struct/union
     1>e:\ceci\programming\myprograms\opengl\opengl tasks\mckesson\tutorial 0.3.8\glsdk\glm\glm\core\type_vec4.hpp(53): warning C4201: nonstandard extension used : nameless struct/union
     1>e:\ceci\programming\myprograms\opengl\opengl tasks\mckesson\tutorial 0.3.8\glsdk\glm\glm\core\type_vec4.hpp(51): warning C4201: nonstandard extension used : nameless struct/union
                 include\glmesh/Draw.h(421) : see reference to class template instantiation 'glm::detail::tvec4<T>' being compiled
                 with
                 [
                     T=glm::core::type::precision::lowp_uint
                 ]
     1>e:\ceci\programming\myprograms\opengl\opengl tasks\mckesson\tutorial 0.3.8\glsdk\glm\glm\core\type_vec4.hpp(52): warning C4201: nonstandard extension used : nameless struct/union
     1>e:\ceci\programming\myprograms\opengl\opengl tasks\mckesson\tutorial 0.3.8\glsdk\glm\glm\core\type_vec4.hpp(53): warning C4201: nonstandard extension used : nameless struct/union
         GenHelper.cpp
         Mesh.cpp
         Quadrics.cpp
     1>e:\ceci\programming\myprograms\opengl\opengl tasks\mckesson\tutorial 0.3.8\glsdk\glm\glm\core\type_vec2.hpp(51): warning C4201: nonstandard extension used : nameless struct/union
                 e:\ceci\programming\myprograms\opengl\opengl tasks\mckesson\tutorial 0.3.8\glsdk\glm\glm\core\type_vec2.hpp(176) : see reference to class template instantiation 'glm::detail::tvec2<T>' being compiled
     1>e:\ceci\programming\myprograms\opengl\opengl tasks\mckesson\tutorial 0.3.8\glsdk\glm\glm\core\type_vec2.hpp(52): warning C4201: nonstandard extension used : nameless struct/union
     1>e:\ceci\programming\myprograms\opengl\opengl tasks\mckesson\tutorial 0.3.8\glsdk\glm\glm\core\type_vec2.hpp(53): warning C4201: nonstandard extension used : nameless struct/union
     1>e:\ceci\programming\myprograms\opengl\opengl tasks\mckesson\tutorial 0.3.8\glsdk\glm\glm\core\type_vec3.hpp(51): warning C4201: nonstandard extension used : nameless struct/union
                 e:\ceci\programming\myprograms\opengl\opengl tasks\mckesson\tutorial 0.3.8\glsdk\glm\glm\core\type_vec3.hpp(189) : see reference to class template instantiation 'glm::detail::tvec3<T>' being compiled
     1>e:\ceci\programming\myprograms\opengl\opengl tasks\mckesson\tutorial 0.3.8\glsdk\glm\glm\core\type_vec3.hpp(52): warning C4201: nonstandard extension used : nameless struct/union
     1>e:\ceci\programming\myprograms\opengl\opengl tasks\mckesson\tutorial 0.3.8\glsdk\glm\glm\core\type_vec3.hpp(53): warning C4201: nonstandard extension used : nameless struct/union
     1>e:\ceci\programming\myprograms\opengl\opengl tasks\mckesson\tutorial 0.3.8\glsdk\glm\glm\core\type_vec4.hpp(51): warning C4201: nonstandard extension used : nameless struct/union
                 e:\ceci\programming\myprograms\opengl\opengl tasks\mckesson\tutorial 0.3.8\glsdk\glm\glm\core\type_vec4.hpp(221) : see reference to class template instantiation 'glm::detail::tvec4<T>' being compiled
     1>e:\ceci\programming\myprograms\opengl\opengl tasks\mckesson\tutorial 0.3.8\glsdk\glm\glm\core\type_vec4.hpp(52): warning C4201: nonstandard extension used : nameless struct/union
     1>e:\ceci\programming\myprograms\opengl\opengl tasks\mckesson\tutorial 0.3.8\glsdk\glm\glm\core\type_vec4.hpp(53): warning C4201: nonstandard extension used : nameless struct/union
     1>e:\ceci\programming\myprograms\opengl\opengl tasks\mckesson\tutorial 0.3.8\glsdk\glm\glm\core\type_vec2.hpp(51): warning C4201: nonstandard extension used : nameless struct/union
                 e:\ceci\programming\myprograms\opengl\opengl tasks\mckesson\tutorial 0.3.8\glsdk\glm\glm\core\func_common.inl(1321) : see reference to class template instantiation 'glm::detail::tvec2<T>' being compiled
                 with
                 [
                     T=glm::core::type::precision::mediump_int
                 ]
     1>e:\ceci\programming\myprograms\opengl\opengl tasks\mckesson\tutorial 0.3.8\glsdk\glm\glm\core\type_vec2.hpp(52): warning C4201: nonstandard extension used : nameless struct/union
     1>e:\ceci\programming\myprograms\opengl\opengl tasks\mckesson\tutorial 0.3.8\glsdk\glm\glm\core\type_vec2.hpp(53): warning C4201: nonstandard extension used : nameless struct/union
     1>e:\ceci\programming\myprograms\opengl\opengl tasks\mckesson\tutorial 0.3.8\glsdk\glm\glm\core\type_vec2.hpp(51): warning C4201: nonstandard extension used : nameless struct/union
                 e:\ceci\programming\myprograms\opengl\opengl tasks\mckesson\tutorial 0.3.8\glsdk\glm\glm\core\func_common.inl(1323) : see reference to class template instantiation 'glm::detail::tvec2<T>' being compiled
                 with
                 [
                     T=glm::core::type::precision::mediump_float
                 ]
     1>e:\ceci\programming\myprograms\opengl\opengl tasks\mckesson\tutorial 0.3.8\glsdk\glm\glm\core\type_vec2.hpp(52): warning C4201: nonstandard extension used : nameless struct/union
     1>e:\ceci\programming\myprograms\opengl\opengl tasks\mckesson\tutorial 0.3.8\glsdk\glm\glm\core\type_vec2.hpp(53): warning C4201: nonstandard extension used : nameless struct/union
     1>e:\ceci\programming\myprograms\opengl\opengl tasks\mckesson\tutorial 0.3.8\glsdk\glm\glm\core\type_vec3.hpp(51): warning C4201: nonstandard extension used : nameless struct/union
                 e:\ceci\programming\myprograms\opengl\opengl tasks\mckesson\tutorial 0.3.8\glsdk\glm\glm\core\func_common.inl(1331) : see reference to class template instantiation 'glm::detail::tvec3<T>' being compiled
                 with
                 [
                     T=glm::core::type::precision::mediump_int
                 ]
     1>e:\ceci\programming\myprograms\opengl\opengl tasks\mckesson\tutorial 0.3.8\glsdk\glm\glm\core\type_vec3.hpp(52): warning C4201: nonstandard extension used : nameless struct/union
     1>e:\ceci\programming\myprograms\opengl\opengl tasks\mckesson\tutorial 0.3.8\glsdk\glm\glm\core\type_vec3.hpp(53): warning C4201: nonstandard extension used : nameless struct/union
     1>e:\ceci\programming\myprograms\opengl\opengl tasks\mckesson\tutorial 0.3.8\glsdk\glm\glm\core\type_vec3.hpp(51): warning C4201: nonstandard extension used : nameless struct/union
                 e:\ceci\programming\myprograms\opengl\opengl tasks\mckesson\tutorial 0.3.8\glsdk\glm\glm\core\func_common.inl(1333) : see reference to class template instantiation 'glm::detail::tvec3<T>' being compiled
                 with
                 [
                     T=glm::core::type::precision::mediump_float
                 ]
     1>e:\ceci\programming\myprograms\opengl\opengl tasks\mckesson\tutorial 0.3.8\glsdk\glm\glm\core\type_vec3.hpp(52): warning C4201: nonstandard extension used : nameless struct/union
     1>e:\ceci\programming\myprograms\opengl\opengl tasks\mckesson\tutorial 0.3.8\glsdk\glm\glm\core\type_vec3.hpp(53): warning C4201: nonstandard extension used : nameless struct/union
     1>e:\ceci\programming\myprograms\opengl\opengl tasks\mckesson\tutorial 0.3.8\glsdk\glm\glm\core\type_vec4.hpp(51): warning C4201: nonstandard extension used : nameless struct/union
                 e:\ceci\programming\myprograms\opengl\opengl tasks\mckesson\tutorial 0.3.8\glsdk\glm\glm\core\func_common.inl(1342) : see reference to class template instantiation 'glm::detail::tvec4<T>' being compiled
                 with
                 [
                     T=glm::core::type::precision::mediump_int
                 ]
     1>e:\ceci\programming\myprograms\opengl\opengl tasks\mckesson\tutorial 0.3.8\glsdk\glm\glm\core\type_vec4.hpp(52): warning C4201: nonstandard extension used : nameless struct/union
     1>e:\ceci\programming\myprograms\opengl\opengl tasks\mckesson\tutorial 0.3.8\glsdk\glm\glm\core\type_vec4.hpp(53): warning C4201: nonstandard extension used : nameless struct/union
     1>e:\ceci\programming\myprograms\opengl\opengl tasks\mckesson\tutorial 0.3.8\glsdk\glm\glm\core\type_vec4.hpp(51): warning C4201: nonstandard extension used : nameless struct/union
                 e:\ceci\programming\myprograms\opengl\opengl tasks\mckesson\tutorial 0.3.8\glsdk\glm\glm\core\func_common.inl(1344) : see reference to class template instantiation 'glm::detail::tvec4<T>' being compiled
                 with
                 [
                     T=glm::core::type::precision::mediump_float
                 ]
     1>e:\ceci\programming\myprograms\opengl\opengl tasks\mckesson\tutorial 0.3.8\glsdk\glm\glm\core\type_vec4.hpp(52): warning C4201: nonstandard extension used : nameless struct/union
     1>e:\ceci\programming\myprograms\opengl\opengl tasks\mckesson\tutorial 0.3.8\glsdk\glm\glm\core\type_vec4.hpp(53): warning C4201: nonstandard extension used : nameless struct/union
     1>e:\ceci\programming\myprograms\opengl\opengl tasks\mckesson\tutorial 0.3.8\glsdk\glm\glm\core\type_vec2.hpp(51): warning C4201: nonstandard extension used : nameless struct/union
                 e:\ceci\programming\myprograms\opengl\opengl tasks\mckesson\tutorial 0.3.8\glsdk\glm\glm\core\func_common.inl(1366) : see reference to class template instantiation 'glm::detail::tvec2<T>' being compiled
                 with
                 [
                     T=glm::core::type::precision::mediump_uint
                 ]
     1>e:\ceci\programming\myprograms\opengl\opengl tasks\mckesson\tutorial 0.3.8\glsdk\glm\glm\core\type_vec2.hpp(52): warning C4201: nonstandard extension used : nameless struct/union
     1>e:\ceci\programming\myprograms\opengl\opengl tasks\mckesson\tutorial 0.3.8\glsdk\glm\glm\core\type_vec2.hpp(53): warning C4201: nonstandard extension used : nameless struct/union
     1>e:\ceci\programming\myprograms\opengl\opengl tasks\mckesson\tutorial 0.3.8\glsdk\glm\glm\core\type_vec3.hpp(51): warning C4201: nonstandard extension used : nameless struct/union
                 e:\ceci\programming\myprograms\opengl\opengl tasks\mckesson\tutorial 0.3.8\glsdk\glm\glm\core\func_common.inl(1376) : see reference to class template instantiation 'glm::detail::tvec3<T>' being compiled
                 with
                 [
                     T=glm::core::type::precision::mediump_uint
                 ]
     1>e:\ceci\programming\myprograms\opengl\opengl tasks\mckesson\tutorial 0.3.8\glsdk\glm\glm\core\type_vec3.hpp(52): warning C4201: nonstandard extension used : nameless struct/union
     1>e:\ceci\programming\myprograms\opengl\opengl tasks\mckesson\tutorial 0.3.8\glsdk\glm\glm\core\type_vec3.hpp(53): warning C4201: nonstandard extension used : nameless struct/union
     1>e:\ceci\programming\myprograms\opengl\opengl tasks\mckesson\tutorial 0.3.8\glsdk\glm\glm\core\type_vec4.hpp(51): warning C4201: nonstandard extension used : nameless struct/union
                 e:\ceci\programming\myprograms\opengl\opengl tasks\mckesson\tutorial 0.3.8\glsdk\glm\glm\core\func_common.inl(1387) : see reference to class template instantiation 'glm::detail::tvec4<T>' being compiled
                 with
                 [
                     T=glm::core::type::precision::mediump_uint
                 ]
     1>e:\ceci\programming\myprograms\opengl\opengl tasks\mckesson\tutorial 0.3.8\glsdk\glm\glm\core\type_vec4.hpp(52): warning C4201: nonstandard extension used : nameless struct/union
     1>e:\ceci\programming\myprograms\opengl\opengl tasks\mckesson\tutorial 0.3.8\glsdk\glm\glm\core\type_vec4.hpp(53): warning C4201: nonstandard extension used : nameless struct/union
     1>e:\ceci\programming\myprograms\opengl\opengl tasks\mckesson\tutorial 0.3.8\glsdk\glm\glm\core\type_vec2.hpp(51): warning C4201: nonstandard extension used : nameless struct/union
                 e:\ceci\programming\myprograms\opengl\opengl tasks\mckesson\tutorial 0.3.8\glsdk\glm\glm\core\func_packing.inl(133) : see reference to class template instantiation 'glm::detail::tvec2<T>' being compiled
                 with
                 [
                     T=glm::core::type::precision::lowp_int
                 ]
     1>e:\ceci\programming\myprograms\opengl\opengl tasks\mckesson\tutorial 0.3.8\glsdk\glm\glm\core\type_vec2.hpp(52): warning C4201: nonstandard extension used : nameless struct/union
     1>e:\ceci\programming\myprograms\opengl\opengl tasks\mckesson\tutorial 0.3.8\glsdk\glm\glm\core\type_vec2.hpp(53): warning C4201: nonstandard extension used : nameless struct/union
         StreamBuffer.cpp
         VertexFormat.cpp
       Lib:
         C:\Program Files (x86)\Microsoft Visual Studio 10.0\VC\bin\Lib.exe /OUT:"lib\glmesh.lib" /NOLOGO /LTCG Release\Draw.obj
         Release\GenHelper.obj
         Release\Mesh.obj
         Release\Quadrics.obj
         Release\StreamBuffer.obj
         Release\VertexFormat.obj
         glmesh.vcxproj -> E:\CECI\Programming\MyPrograms\OpenGL\OpenGL Tasks\McKesson\Tutorial 0.3.8\glsdk\glmesh\lib\glmesh.lib
       FinalizeBuildStatus:
         Deleting file "Release\glmesh.unsuccessfulbuild".
         Touching "Release\glmesh.lastbuildstate".
     1>Done Building Project "E:\CECI\Programming\MyPrograms\OpenGL\OpenGL Tasks\McKesson\Tutorial 0.3.8\glsdk\glmesh\glmesh.vcxproj" (rebuild target(s)).

Build succeeded.

Time Elapsed 00:00:02.82
