Build started 14.9.2012 г. 20:21:40 ч..
     1>Project "E:\CECI\TheGame\Source\StarGame\Universe\Universe.vcxproj" on node 4 (rebuild target(s)).
     1>_PrepareForClean:
         Deleting file "Release\Universe.lastbuildstate".
       InitializeBuildStatus:
         Creating "Release\Universe.unsuccessfulbuild" because "AlwaysCreate" was specified.
       ClCompile:
         C:\Program Files (x86)\Microsoft Visual Studio 10.0\VC\bin\CL.exe /c /I../freetype/include /Zi /nologo /W3 /WX- /O2 /Oi /Oy- /GL /D WIN32 /D NDEBUG /D _LIB /D _UNICODE /D UNICODE /Gm- /EHsc /MD /GS /Gy /fp:precise /Zc:wchar_t /Zc:forScope /Yc"StdAfx.h" /Fp"Release\Universe.pch" /Fo"Release\\" /Fd"Release\vc100.pdb" /Gd /TP /analyze- /errorReport:prompt stdafx.cpp
         stdafx.cpp
         C:\Program Files (x86)\Microsoft Visual Studio 10.0\VC\bin\CL.exe /c /I../freetype/include /Zi /nologo /W3 /WX- /O2 /Oi /Oy- /GL /D WIN32 /D NDEBUG /D _LIB /D _UNICODE /D UNICODE /Gm- /EHsc /MD /GS /Gy /fp:precise /Zc:wchar_t /Zc:forScope /Yu"StdAfx.h" /Fp"Release\Universe.pch" /Fo"Release\\" /Fd"Release\vc100.pdb" /Gd /TP /analyze- /errorReport:prompt Universe.cpp
         Universe.cpp
       Lib:
         C:\Program Files (x86)\Microsoft Visual Studio 10.0\VC\bin\Lib.exe /OUT:"E:\CECI\TheGame\Source\StarGame\Release\Universe.lib" /NOLOGO /LTCG Release\stdafx.obj
         Release\Universe.obj
         Universe.vcxproj -> E:\CECI\TheGame\Source\StarGame\Release\Universe.lib
       FinalizeBuildStatus:
         Deleting file "Release\Universe.unsuccessfulbuild".
         Touching "Release\Universe.lastbuildstate".
     1>Done Building Project "E:\CECI\TheGame\Source\StarGame\Universe\Universe.vcxproj" (rebuild target(s)).

Build succeeded.

Time Elapsed 00:00:01.28
