E:\CECI\THEGAME\SOURCE\STARGAME\RELEASE\UNIVERSE.DLL
E:\CECI\TheGame\Source\StarGame\Release\Universe.exp
E:\CECI\TheGame\Source\StarGame\Release\Universe.lib
E:\CECI\THEGAME\SOURCE\STARGAME\RELEASE\UNIVERSE.PDB
E:\CECI\TheGame\Source\StarGame\Universe\Release\cl.command.1.tlog
E:\CECI\TheGame\Source\StarGame\Universe\Release\CL.read.1.tlog
E:\CECI\TheGame\Source\StarGame\Universe\Release\CL.write.1.tlog
E:\CECI\THEGAME\SOURCE\STARGAME\UNIVERSE\RELEASE\DLLMAIN.OBJ
E:\CECI\TheGame\Source\StarGame\Universe\Release\link.command.1.tlog
E:\CECI\TheGame\Source\StarGame\Universe\Release\link.read.1.tlog
E:\CECI\TheGame\Source\StarGame\Universe\Release\link.write.1.tlog
E:\CECI\TheGame\Source\StarGame\Universe\Release\mt.command.1.tlog
E:\CECI\TheGame\Source\StarGame\Universe\Release\mt.read.1.tlog
E:\CECI\TheGame\Source\StarGame\Universe\Release\mt.write.1.tlog
E:\CECI\THEGAME\SOURCE\STARGAME\UNIVERSE\RELEASE\STDAFX.OBJ
E:\CECI\THEGAME\SOURCE\STARGAME\UNIVERSE\RELEASE\UNIVERSE.DLL.INTERMEDIATE.MANIFEST
E:\CECI\THEGAME\SOURCE\STARGAME\UNIVERSE\RELEASE\UNIVERSE.OBJ
E:\CECI\THEGAME\SOURCE\STARGAME\UNIVERSE\RELEASE\UNIVERSE.PCH
E:\CECI\TheGame\Source\StarGame\Universe\Release\Universe.write.1.tlog
E:\CECI\THEGAME\SOURCE\STARGAME\UNIVERSE\RELEASE\VC100.PDB
