Build started 16.10.2012 г. 18:44:49 ч..
     1>Project "E:\CECI\TheGame\Source\StarGame\framework\framework.vcxproj" on node 3 (build target(s)).
     1>InitializeBuildStatus:
         Creating "lib\Release\framework.unsuccessfulbuild" because "AlwaysCreate" was specified.
       ClCompile:
         C:\Program Files (x86)\Microsoft Visual Studio 10.0\VC\bin\CL.exe /c /I..\freetype\include /I..\glsdk\glload\include /I..\glsdk\glimg\include /I..\glsdk\glm /I..\glsdk\glutil\include /I..\glsdk\glmesh\include /I..\glsdk\freeglut\include /nologo /W4 /WX- /O2 /Oy /GL /D _CRT_SECURE_NO_WARNINGS /D _CRT_SECURE_NO_DEPRECATE /D _SCL_SECURE_NO_WARNINGS /D TIXML_USE_STL /D FREEGLUT_STATIC /D WIN32 /D _LIB /D FREEGLUT_LIB_PRAGMAS=0 /D RELEASE /D NDEBUG /D _MBCS /GF /Gm- /EHsc /MD /GS /Gy /fp:precise /Zc:wchar_t /Zc:forScope /Fo"lib\Release\\" /Fd"lib\Release\vc100.pdb" /Gd /TP /analyze- /errorReport:prompt EventSystem.cpp
         EventSystem.cpp
       Lib:
         C:\Program Files (x86)\Microsoft Visual Studio 10.0\VC\bin\Lib.exe /OUT:"lib\framework.lib" /NOLOGO /LTCG lib\Release\EventSystem.obj
         lib\Release\framework.obj
         lib\Release\Mesh.obj
         lib\Release\Scene.obj
         lib\Release\Text.obj
         lib\Release\Timer.obj
         lib\Release\Utility.obj
         framework.vcxproj -> E:\CECI\TheGame\Source\StarGame\framework\lib\framework.lib
       FinalizeBuildStatus:
         Deleting file "lib\Release\framework.unsuccessfulbuild".
         Touching "lib\Release\framework.lastbuildstate".
     1>Done Building Project "E:\CECI\TheGame\Source\StarGame\framework\framework.vcxproj" (build target(s)).

Build succeeded.

Time Elapsed 00:00:00.47
